--------------------------------------------------------------------------------
angles               : True
bonds                : True
chirals              : True
delete_cache         : True
dihedrals            : True
exclude_hydrogens    : False
exclude_non_protein  : False
exclude_water        : True
filename             : 2q9e.updated_refine_001.pdb.geo
ignore_cache         : False
nonbonds             : False
only_hydrogens       : False
only_water           : False
parallelitys         : False
planes               : False
quiet                : False
use_cache            : True
--------------------------------------------------------------------------------
processed bond : 0.3
processed angle : 0.6
processed dihedral : 0.6
LOADED ['chirality', 'angle', 'dihedral', 'bond']
Time to parse 0.65

RMS results for model

RMS(D/Z)
             d-all          d-none         d-alt          z-all          z-none         z-alt          
  bond       0.009( 8116)   0.009( 8116)   0.000(    0)   0.371( 8116)   0.371( 8116)   0.000(    0)
  angle      0.964(14654)   0.964(14654)   0.000(    0)   0.436(14654)   0.436(14654)   0.000(    0)
  dihedral  10.762( 3199)  10.762( 3199)   0.000(    0)   0.744( 3199)   0.744( 3199)   0.000(    0)

Selecting bonds        Time to select bonds        : 0.07s
Selecting angles       Time to select angles       : 0.21s
Selecting dihedrals    Time to select dihedrals    : 0.07s

RMS results for selection

RMS(D/Z)
             d-all          d-none         d-alt          z-all          z-none         z-alt          
  bond       0.008(    9)   0.008(    9)   0.000(    0)   0.403(    9)   0.403(    9)   0.000(    0)
  angle      1.563(   27)   1.563(   27)   0.000(    0)   0.521(   27)   0.521(   27)   0.000(    0)
  dihedral  10.608(    6)  10.608(    6)   0.000(    0)   0.177(    6)   0.177(    6)   0.000(    0)

----- bonds ----- bonds ----- bonds ----- bonds ----- bonds ----- bonds 
   1 " N1  MTN A 844 " - " O1  MTN A 844 " [ 1.258, 1.276, -0.018, 2.00e-02, 2.50e+03, 8.04e-01] Z= -0.90
   2 " C5  MTN B 844 " - " N1  MTN B 844 " [ 1.480, 1.469,  0.011, 2.00e-02, 2.50e+03, 3.27e-01] Z=  0.55
   3 " C1  MTN C 844 " - " N1  MTN C 844 " [ 1.477, 1.486, -0.009, 2.00e-02, 2.50e+03, 1.85e-01] Z= -0.45
   4 " C5  MTN A 844 " - " N1  MTN A 844 " [ 1.480, 1.484, -0.004, 2.00e-02, 2.50e+03, 3.63e-02] Z= -0.20
   5 " C5  MTN C 844 " - " N1  MTN C 844 " [ 1.480, 1.484, -0.004, 2.00e-02, 2.50e+03, 3.31e-02] Z= -0.20
   6 " C1  MTN A 844 " - " N1  MTN A 844 " [ 1.477, 1.474,  0.003, 2.00e-02, 2.50e+03, 2.34e-02] Z=  0.15
   7 " N1  MTN C 844 " - " O1  MTN C 844 " [ 1.258, 1.261, -0.003, 2.00e-02, 2.50e+03, 2.01e-02] Z= -0.15
   8 " N1  MTN B 844 " - " O1  MTN B 844 " [ 1.258, 1.255,  0.003, 2.00e-02, 2.50e+03, 1.66e-02] Z=  0.15
   9 " C1  MTN B 844 " - " N1  MTN B 844 " [ 1.477, 1.477, -0.000, 2.00e-02, 2.50e+03, 5.37e-05] Z= -0.00
---- angles ---- angles ---- angles ---- angles ---- angles ---- angles 
   1 " C9  MTN A 844 " - " C1  MTN A 844 " - " N1  MTN A 844 " [ 109.97, 113.85, -3.88, 3.00, 0.111, 1.68e+00] Z= -1.29
   2 " C7  MTN B 844 " - " C5  MTN B 844 " - " N1  MTN B 844 " [ 109.16, 105.94,  3.22, 3.00, 0.111, 1.15e+00] Z=  1.07
   3 " C7  MTN A 844 " - " C5  MTN A 844 " - " N1  MTN A 844 " [ 109.16, 106.38,  2.78, 3.00, 0.111, 8.57e-01] Z=  0.93
   4 " C5  MTN B 844 " - " N1  MTN B 844 " - " O1  MTN B 844 " [ 122.20, 119.54,  2.66, 3.00, 0.111, 7.87e-01] Z=  0.89
   5 " C8  MTN A 844 " - " C1  MTN A 844 " - " N1  MTN A 844 " [ 109.60, 107.10,  2.50, 3.00, 0.111, 6.96e-01] Z=  0.83
   6 " C8  MTN B 844 " - " C1  MTN B 844 " - " N1  MTN B 844 " [ 109.60, 111.76, -2.16, 3.00, 0.111, 5.18e-01] Z= -0.72
   7 " C1  MTN B 844 " - " N1  MTN B 844 " - " O1  MTN B 844 " [ 122.58, 124.63, -2.05, 3.00, 0.111, 4.65e-01] Z= -0.68
   8 " C6  MTN B 844 " - " C5  MTN B 844 " - " N1  MTN B 844 " [ 108.85, 110.22, -1.37, 3.00, 0.111, 2.08e-01] Z= -0.46
   9 " C3  MTN A 844 " - " C5  MTN A 844 " - " N1  MTN A 844 " [  99.93, 101.23, -1.30, 3.00, 0.111, 1.88e-01] Z= -0.43
  10 " C2  MTN A 844 " - " C1  MTN A 844 " - " N1  MTN A 844 " [  99.99, 101.20, -1.21, 3.00, 0.111, 1.63e-01] Z= -0.40
  11 " C1  MTN A 844 " - " N1  MTN A 844 " - " O1  MTN A 844 " [ 122.58, 121.57,  1.01, 3.00, 0.111, 1.13e-01] Z=  0.34
  12 " C1  MTN A 844 " - " N1  MTN A 844 " - " C5  MTN A 844 " [ 114.61, 113.69,  0.92, 3.00, 0.111, 9.39e-02] Z=  0.31
  13 " C1  MTN C 844 " - " N1  MTN C 844 " - " O1  MTN C 844 " [ 122.58, 123.47, -0.89, 3.00, 0.111, 8.83e-02] Z= -0.30
  14 " C6  MTN C 844 " - " C5  MTN C 844 " - " N1  MTN C 844 " [ 108.85, 109.69, -0.84, 3.00, 0.111, 7.86e-02] Z= -0.28
  15 " C5  MTN C 844 " - " N1  MTN C 844 " - " O1  MTN C 844 " [ 122.20, 121.37,  0.83, 3.00, 0.111, 7.71e-02] Z=  0.28
  16 " C9  MTN C 844 " - " C1  MTN C 844 " - " N1  MTN C 844 " [ 109.97, 110.67, -0.70, 3.00, 0.111, 5.44e-02] Z= -0.23
  17 " C2  MTN B 844 " - " C1  MTN B 844 " - " N1  MTN B 844 " [  99.99,  99.37,  0.62, 3.00, 0.111, 4.28e-02] Z=  0.21
  18 " C7  MTN C 844 " - " C5  MTN C 844 " - " N1  MTN C 844 " [ 109.16, 109.63, -0.47, 3.00, 0.111, 2.43e-02] Z= -0.16
  19 " C1  MTN B 844 " - " N1  MTN B 844 " - " C5  MTN B 844 " [ 114.61, 115.05, -0.44, 3.00, 0.111, 2.13e-02] Z= -0.15
  20 " C1  MTN C 844 " - " N1  MTN C 844 " - " C5  MTN C 844 " [ 114.61, 114.91, -0.30, 3.00, 0.111, 1.01e-02] Z= -0.10
  21 " C9  MTN B 844 " - " C1  MTN B 844 " - " N1  MTN B 844 " [ 109.97, 109.68,  0.29, 3.00, 0.111, 9.43e-03] Z=  0.10
  22 " C6  MTN A 844 " - " C5  MTN A 844 " - " N1  MTN A 844 " [ 108.85, 109.05, -0.20, 3.00, 0.111, 4.55e-03] Z= -0.07
  23 " C3  MTN B 844 " - " C5  MTN B 844 " - " N1  MTN B 844 " [  99.93, 100.11, -0.18, 3.00, 0.111, 3.42e-03] Z= -0.06
  24 " C3  MTN C 844 " - " C5  MTN C 844 " - " N1  MTN C 844 " [  99.93, 100.00, -0.07, 3.00, 0.111, 5.81e-04] Z= -0.02
  25 " C5  MTN A 844 " - " N1  MTN A 844 " - " O1  MTN A 844 " [ 122.20, 122.18,  0.02, 3.00, 0.111, 5.22e-05] Z=  0.01
  26 " C8  MTN C 844 " - " C1  MTN C 844 " - " N1  MTN C 844 " [ 109.60, 109.60,  0.00, 3.00, 0.111, 4.31e-07] Z=  0.00
  27 " C2  MTN C 844 " - " C1  MTN C 844 " - " N1  MTN C 844 " [  99.99,  99.99, -0.00, 3.00, 0.111, 8.18e-10] Z= -0.00
---- dihedrals ---- dihedrals ---- dihedrals ---- dihedrals ---- dihedrals ---- dihedrals 
   1 " C3  MTN A 844 " - " C5  MTN A 844 " - " N1  MTN A 844 " - " O1  MTN A 844 " [  180.00,  164.18,   15.82,  1,   60.00, 2.78e-04,    0.10]
   2 " C2  MTN A 844 " - " C1  MTN A 844 " - " N1  MTN A 844 " - " O1  MTN A 844 " [  180.00, -165.72,  -14.28,  1,   60.00, 2.78e-04,    0.08]
   3 " C2  MTN B 844 " - " C1  MTN B 844 " - " N1  MTN B 844 " - " O1  MTN B 844 " [ -180.00, -171.22,   -8.78,  1,   60.00, 2.78e-04,    0.03]
   4 " C3  MTN B 844 " - " C5  MTN B 844 " - " N1  MTN B 844 " - " O1  MTN B 844 " [  180.00,  172.13,    7.87,  1,   60.00, 2.78e-04,    0.03]
   5 " C2  MTN C 844 " - " C1  MTN C 844 " - " N1  MTN C 844 " - " O1  MTN C 844 " [  180.00,  173.25,    6.75,  1,   60.00, 2.78e-04,    0.02]
   6 " C3  MTN C 844 " - " C5  MTN C 844 " - " N1  MTN C 844 " - " O1  MTN C 844 " [ -180.00, -173.97,   -6.03,  1,   60.00, 2.78e-04,    0.01]
---- chirals ---- chirals ---- chirals ---- chirals ---- chirals ---- chirals 
  None
