
============================== Collecting inputs ==============================


                   ----------Processing PDB file(s)----------                  


  Symmetric amino acids flipped
    Residue "C TYR   18": "CD1" <-> "CD2" "CE1" <-> "CE2"
  Time to flip residues: 0.00s

  Monomer Library directory:
    "/home/liuyoujia/phenix-dev-4176/modules/chem_data/mon_lib"
  Total number of atoms: 4383
  Number of models: 1
  Model: ""
    Number of chains: 9
    Chain: "A"
      Number of atoms: 1306
      Number of conformers: 1
      Conformer: ""
        Number of residues, atoms: 164, 1306
          Classifications: {'peptide': 164}
          Modifications used: {'COO': 1}
          Link IDs: {'PTRANS': 3, 'TRANS': 160}
    Chain: "B"
      Number of atoms: 1306
      Number of conformers: 1
      Conformer: ""
        Number of residues, atoms: 164, 1306
          Classifications: {'peptide': 164}
          Modifications used: {'COO': 1}
          Link IDs: {'PTRANS': 3, 'TRANS': 160}
    Chain: "C"
      Number of atoms: 1306
      Number of conformers: 1
      Conformer: ""
        Number of residues, atoms: 164, 1306
          Classifications: {'peptide': 164}
          Modifications used: {'COO': 1}
          Link IDs: {'PTRANS': 3, 'TRANS': 160}
    Chain: "A"
      Number of atoms: 20
      Number of conformers: 1
      Conformer: ""
        Number of residues, atoms: 2, 20
          Unusual residues: {'HED': 1, 'MTN': 1}
          Classifications: {'undetermined': 2}
          Link IDs: {None: 1}
          Unresolved non-hydrogen bonds: 4
          Unresolved non-hydrogen angles: 7
    Chain: "B"
      Number of atoms: 28
      Number of conformers: 1
      Conformer: ""
        Number of residues, atoms: 3, 28
          Unusual residues: {'HED': 2, 'MTN': 1}
          Classifications: {'undetermined': 3}
          Link IDs: {None: 2}
          Unresolved non-hydrogen bonds: 4
          Unresolved non-hydrogen angles: 7
    Chain: "C"
      Number of atoms: 12
      Number of conformers: 1
      Conformer: ""
        Number of residues, atoms: 1, 12
          Unusual residues: {'MTN': 1}
          Classifications: {'undetermined': 1}
          Unresolved non-hydrogen bonds: 4
          Unresolved non-hydrogen angles: 7
    Chain: "A"
      Number of atoms: 151
      Number of conformers: 1
      Conformer: ""
        Number of residues, atoms: 151, 151
          Classifications: {'water': 151}
          Link IDs: {None: 150}
    Chain: "B"
      Number of atoms: 130
      Number of conformers: 1
      Conformer: ""
        Number of residues, atoms: 130, 130
          Classifications: {'water': 130}
          Link IDs: {None: 129}
    Chain: "C"
      Number of atoms: 124
      Number of conformers: 1
      Conformer: ""
        Number of residues, atoms: 124, 124
          Classifications: {'water': 124}
          Link IDs: {None: 123}
  Residues with excluded nonbonded symmetry interactions: 1
    residue:
      pdb=" C1  MTN C 844 " occ=0.50
      ... (10 atoms not shown)
      pdb=" S1  MTN C 844 " occ=0.50
  Time building chain proxies: 0.63, per 1000 atoms: 0.14
  Number of scatterers: 4383
  At special positions: 0
  Unit cell: (57.989, 67.14, 165.919, 90, 90, 90)
  Space group: P 21 21 21 (No. 19)
  Number of sites at special positions: 0
  Number of scattering types: 4
    Type Number    sf(0)
     S      27     16.00
     O    1134      8.00
     N     714      7.00
     C    2508      6.00
    sf(0) = scattering factor at diffraction angle 0.

  Number of disulfides: simple=0, symmetry=0
  Custom bonds:
    Warning: Ignoring bond with distance_ideal = None:
      atom_selection_1 = None
      atom_selection_2 = None
    Total number of added/changed bonds: 0
  Custom angles:
    Warning: Ignoring angle with angle_ideal = None:
      atom_selection_1 = None
      atom_selection_2 = None
      atom_selection_3 = None
    Total number of new custom angles: 0
    Total number of changed angles: 0
  Custom dihedrals:
    Warning: Ignoring dihedral with angle_ideal = None:
      atom_selection_1 = None
      atom_selection_2 = None
      atom_selection_3 = None
      atom_selection_4 = None
    Total number of custom dihedrals: 0
  Custom planarities:
    Warning: Ignoring planarity with with sigma <= 0:
      atom_selection = None
None
    Total number of custom planarities: 0
  Custom parallelities:
Warning: Ignoring parallelity with empty atom selection.
    Total number of custom parallelities: 0
  Custom bonds:
    Warning: Ignoring bond with distance_ideal = None:
      atom_selection_1 = None
      atom_selection_2 = None
    Total number of added/changed bonds: 0
  Custom angles:
    Warning: Ignoring angle with angle_ideal = None:
      atom_selection_1 = None
      atom_selection_2 = None
      atom_selection_3 = None
    Total number of new custom angles: 0
    Total number of changed angles: 0
  Custom dihedrals:
    Warning: Ignoring dihedral with angle_ideal = None:
      atom_selection_1 = None
      atom_selection_2 = None
      atom_selection_3 = None
      atom_selection_4 = None
    Total number of custom dihedrals: 0
  Custom planarities:
    Warning: Ignoring planarity with with sigma <= 0:
      atom_selection = None
None
    Total number of custom planarities: 0
  Custom parallelities:
Warning: Ignoring parallelity with empty atom selection.
    Total number of custom parallelities: 0

  Automatic linking
    Parameters for automatic linking
      Linking & cutoffs
        Metal                : Auto  - 3.50
        Amimo acid           : False - 1.90
        Carbohydrate         : True  - 1.99
        Ligands              : True  - 1.99
        Small molecules      : False - 1.98
        Amino acid - RNA/DNA : False
      
  Number of custom bonds: simple=3, symmetry=0
  Number of additional bonds: simple=3, symmetry=0
  Coordination:
  Other bonds:
  Time building additional restraints: 0.39
  Adding C-beta torsion restraints...
  Number of C-beta restraints generated:  918

  Time building geometry restraints manager: 0.45 seconds

  NOTE: a complete listing of the restraints can be obtained by requesting
        output of .geo file.

  Histogram of bond lengths:
        1.18 -     1.35: 1316
        1.35 -     1.52: 1657
        1.52 -     1.70: 1017
        1.70 -     1.87: 41
        1.87 -     2.04: 4
  Bond restraints: 4035
  Sorted by residual:
  bond pdb=" C3  MTN A 844 "
       pdb=" C4  MTN A 844 "
    ideal  model  delta    sigma   weight residual
    1.487  1.590 -0.103 2.00e-02 2.50e+03 2.67e+01
  bond pdb=" C1  MTN B 844 "
       pdb=" N1  MTN B 844 "
    ideal  model  delta    sigma   weight residual
    1.477  1.576 -0.099 2.00e-02 2.50e+03 2.43e+01
  bond pdb=" C3  MTN C 844 "
       pdb=" C4  MTN C 844 "
    ideal  model  delta    sigma   weight residual
    1.487  1.585 -0.098 2.00e-02 2.50e+03 2.41e+01
  bond pdb=" C1  MTN C 844 "
       pdb=" N1  MTN C 844 "
    ideal  model  delta    sigma   weight residual
    1.477  1.573 -0.096 2.00e-02 2.50e+03 2.29e+01
  bond pdb=" C3  MTN B 844 "
       pdb=" C4  MTN B 844 "
    ideal  model  delta    sigma   weight residual
    1.487  1.580 -0.093 2.00e-02 2.50e+03 2.16e+01
  ... (remaining 4030 not shown)

  Histogram of bond angle deviations from ideal:
       88.22 -    97.43: 4
       97.43 -   106.64: 109
      106.64 -   115.85: 2479
      115.85 -   125.07: 2787
      125.07 -   134.28: 60
  Bond angle restraints: 5439
  Sorted by residual:
  angle pdb=" C2  HED A 900 "
        pdb=" S3  HED A 900 "
        pdb=" S4  HED A 900 "
      ideal   model   delta    sigma   weight residual
     104.20   88.22   15.98 3.00e+00 1.11e-01 2.84e+01
  angle pdb=" C2  HED B 920 "
        pdb=" S3  HED B 920 "
        pdb=" S4  HED B 920 "
      ideal   model   delta    sigma   weight residual
     104.20   91.41   12.79 3.00e+00 1.11e-01 1.82e+01
  angle pdb=" C   ILE A   9 "
        pdb=" CA  ILE A   9 "
        pdb=" CB  ILE A   9 "
      ideal   model   delta    sigma   weight residual
     111.60  105.17    6.43 2.00e+00 2.50e-01 1.03e+01
  angle pdb=" N   THR B  26 "
        pdb=" CA  THR B  26 "
        pdb=" CB  THR B  26 "
      ideal   model   delta    sigma   weight residual
     111.50  106.12    5.38 1.70e+00 3.46e-01 1.00e+01
  angle pdb=" N   SER B  38 "
        pdb=" CA  SER B  38 "
        pdb=" C   SER B  38 "
      ideal   model   delta    sigma   weight residual
     111.00  119.69   -8.69 2.80e+00 1.28e-01 9.63e+00
  ... (remaining 5434 not shown)

  Histogram of dihedral angle deviations from ideal:
        0.00 -    17.42: 2242
       17.42 -    34.84: 142
       34.84 -    52.25: 37
       52.25 -    69.67: 11
       69.67 -    87.09: 7
  Dihedral angle restraints: 2439
    sinusoidal: 1014
      harmonic: 1425
  Sorted by residual:
  dihedral pdb=" CG  ARG C   8 "
           pdb=" CD  ARG C   8 "
           pdb=" NE  ARG C   8 "
           pdb=" CZ  ARG C   8 "
      ideal   model   delta sinusoidal    sigma   weight residual
      90.00   33.36   56.64     2      1.50e+01 4.44e-03 1.49e+01
  dihedral pdb=" CB  GLU B 128 "
           pdb=" CG  GLU B 128 "
           pdb=" CD  GLU B 128 "
           pdb=" OE1 GLU B 128 "
      ideal   model   delta sinusoidal    sigma   weight residual
       0.00   87.09  -87.09     1      3.00e+01 1.11e-03 1.01e+01
  dihedral pdb=" C   LYS A 135 "
           pdb=" N   LYS A 135 "
           pdb=" CA  LYS A 135 "
           pdb=" CB  LYS A 135 "
      ideal   model   delta  harmonic     sigma   weight residual
    -122.60 -114.86   -7.74     0      2.50e+00 1.60e-01 9.59e+00
  ... (remaining 2436 not shown)

  Histogram of chiral volume deviations from ideal:
       0.000 -    0.077: 285
       0.077 -    0.154: 224
       0.154 -    0.231: 71
       0.231 -    0.308: 17
       0.308 -    0.385: 3
  Chirality restraints: 600
  Sorted by residual:
  chirality pdb=" CA  PRO A 143 "
            pdb=" N   PRO A 143 "
            pdb=" C   PRO A 143 "
            pdb=" CB  PRO A 143 "
    both_signs  ideal   model   delta    sigma   weight residual
      False      2.72    2.33    0.38 2.00e-01 2.50e+01 3.70e+00
  chirality pdb=" CA  MET A 106 "
            pdb=" N   MET A 106 "
            pdb=" C   MET A 106 "
            pdb=" CB  MET A 106 "
    both_signs  ideal   model   delta    sigma   weight residual
      False      2.51    2.18    0.33 2.00e-01 2.50e+01 2.69e+00
  chirality pdb=" CA  PRO B 143 "
            pdb=" N   PRO B 143 "
            pdb=" C   PRO B 143 "
            pdb=" CB  PRO B 143 "
    both_signs  ideal   model   delta    sigma   weight residual
      False      2.72    2.40    0.32 2.00e-01 2.50e+01 2.51e+00
  ... (remaining 597 not shown)

  Planarity restraints: 693
  Sorted by residual:
                                 delta    sigma   weight rms_deltas residual
  plane pdb=" CB  TRP A 138 "    0.090 2.00e-02 2.50e+03   4.13e-02 4.27e+01
        pdb=" CG  TRP A 138 "   -0.046 2.00e-02 2.50e+03
        pdb=" CD1 TRP A 138 "   -0.037 2.00e-02 2.50e+03
        pdb=" CD2 TRP A 138 "   -0.033 2.00e-02 2.50e+03
        pdb=" NE1 TRP A 138 "    0.006 2.00e-02 2.50e+03
        pdb=" CE2 TRP A 138 "    0.007 2.00e-02 2.50e+03
        pdb=" CE3 TRP A 138 "   -0.043 2.00e-02 2.50e+03
        pdb=" CZ2 TRP A 138 "    0.038 2.00e-02 2.50e+03
        pdb=" CZ3 TRP A 138 "   -0.011 2.00e-02 2.50e+03
        pdb=" CH2 TRP A 138 "    0.029 2.00e-02 2.50e+03
                                 delta    sigma   weight rms_deltas residual
  plane pdb=" CB  TYR C  25 "   -0.073 2.00e-02 2.50e+03   3.81e-02 2.90e+01
        pdb=" CG  TYR C  25 "    0.033 2.00e-02 2.50e+03
        pdb=" CD1 TYR C  25 "    0.030 2.00e-02 2.50e+03
        pdb=" CD2 TYR C  25 "    0.031 2.00e-02 2.50e+03
        pdb=" CE1 TYR C  25 "    0.016 2.00e-02 2.50e+03
        pdb=" CE2 TYR C  25 "    0.014 2.00e-02 2.50e+03
        pdb=" CZ  TYR C  25 "    0.002 2.00e-02 2.50e+03
        pdb=" OH  TYR C  25 "   -0.054 2.00e-02 2.50e+03
                                 delta    sigma   weight rms_deltas residual
  plane pdb=" CB  TYR A  88 "    0.067 2.00e-02 2.50e+03   3.41e-02 2.33e+01
        pdb=" CG  TYR A  88 "   -0.035 2.00e-02 2.50e+03
        pdb=" CD1 TYR A  88 "   -0.030 2.00e-02 2.50e+03
        pdb=" CD2 TYR A  88 "   -0.032 2.00e-02 2.50e+03
        pdb=" CE1 TYR A  88 "   -0.009 2.00e-02 2.50e+03
        pdb=" CE2 TYR A  88 "   -0.006 2.00e-02 2.50e+03
        pdb=" CZ  TYR A  88 "    0.008 2.00e-02 2.50e+03
        pdb=" OH  TYR A  88 "    0.038 2.00e-02 2.50e+03
  ... (remaining 690 not shown)

  Histogram of nonbonded interaction distances:
        2.27 -     2.80: 1347
        2.80 -     3.32: 4811
        3.32 -     3.85: 8882
        3.85 -     4.37: 11105
        4.37 -     4.90: 15952
  Nonbonded interactions: 42097
  Sorted by model distance:
  nonbonded pdb=" O   HOH C 207 "
            pdb=" O   HOH C 227 "
     model   vdw
     2.269 2.440
  nonbonded pdb=" O   HOH B 922 "
            pdb=" O   HOH B 955 "
     model   vdw
     2.277 2.440
  nonbonded pdb=" O   HOH A 913 "
            pdb=" O   HOH A1051 "
     model   vdw
     2.281 2.440
  nonbonded pdb=" O   HOH C 275 "
            pdb=" O   HOH C 282 "
     model   vdw
     2.283 2.440
  nonbonded pdb=" O   HOH C 235 "
            pdb=" O   HOH C 287 "
     model   vdw
     2.300 2.440
  ... (remaining 42092 not shown)

  NOTE: a complete listing of the restraints can be obtained by requesting
        output of .geo file.

End of input processing

  Symmetric amino acids flipped
    Residue "C TYR   18": "CD1" <-> "CD2" "CE1" <-> "CE2"
  Time to flip residues: 0.00s

  Monomer Library directory:
    "/home/liuyoujia/phenix-dev-4176/modules/chem_data/mon_lib"
  Total number of atoms: 4383
  Number of models: 1
  Model: ""
    Number of chains: 9
    Chain: "A"
      Number of atoms: 1306
      Number of conformers: 1
      Conformer: ""
        Number of residues, atoms: 164, 1306
          Classifications: {'peptide': 164}
          Modifications used: {'COO': 1}
          Link IDs: {'PTRANS': 3, 'TRANS': 160}
    Chain: "B"
      Number of atoms: 1306
      Number of conformers: 1
      Conformer: ""
        Number of residues, atoms: 164, 1306
          Classifications: {'peptide': 164}
          Modifications used: {'COO': 1}
          Link IDs: {'PTRANS': 3, 'TRANS': 160}
    Chain: "C"
      Number of atoms: 1306
      Number of conformers: 1
      Conformer: ""
        Number of residues, atoms: 164, 1306
          Classifications: {'peptide': 164}
          Modifications used: {'COO': 1}
          Link IDs: {'PTRANS': 3, 'TRANS': 160}
    Chain: "A"
      Number of atoms: 20
      Number of conformers: 1
      Conformer: ""
        Number of residues, atoms: 2, 20
          Unusual residues: {'HED': 1, 'MTN': 1}
          Classifications: {'undetermined': 2}
          Link IDs: {None: 1}
          Unresolved non-hydrogen bonds: 4
          Unresolved non-hydrogen angles: 7
    Chain: "B"
      Number of atoms: 28
      Number of conformers: 1
      Conformer: ""
        Number of residues, atoms: 3, 28
          Unusual residues: {'HED': 2, 'MTN': 1}
          Classifications: {'undetermined': 3}
          Link IDs: {None: 2}
          Unresolved non-hydrogen bonds: 4
          Unresolved non-hydrogen angles: 7
    Chain: "C"
      Number of atoms: 12
      Number of conformers: 1
      Conformer: ""
        Number of residues, atoms: 1, 12
          Unusual residues: {'MTN': 1}
          Classifications: {'undetermined': 1}
          Unresolved non-hydrogen bonds: 4
          Unresolved non-hydrogen angles: 7
    Chain: "A"
      Number of atoms: 151
      Number of conformers: 1
      Conformer: ""
        Number of residues, atoms: 151, 151
          Classifications: {'water': 151}
          Link IDs: {None: 150}
    Chain: "B"
      Number of atoms: 130
      Number of conformers: 1
      Conformer: ""
        Number of residues, atoms: 130, 130
          Classifications: {'water': 130}
          Link IDs: {None: 129}
    Chain: "C"
      Number of atoms: 124
      Number of conformers: 1
      Conformer: ""
        Number of residues, atoms: 124, 124
          Classifications: {'water': 124}
          Link IDs: {None: 123}
  Residues with excluded nonbonded symmetry interactions: 1
    residue:
      pdb=" C1  MTN C 844 " occ=0.50
      ... (10 atoms not shown)
      pdb=" S1  MTN C 844 " occ=0.50
  Time building chain proxies: 0.67, per 1000 atoms: 0.15
  Number of scatterers: 4383
  At special positions: 0
  Unit cell: (57.989, 67.14, 165.919, 90, 90, 90)
  Space group: P 21 21 21 (No. 19)
  Number of sites at special positions: 0
  Number of scattering types: 4
    Type Number    sf(0)
     S      27     16.00
     O    1134      8.00
     N     714      7.00
     C    2508      6.00
    sf(0) = scattering factor at diffraction angle 0.


=============================== Model properties ==============================

   Number of:
     all atoms      : 4383
     H or D atoms   : 0
     chains         : 9
     a.a. residues  : 492
     nucleotides    : 0
     water          : 405
     other (ligands): 6
   Ligands: HED:3,MTN:3

============================= Geometry restraints =============================


                        ----------Bond lengths----------                       

  atoms                 ideal   model   delta   sigma   slack  residual   deviation
   A 844  MTN  C1     
   A 844  MTN  N1          1.48     1.56    -0.08  2.00e-02  1.68e+01   4.1*sigma
   B 844  MTN  C3     
   B 844  MTN  C4          1.49     1.58    -0.09  2.00e-02  2.16e+01   4.7*sigma
   C 844  MTN  C1     
   C 844  MTN  N1          1.48     1.57    -0.10  2.00e-02  2.29e+01   4.8*sigma
   C 844  MTN  C3     
   C 844  MTN  C4          1.49     1.59    -0.10  2.00e-02  2.41e+01   4.9*sigma
   B 844  MTN  C1     
   B 844  MTN  N1          1.48     1.58    -0.10  2.00e-02  2.43e+01   4.9*sigma
   A 844  MTN  C3     
   A 844  MTN  C4          1.49     1.59    -0.10  2.00e-02  2.67e+01   5.2*sigma

  Min. delta:    0.000 (Z=  0.000)
  Max. delta:    0.103 (Z=  5.167)
  Mean delta:    0.011 (Z=  0.559)

                        ----------Bond angles----------                        

  atoms                   ideal    model    delta   sigma  residual   deviation
   B 920  HED  C2     
   B 920  HED  S3     
   B 920  HED  S4        104.20    91.41    12.79  3.00e+00  1.82e+01   4.3*sigma
   A 900  HED  C2     
   A 900  HED  S3     
   A 900  HED  S4        104.20    88.22    15.98  3.00e+00  2.84e+01   5.3*sigma

  Min. delta:    0.000 (Z=  0.000)
  Max. delta:   15.984 (Z=  5.328)
  Mean delta:    1.414 (Z=  0.629)

                      ----------Dihedral angles----------                      

  All restrained atoms within 4.0 sigma of ideal values.

  Min. delta:    0.000
  Max. delta:   87.091
  Mean delta:   13.724

                       ----------Chiral volumes----------                      

  All restrained atoms within 4.0 sigma of ideal values.

  Min. delta:    0.000
  Max. delta:    0.385
  Mean delta:    0.110

                       ----------Planar groups----------                       

  atoms                 rms_deltas   delta_max    residual   deviation
   A 138  TRP  CB     
   A 138  TRP  CG     
   A 138  TRP  CD1    
   A 138  TRP  CD2    
   A 138  TRP  NE1    
   A 138  TRP  CE2    
   A 138  TRP  CE3    
   A 138  TRP  CZ2    
   A 138  TRP  CZ3    
   A 138  TRP  CH2           0.041       0.090       42.73   4.5*sigma

  Min. delta:    0.000
  Max. delta:    0.064
  Mean delta:    0.008

============================ Molprobity validation ============================


  Geometry Restraints Library: GeoStd + Monomer Library
  Deviations from Ideal Values.
    Bond      :  0.011   0.103   4035
    Angle     :  1.414  15.984   5439
    Chirality :  0.110   0.385    600
    Planarity :  0.008   0.064    693
    Dihedral  : 13.724  87.091   1521
    Min Nonbonded Distance : 2.269
  
  Molprobity Statistics.
    All-atom Clashscore : 10.55
    Ramachandran Plot:
      Outliers :  0.00 %
      Allowed  :  1.65 %
      Favored  : 98.35 %
    Rotamer Outliers :  1.47 %
    Cbeta Deviations :  0.00 %
    Peptide Plane:
      Cis-proline     : 0.00 %
      Cis-general     : 0.00 %
      Twisted Proline : 0.00 %
      Twisted General : 0.00 %
  
  Rama-Z (Ramachandran plot Z-score):
  Interpretation: bad |Rama-Z| > 3; suspicious 2 < |Rama-Z| < 3; good |Rama-Z| < 2.
  Scores for whole/helix/sheet/loop are scaled independently;
  therefore, the values are not related in a simple manner.
    whole: -0.38 (0.35), residues: 486
    helix: -0.06 (0.26), residues: 336
    sheet:  None (None), residues: 0
    loop : -0.37 (0.49), residues: 150

                     ----------Asn/Gln/His flips----------                     

   B 140  ASN
   A  68  ASN
   A 132  ASN
   A 144  ASN
   A 163  ASN
   B  68  ASN
   B  69  GLN
   B 141  GLN
   B 144  ASN
   C  68  ASN
   C  69  GLN
   C 141  GLN
   C 144  ASN

=================================== Summary ===================================

  Ramachandran outliers =   0.00 %
                favored =  98.35 %
  Rotamer outliers      =   1.47 %
  C-beta deviations     =     0
  Clashscore            =  10.55
  RMS(bonds)            =   0.0111
  RMS(angles)           =   1.41
  MolProbity score      =   1.67
  Resolution            =   2.10
  R-work                =   0.2020
  R-free                =   0.2500
  Refinement program    = CNS

Results written to molprobity.out
Wrote script for Coot: molprobity_coot.py
