
============================== Collecting inputs ==============================


                   ----------Processing PDB file(s)----------                  


  Symmetric amino acids flipped
    None
  Time to flip residues: 0.00s

  Monomer Library directory:
    "/home/liuyoujia/phenix-dev-4176/modules/chem_data/mon_lib"
  Total number of atoms: 2848
  Number of models: 1
  Model: ""
    Number of chains: 2
    Chain: "A"
      Number of atoms: 2635
      Number of conformers: 1
      Conformer: ""
        Number of residues, atoms: 164, 2635
          Classifications: {'peptide': 164}
          Modifications used: {'NH3': 1}
          Link IDs: {'PTRANS': 3, 'TRANS': 160}
    Chain: "A"
      Number of atoms: 213
      Number of conformers: 1
      Conformer: ""
        Number of residues, atoms: 187, 213
          Unusual residues: {'MTN': 1}
          Classifications: {'undetermined': 1, 'water': 186}
          Link IDs: {None: 186}
          Unresolved non-hydrogen bonds: 4
          Unresolved non-hydrogen angles: 7
  Time building chain proxies: 0.38, per 1000 atoms: 0.13
  Number of scatterers: 2848
  At special positions: 0
  Unit cell: (59.761, 59.761, 95.005, 90, 90, 120)
  Space group: P 32 2 1 (No. 154)
  Number of sites at special positions: 0
  Number of scattering types: 5
    Type Number    sf(0)
     S       7     16.00
     O     428      8.00
     N     239      7.00
     C     830      6.00
     H    1344      1.00
    sf(0) = scattering factor at diffraction angle 0.

  Number of disulfides: simple=0, symmetry=0
  Custom bonds:
    Warning: Ignoring bond with distance_ideal = None:
      atom_selection_1 = None
      atom_selection_2 = None
    Total number of added/changed bonds: 0
  Custom angles:
    Warning: Ignoring angle with angle_ideal = None:
      atom_selection_1 = None
      atom_selection_2 = None
      atom_selection_3 = None
    Total number of new custom angles: 0
    Total number of changed angles: 0
  Custom dihedrals:
    Warning: Ignoring dihedral with angle_ideal = None:
      atom_selection_1 = None
      atom_selection_2 = None
      atom_selection_3 = None
      atom_selection_4 = None
    Total number of custom dihedrals: 0
  Custom planarities:
    Warning: Ignoring planarity with with sigma <= 0:
      atom_selection = None
None
    Total number of custom planarities: 0
  Custom parallelities:
Warning: Ignoring parallelity with empty atom selection.
    Total number of custom parallelities: 0
  Custom bonds:
    Warning: Ignoring bond with distance_ideal = None:
      atom_selection_1 = None
      atom_selection_2 = None
    Total number of added/changed bonds: 0
  Custom angles:
    Warning: Ignoring angle with angle_ideal = None:
      atom_selection_1 = None
      atom_selection_2 = None
      atom_selection_3 = None
    Total number of new custom angles: 0
    Total number of changed angles: 0
  Custom dihedrals:
    Warning: Ignoring dihedral with angle_ideal = None:
      atom_selection_1 = None
      atom_selection_2 = None
      atom_selection_3 = None
      atom_selection_4 = None
    Total number of custom dihedrals: 0
  Custom planarities:
    Warning: Ignoring planarity with with sigma <= 0:
      atom_selection = None
None
    Total number of custom planarities: 0
  Custom parallelities:
Warning: Ignoring parallelity with empty atom selection.
    Total number of custom parallelities: 0

  Automatic linking
    Parameters for automatic linking
      Linking & cutoffs
        Metal                : Auto  - 3.50
        Amimo acid           : False - 1.90
        Carbohydrate         : True  - 1.99
        Ligands              : True  - 1.99
        Small molecules      : False - 1.98
        Amino acid - RNA/DNA : False
      
  Number of custom bonds: simple=1, symmetry=0
  Number of additional bonds: simple=1, symmetry=0
  Coordination:
  Other bonds:
  Time building additional restraints: 0.50
  Switching to conformation-dependent library
  Conformation dependent library (CDL) restraints added in 39.9 milliseconds
  
  Adding C-beta torsion restraints...
  Number of C-beta restraints generated:  306

  Time building geometry restraints manager: 0.56 seconds

  NOTE: a complete listing of the restraints can be obtained by requesting
        output of .geo file.

  Histogram of bond lengths:
        0.84 -     1.04: 1344
        1.04 -     1.25: 203
        1.25 -     1.46: 409
        1.46 -     1.66: 714
        1.66 -     1.87: 12
  Bond restraints: 2682
  Sorted by residual:
  bond pdb=" CB  CYS A 118 "
       pdb=" SG  CYS A 118 "
    ideal  model  delta    sigma   weight residual
    1.808  1.867 -0.059 3.30e-02 9.18e+02 3.15e+00
  bond pdb=" CG  ARG A 145 "
       pdb=" CD  ARG A 145 "
    ideal  model  delta    sigma   weight residual
    1.520  1.470  0.050 3.00e-02 1.11e+03 2.82e+00
  bond pdb=" CG  LYS A  48 "
       pdb=" CD  LYS A  48 "
    ideal  model  delta    sigma   weight residual
    1.520  1.568 -0.048 3.00e-02 1.11e+03 2.51e+00
  bond pdb=" SD  MET A   1 "
       pdb=" CE  MET A   1 "
    ideal  model  delta    sigma   weight residual
    1.791  1.752  0.039 2.50e-02 1.60e+03 2.45e+00
  bond pdb=" SD  MET A 120 "
       pdb=" CE  MET A 120 "
    ideal  model  delta    sigma   weight residual
    1.791  1.755  0.036 2.50e-02 1.60e+03 2.06e+00
  ... (remaining 2677 not shown)

  Histogram of bond angle deviations from ideal:
       98.05 -   105.24: 23
      105.24 -   112.43: 3082
      112.43 -   119.62: 708
      119.62 -   126.81: 1016
      126.81 -   134.00: 14
  Bond angle restraints: 4843
  Sorted by residual:
  angle pdb=" C   TYR A  25 "
        pdb=" N   THR A  26 "
        pdb=" CA  THR A  26 "
      ideal   model   delta    sigma   weight residual
     121.75  125.92   -4.17 1.73e+00 3.34e-01 5.80e+00
  angle pdb=" C   THR A  54 "
        pdb=" CA  THR A  54 "
        pdb=" CB  THR A  54 "
      ideal   model   delta    sigma   weight residual
     109.24  105.07    4.17 1.75e+00 3.27e-01 5.68e+00
  angle pdb=" CA  MET A 106 "
        pdb=" CB  MET A 106 "
        pdb=" CG  MET A 106 "
      ideal   model   delta    sigma   weight residual
     114.10  118.81   -4.71 2.00e+00 2.50e-01 5.54e+00
  angle pdb=" C   THR A 157 "
        pdb=" CA  THR A 157 "
        pdb=" CB  THR A 157 "
      ideal   model   delta    sigma   weight residual
     110.24  106.14    4.10 1.88e+00 2.83e-01 4.77e+00
  angle pdb=" C   VAL A  57 "
        pdb=" N   ILE A  58 "
        pdb=" CA  ILE A  58 "
      ideal   model   delta    sigma   weight residual
     122.92  120.00    2.92 1.44e+00 4.82e-01 4.12e+00
  ... (remaining 4838 not shown)

  Histogram of dihedral angle deviations from ideal:
        0.00 -    13.41: 954
       13.41 -    26.81: 83
       26.81 -    40.21: 15
       40.21 -    53.62: 3
       53.62 -    67.02: 5
  Dihedral angle restraints: 1060
    sinusoidal: 515
      harmonic: 545
  Sorted by residual:
  dihedral pdb=" CA  ASN A  55 "
           pdb=" C   ASN A  55 "
           pdb=" N   GLY A  56 "
           pdb=" CA  GLY A  56 "
      ideal   model   delta  harmonic     sigma   weight residual
     180.00  159.39   20.61     0      5.00e+00 4.00e-02 1.70e+01
  dihedral pdb=" CA  ARG A 125 "
           pdb=" C   ARG A 125 "
           pdb=" N   TRP A 126 "
           pdb=" CA  TRP A 126 "
      ideal   model   delta  harmonic     sigma   weight residual
    -180.00 -162.94  -17.06     0      5.00e+00 4.00e-02 1.16e+01
  dihedral pdb=" CA  ASP A  92 "
           pdb=" CB  ASP A  92 "
           pdb=" CG  ASP A  92 "
           pdb=" OD1 ASP A  92 "
      ideal   model   delta sinusoidal    sigma   weight residual
     -30.00  -85.79   55.79     1      2.00e+01 2.50e-03 1.05e+01
  ... (remaining 1057 not shown)

  Histogram of chiral volume deviations from ideal:
       0.000 -    0.032: 98
       0.032 -    0.063: 66
       0.063 -    0.095: 26
       0.095 -    0.127: 8
       0.127 -    0.158: 1
  Chirality restraints: 199
  Sorted by residual:
  chirality pdb=" CA  MET A 106 "
            pdb=" N   MET A 106 "
            pdb=" C   MET A 106 "
            pdb=" CB  MET A 106 "
    both_signs  ideal   model   delta    sigma   weight residual
      False      2.51    2.35    0.16 2.00e-01 2.50e+01 6.26e-01
  chirality pdb=" CA  ILE A  50 "
            pdb=" N   ILE A  50 "
            pdb=" C   ILE A  50 "
            pdb=" CB  ILE A  50 "
    both_signs  ideal   model   delta    sigma   weight residual
      False      2.43    2.56   -0.12 2.00e-01 2.50e+01 3.87e-01
  chirality pdb=" CA  PRO A 143 "
            pdb=" N   PRO A 143 "
            pdb=" C   PRO A 143 "
            pdb=" CB  PRO A 143 "
    both_signs  ideal   model   delta    sigma   weight residual
      False      2.72    2.60    0.12 2.00e-01 2.50e+01 3.40e-01
  ... (remaining 196 not shown)

  Planarity restraints: 391
  Sorted by residual:
                                 delta    sigma   weight rms_deltas residual
  plane pdb=" CB  TRP A 138 "    0.031 2.00e-02 2.50e+03   1.73e-02 1.20e+01
        pdb=" CG  TRP A 138 "   -0.015 2.00e-02 2.50e+03
        pdb=" CD1 TRP A 138 "   -0.009 2.00e-02 2.50e+03
        pdb=" CD2 TRP A 138 "   -0.000 2.00e-02 2.50e+03
        pdb=" NE1 TRP A 138 "   -0.013 2.00e-02 2.50e+03
        pdb=" CE2 TRP A 138 "   -0.009 2.00e-02 2.50e+03
        pdb=" CE3 TRP A 138 "    0.002 2.00e-02 2.50e+03
        pdb=" CZ2 TRP A 138 "    0.017 2.00e-02 2.50e+03
        pdb=" CZ3 TRP A 138 "   -0.009 2.00e-02 2.50e+03
        pdb=" CH2 TRP A 138 "   -0.001 2.00e-02 2.50e+03
        pdb=" HD1 TRP A 138 "   -0.002 2.00e-02 2.50e+03
        pdb=" HE1 TRP A 138 "   -0.018 2.00e-02 2.50e+03
        pdb=" HE3 TRP A 138 "    0.011 2.00e-02 2.50e+03
        pdb=" HZ2 TRP A 138 "    0.044 2.00e-02 2.50e+03
        pdb=" HZ3 TRP A 138 "   -0.022 2.00e-02 2.50e+03
        pdb=" HH2 TRP A 138 "   -0.007 2.00e-02 2.50e+03
                                 delta    sigma   weight rms_deltas residual
  plane pdb=" CB  TRP A 158 "    0.018 2.00e-02 2.50e+03   1.64e-02 1.08e+01
        pdb=" CG  TRP A 158 "   -0.008 2.00e-02 2.50e+03
        pdb=" CD1 TRP A 158 "    0.003 2.00e-02 2.50e+03
        pdb=" CD2 TRP A 158 "    0.001 2.00e-02 2.50e+03
        pdb=" NE1 TRP A 158 "   -0.006 2.00e-02 2.50e+03
        pdb=" CE2 TRP A 158 "   -0.009 2.00e-02 2.50e+03
        pdb=" CE3 TRP A 158 "   -0.014 2.00e-02 2.50e+03
        pdb=" CZ2 TRP A 158 "    0.001 2.00e-02 2.50e+03
        pdb=" CZ3 TRP A 158 "    0.012 2.00e-02 2.50e+03
        pdb=" CH2 TRP A 158 "   -0.000 2.00e-02 2.50e+03
        pdb=" HD1 TRP A 158 "    0.017 2.00e-02 2.50e+03
        pdb=" HE1 TRP A 158 "   -0.009 2.00e-02 2.50e+03
        pdb=" HE3 TRP A 158 "   -0.039 2.00e-02 2.50e+03
        pdb=" HZ2 TRP A 158 "    0.007 2.00e-02 2.50e+03
        pdb=" HZ3 TRP A 158 "    0.037 2.00e-02 2.50e+03
        pdb=" HH2 TRP A 158 "   -0.010 2.00e-02 2.50e+03
                                 delta    sigma   weight rms_deltas residual
  plane pdb=" CB  HIS A  31 "   -0.015 2.00e-02 2.50e+03   1.94e-02 8.49e+00
        pdb=" CG  HIS A  31 "    0.048 2.00e-02 2.50e+03
        pdb=" ND1 HIS A  31 "    0.002 2.00e-02 2.50e+03
        pdb=" CD2 HIS A  31 "    0.004 2.00e-02 2.50e+03
        pdb=" CE1 HIS A  31 "    0.000 2.00e-02 2.50e+03
        pdb=" NE2 HIS A  31 "   -0.015 2.00e-02 2.50e+03
        pdb=" HD1 HIS A  31 "   -0.020 2.00e-02 2.50e+03
        pdb=" HD2 HIS A  31 "   -0.012 2.00e-02 2.50e+03
        pdb=" HE1 HIS A  31 "    0.008 2.00e-02 2.50e+03
  ... (remaining 388 not shown)

  Histogram of nonbonded interaction distances:
        1.60 -     2.20: 268
        2.20 -     2.80: 5940
        2.80 -     3.40: 8932
        3.40 -     4.00: 12409
        4.00 -     4.60: 18429
  Nonbonded interactions: 45978
  Sorted by model distance:
  nonbonded pdb=" OE1 GLU A 108 "
            pdb=" H   GLU A 108 "
     model   vdw
     1.599 1.850
  nonbonded pdb="HE22 GLN A  69 "
            pdb=" O   HOH A 253 "
     model   vdw
     1.763 1.850
  nonbonded pdb="HD22 ASN A 140 "
            pdb=" O   HOH A 256 "
     model   vdw sym.op.
     1.769 1.850 x-y+1,-y+1,-z+4/3
  nonbonded pdb=" OE2 GLU A  45 "
            pdb="HD21 ASN A 132 "
     model   vdw sym.op.
     1.806 1.850 -x+y,-x+1,z+1/3
  nonbonded pdb="HE21 GLN A  69 "
            pdb=" O   HOH A 243 "
     model   vdw
     1.807 1.850
  ... (remaining 45973 not shown)

  NOTE: a complete listing of the restraints can be obtained by requesting
        output of .geo file.

End of input processing

  Symmetric amino acids flipped
    None
  Time to flip residues: 0.00s

  Monomer Library directory:
    "/home/liuyoujia/phenix-dev-4176/modules/chem_data/mon_lib"
  Total number of atoms: 2848
  Number of models: 1
  Model: ""
    Number of chains: 2
    Chain: "A"
      Number of atoms: 2635
      Number of conformers: 1
      Conformer: ""
        Number of residues, atoms: 164, 2635
          Classifications: {'peptide': 164}
          Modifications used: {'NH3': 1}
          Link IDs: {'PTRANS': 3, 'TRANS': 160}
    Chain: "A"
      Number of atoms: 213
      Number of conformers: 1
      Conformer: ""
        Number of residues, atoms: 187, 213
          Unusual residues: {'MTN': 1}
          Classifications: {'undetermined': 1, 'water': 186}
          Link IDs: {None: 186}
          Unresolved non-hydrogen bonds: 4
          Unresolved non-hydrogen angles: 7
  Time building chain proxies: 0.41, per 1000 atoms: 0.14
  Number of scatterers: 2848
  At special positions: 0
  Unit cell: (59.761, 59.761, 95.005, 90, 90, 120)
  Space group: P 32 2 1 (No. 154)
  Number of sites at special positions: 0
  Number of scattering types: 5
    Type Number    sf(0)
     S       7     16.00
     O     428      8.00
     N     239      7.00
     C     830      6.00
     H    1344      1.00
    sf(0) = scattering factor at diffraction angle 0.


=============================== Model properties ==============================

   Number of:
     all atoms      : 2848
     H or D atoms   : 1344
     chains         : 2
     a.a. residues  : 164
     nucleotides    : 0
     water          : 186
     other (ligands): 1
   Ligands: MTN:1

============================= Geometry restraints =============================


                        ----------Bond lengths----------                       

  All restrained atoms within 4.0 sigma of ideal values.

  Min. delta:    0.000 (Z=  0.000)
  Max. delta:    0.059 (Z=  2.814)
  Mean delta:    0.009 (Z=  0.455)

                        ----------Bond angles----------                        

  All restrained atoms within 4.0 sigma of ideal values.

  Min. delta:    0.001 (Z=  0.001)
  Max. delta:    5.624 (Z=  2.409)
  Mean delta:    0.976 (Z=  0.547)

                      ----------Dihedral angles----------                      

  atoms                   ideal    model    delta   sigma  residual   deviation
   A  55  ASN  CA     
   A  55  ASN  C      
   A  56  GLY  N      
   A  56  GLY  CA        180.00   159.39    20.61  5.00e+00  1.70e+01   4.1*sigma

  Min. delta:    0.001
  Max. delta:   67.024
  Mean delta:   12.385

                       ----------Chiral volumes----------                      

  All restrained atoms within 4.0 sigma of ideal values.

  Min. delta:    0.000
  Max. delta:    0.158
  Mean delta:    0.047

                       ----------Planar groups----------                       

  All restrained atoms within 4.0 sigma of ideal values.

  Min. delta:    0.000
  Max. delta:    0.050
  Mean delta:    0.010

============================= Hydrogen validation =============================


                ----------H/D atoms in the input model----------               

  Total number of hydrogen atoms : 1344
  Total number of deuterium atoms: 0
  Number of H atoms (protein)    : 1329
  Number of D atoms (protein)    : 0
  Number of H atoms (water)      : 0
  Number of D atoms (water)      : 0
  Number of H atoms (other)      : 15
  Number of D atoms (other)      : 0

                      ----------Water molecules----------                      

  Number of water                            : 186
  Number of water with 0 H (or D)            : 186
  Number of water with 1 H (or D)            : 0
  Number of water with 2 H (or D)            : 0
  Number of water in alternative conformation: 0
  Number of water without oxygen atom        : 0

                    ----------MISSING H or D atoms----------                   

  HIS A  31  conformer  : HE2 
  CYS A 118  conformer  : HG 
  MTN A 200  conformer  : H1, H4, H3 

============================ Molprobity validation ============================


  Geometry Restraints Library: GeoStd + Monomer Library + CDL v1.2
  Deviations from Ideal Values.
    Bond      :  0.009   0.059   1338
    Angle     :  0.976   5.624   1806
    Chirality :  0.047   0.158    199
    Planarity :  0.010   0.050    231
    Dihedral  : 12.385  67.024    503
    Min Nonbonded Distance : 1.873
  
  Molprobity Statistics.
    All-atom Clashscore : 4.51
    Ramachandran Plot:
      Outliers :  0.00 %
      Allowed  :  1.85 %
      Favored  : 98.15 %
    Rotamer Outliers :  1.46 %
    Cbeta Deviations :  0.00 %
    Peptide Plane:
      Cis-proline     : 0.00 %
      Cis-general     : 0.00 %
      Twisted Proline : 0.00 %
      Twisted General : 0.00 %
  
  Rama-Z (Ramachandran plot Z-score):
  Interpretation: bad |Rama-Z| > 3; suspicious 2 < |Rama-Z| < 3; good |Rama-Z| < 2.
  Scores for whole/helix/sheet/loop are scaled independently;
  therefore, the values are not related in a simple manner.
    whole:  0.01 (0.60), residues: 162
    helix:  0.23 (0.43), residues: 111
    sheet:  None (None), residues: 0
    loop : -0.21 (0.88), residues: 51

                     ----------Asn/Gln/His flips----------                     

  No backwards Asn/Gln/His sidechains found.

=================================== Summary ===================================

  Ramachandran outliers =   0.00 %
                favored =  98.15 %
  Rotamer outliers      =   1.46 %
  C-beta deviations     =     0
  Clashscore            =   4.51
  RMS(bonds)            =   0.0091
  RMS(angles)           =   0.98
  MolProbity score      =   1.35
  Resolution            =   1.80
  R-work                =   0.1726
  R-free                =   0.2138
  Refinement program    = PHENIX

Results written to molprobity.out
Wrote script for Coot: molprobity_coot.py
