
============================== Collecting inputs ==============================


                   ----------Processing PDB file(s)----------                  


  Symmetric amino acids flipped
    None
  Time to flip residues: 0.00s

  Monomer Library directory:
    "/home/liuyoujia/phenix-dev-4176/modules/chem_data/mon_lib"
  Total number of atoms: 2946
  Number of models: 1
  Model: ""
    Number of chains: 2
    Chain: "A"
      Number of atoms: 2685
      Number of conformers: 2
      Conformer: "A"
        Number of residues, atoms: 164, 2646
          Classifications: {'peptide': 164}
          Modifications used: {'COO': 1, 'NH3': 1}
          Link IDs: {'PTRANS': 3, 'TRANS': 160}
      Conformer: "B"
        Number of residues, atoms: 164, 2646
          Classifications: {'peptide': 164}
          Modifications used: {'COO': 1, 'NH3': 1}
          Link IDs: {'PTRANS': 3, 'TRANS': 160}
          bond proxies already assigned to first conformer: 2627
    Chain: "A"
      Number of atoms: 261
      Number of conformers: 2
      Conformer: "A"
        Number of residues, atoms: 226, 256
          Unusual residues: {'HED': 1, 'AZI': 1, 'MTN': 1, ' CL': 3}
          Classifications: {'undetermined': 6, 'water': 220}
          Link IDs: {None: 225}
          Unresolved non-hydrogen bonds: 4
          Unresolved non-hydrogen angles: 7
      Conformer: "B"
        Number of residues, atoms: 226, 256
          Unusual residues: {'HED': 1, 'AZI': 1, 'MTN': 1, ' CL': 3}
          Classifications: {'undetermined': 6, 'water': 220}
          Link IDs: {None: 225}
          Unresolved non-hydrogen bonds: 4
          Unresolved non-hydrogen angles: 7
          bond proxies already assigned to first conformer: 26
  Residues with excluded nonbonded symmetry interactions: 4
    residue:
      pdb=" N   LYS A 162 " occ=0.63
      ... (20 atoms not shown)
      pdb=" HZ3 LYS A 162 " occ=0.63
    residue:
      pdb=" N   ASN A 163 " occ=0.62
      ... (12 atoms not shown)
      pdb="HD22 ASN A 163 " occ=0.62
    residue:
      pdb=" N   LEU A 164 " occ=0.67
      ... (18 atoms not shown)
      pdb="HD23 LEU A 164 " occ=0.67
    residue:
      pdb=" C1  MTN A 165 " occ=0.00
      ... (10 atoms not shown)
      pdb=" S1  MTN A 165 " occ=0.70
  Time building chain proxies: 0.63, per 1000 atoms: 0.21
  Number of scatterers: 2946
  At special positions: 0
  Unit cell: (60.293, 60.293, 96.079, 90, 90, 120)
  Space group: P 32 2 1 (No. 154)
  Number of sites at special positions: 0
  Number of scattering types: 6
    Type Number    sf(0)
     Cl      3     17.00
     S      10     16.00
     O     471      8.00
     N     244      7.00
     C     845      6.00
     H    1373      1.00
    sf(0) = scattering factor at diffraction angle 0.

  Number of disulfides: simple=0, symmetry=0
  Custom bonds:
    Warning: Ignoring bond with distance_ideal = None:
      atom_selection_1 = None
      atom_selection_2 = None
    Total number of added/changed bonds: 0
  Custom angles:
    Warning: Ignoring angle with angle_ideal = None:
      atom_selection_1 = None
      atom_selection_2 = None
      atom_selection_3 = None
    Total number of new custom angles: 0
    Total number of changed angles: 0
  Custom dihedrals:
    Warning: Ignoring dihedral with angle_ideal = None:
      atom_selection_1 = None
      atom_selection_2 = None
      atom_selection_3 = None
      atom_selection_4 = None
    Total number of custom dihedrals: 0
  Custom planarities:
    Warning: Ignoring planarity with with sigma <= 0:
      atom_selection = None
None
    Total number of custom planarities: 0
  Custom parallelities:
Warning: Ignoring parallelity with empty atom selection.
    Total number of custom parallelities: 0
  Custom bonds:
    Warning: Ignoring bond with distance_ideal = None:
      atom_selection_1 = None
      atom_selection_2 = None
    Total number of added/changed bonds: 0
  Custom angles:
    Warning: Ignoring angle with angle_ideal = None:
      atom_selection_1 = None
      atom_selection_2 = None
      atom_selection_3 = None
    Total number of new custom angles: 0
    Total number of changed angles: 0
  Custom dihedrals:
    Warning: Ignoring dihedral with angle_ideal = None:
      atom_selection_1 = None
      atom_selection_2 = None
      atom_selection_3 = None
      atom_selection_4 = None
    Total number of custom dihedrals: 0
  Custom planarities:
    Warning: Ignoring planarity with with sigma <= 0:
      atom_selection = None
None
    Total number of custom planarities: 0
  Custom parallelities:
Warning: Ignoring parallelity with empty atom selection.
    Total number of custom parallelities: 0

  Automatic linking
    Parameters for automatic linking
      Linking & cutoffs
        Metal                : Auto  - 3.50
        Amimo acid           : False - 1.90
        Carbohydrate         : True  - 1.99
        Ligands              : True  - 1.99
        Small molecules      : False - 1.98
        Amino acid - RNA/DNA : False
      
  Number of custom bonds: simple=1, symmetry=0
  Number of additional bonds: simple=1, symmetry=0
  Coordination:
  Other bonds:
  Time building additional restraints: 0.52
  Switching to conformation-dependent library
  Conformation dependent library (CDL) restraints added in 71.5 milliseconds
  
  Adding C-beta torsion restraints...
  Number of C-beta restraints generated:  306

  Time building geometry restraints manager: 0.58 seconds

  NOTE: a complete listing of the restraints can be obtained by requesting
        output of .geo file.

  Histogram of bond lengths:
        0.84 -     1.08: 1363
        1.08 -     1.31: 238
        1.31 -     1.55: 1120
        1.55 -     1.79: 8
        1.79 -     2.03: 12
  Bond restraints: 2741
  Sorted by residual:
  bond pdb=" C2  HED A 180 "
       pdb=" C1 BHED A 180 "
    ideal  model  delta    sigma   weight residual
    1.524  1.437  0.087 2.00e-02 2.50e+03 1.87e+01
  bond pdb=" C2  HED A 180 "
       pdb=" C1 AHED A 180 "
    ideal  model  delta    sigma   weight residual
    1.524  1.578 -0.054 2.00e-02 2.50e+03 7.18e+00
  bond pdb=" CB  MET A 106 "
       pdb=" CG AMET A 106 "
    ideal  model  delta    sigma   weight residual
    1.520  1.457  0.063 3.00e-02 1.11e+03 4.38e+00
  bond pdb=" SD  MET A 102 "
       pdb=" CE  MET A 102 "
    ideal  model  delta    sigma   weight residual
    1.791  1.835 -0.044 2.50e-02 1.60e+03 3.07e+00
  bond pdb=" CE  LYS A  48 "
       pdb=" NZ  LYS A  48 "
    ideal  model  delta    sigma   weight residual
    1.489  1.437  0.052 3.00e-02 1.11e+03 3.04e+00
  ... (remaining 2736 not shown)

  Histogram of bond angle deviations from ideal:
       50.79 -    75.71: 2
       75.71 -   100.63: 4
      100.63 -   125.56: 4905
      125.56 -   150.48: 32
      150.48 -   175.40: 1
  Bond angle restraints: 4944
  Sorted by residual:
  angle pdb=" H21 HED A 180 "
        pdb=" C2  HED A 180 "
        pdb=" C1 BHED A 180 "
      ideal   model   delta    sigma   weight residual
     109.47   50.79   58.68 3.00e+00 1.11e-01 3.83e+02
  angle pdb=" H22 HED A 180 "
        pdb=" C2  HED A 180 "
        pdb=" C1 BHED A 180 "
      ideal   model   delta    sigma   weight residual
     109.47   62.38   47.09 3.00e+00 1.11e-01 2.46e+02
  angle pdb=" S3  HED A 180 "
        pdb=" C2  HED A 180 "
        pdb=" C1 AHED A 180 "
      ideal   model   delta    sigma   weight residual
     112.50  102.97    9.53 3.00e+00 1.11e-01 1.01e+01
  angle pdb=" CA  HIS A  31 "
        pdb=" CB  HIS A  31 "
        pdb=" CG  HIS A  31 "
      ideal   model   delta    sigma   weight residual
     113.80  111.35    2.45 1.00e+00 1.00e+00 5.99e+00
  angle pdb=" C   TYR A  25 "
        pdb=" N   THR A  26 "
        pdb=" CA  THR A  26 "
      ideal   model   delta    sigma   weight residual
     121.75  125.71   -3.96 1.73e+00 3.34e-01 5.25e+00
  ... (remaining 4939 not shown)

  Histogram of dihedral angle deviations from ideal:
        0.00 -    13.80: 968
       13.80 -    27.60: 91
       27.60 -    41.40: 17
       41.40 -    55.19: 7
       55.19 -    68.99: 6
  Dihedral angle restraints: 1089
    sinusoidal: 543
      harmonic: 546
  Sorted by residual:
  dihedral pdb=" C2  HED A 180 "
           pdb=" C1 BHED A 180 "
           pdb=" O1 BHED A 180 "
           pdb=" HO1BHED A 180 "
      ideal   model   delta sinusoidal    sigma   weight residual
       0.00  -62.02   62.02     1      2.00e+01 2.50e-03 1.27e+01
  dihedral pdb=" CA  ASP A  92 "
           pdb=" CB  ASP A  92 "
           pdb=" CG  ASP A  92 "
           pdb=" OD1 ASP A  92 "
      ideal   model   delta sinusoidal    sigma   weight residual
     -30.00  -86.68   56.68     1      2.00e+01 2.50e-03 1.08e+01
  dihedral pdb=" CA  ARG A 125 "
           pdb=" C   ARG A 125 "
           pdb=" N   TRP A 126 "
           pdb=" CA  TRP A 126 "
      ideal   model   delta  harmonic     sigma   weight residual
    -180.00 -164.13  -15.87     0      5.00e+00 4.00e-02 1.01e+01
  ... (remaining 1086 not shown)

  Histogram of chiral volume deviations from ideal:
       0.001 -    0.028: 91
       0.028 -    0.056: 54
       0.056 -    0.083: 34
       0.083 -    0.111: 16
       0.111 -    0.138: 5
  Chirality restraints: 200
  Sorted by residual:
  chirality pdb=" CA  PRO A 143 "
            pdb=" N   PRO A 143 "
            pdb=" C   PRO A 143 "
            pdb=" CB  PRO A 143 "
    both_signs  ideal   model   delta    sigma   weight residual
      False      2.72    2.58    0.14 2.00e-01 2.50e+01 4.76e-01
  chirality pdb=" CG  LEU A  99 "
            pdb=" CB  LEU A  99 "
            pdb=" CD1 LEU A  99 "
            pdb=" CD2 LEU A  99 "
    both_signs  ideal   model   delta    sigma   weight residual
      False     -2.59   -2.46   -0.13 2.00e-01 2.50e+01 4.34e-01
  chirality pdb=" CA  PRO A  37 "
            pdb=" N   PRO A  37 "
            pdb=" C   PRO A  37 "
            pdb=" CB  PRO A  37 "
    both_signs  ideal   model   delta    sigma   weight residual
      False      2.72    2.60    0.12 2.00e-01 2.50e+01 3.41e-01
  ... (remaining 197 not shown)

  Planarity restraints: 395
  Sorted by residual:
                                 delta    sigma   weight rms_deltas residual
  plane pdb=" CB  TRP A 126 "   -0.027 2.00e-02 2.50e+03   2.21e-02 1.96e+01
        pdb=" CG  TRP A 126 "    0.010 2.00e-02 2.50e+03
        pdb=" CD1 TRP A 126 "   -0.001 2.00e-02 2.50e+03
        pdb=" CD2 TRP A 126 "    0.007 2.00e-02 2.50e+03
        pdb=" NE1 TRP A 126 "    0.021 2.00e-02 2.50e+03
        pdb=" CE2 TRP A 126 "    0.003 2.00e-02 2.50e+03
        pdb=" CE3 TRP A 126 "   -0.000 2.00e-02 2.50e+03
        pdb=" CZ2 TRP A 126 "   -0.015 2.00e-02 2.50e+03
        pdb=" CZ3 TRP A 126 "    0.016 2.00e-02 2.50e+03
        pdb=" CH2 TRP A 126 "   -0.011 2.00e-02 2.50e+03
        pdb=" HD1 TRP A 126 "   -0.019 2.00e-02 2.50e+03
        pdb=" HE1 TRP A 126 "    0.043 2.00e-02 2.50e+03
        pdb=" HE3 TRP A 126 "   -0.014 2.00e-02 2.50e+03
        pdb=" HZ2 TRP A 126 "   -0.030 2.00e-02 2.50e+03
        pdb=" HZ3 TRP A 126 "    0.044 2.00e-02 2.50e+03
        pdb=" HH2 TRP A 126 "   -0.026 2.00e-02 2.50e+03
                                 delta    sigma   weight rms_deltas residual
  plane pdb=" CB  HIS A  31 "   -0.022 2.00e-02 2.50e+03   2.24e-02 1.25e+01
        pdb=" CG  HIS A  31 "    0.037 2.00e-02 2.50e+03
        pdb=" ND1 HIS A  31 "    0.012 2.00e-02 2.50e+03
        pdb=" CD2 HIS A  31 "   -0.000 2.00e-02 2.50e+03
        pdb=" CE1 HIS A  31 "   -0.010 2.00e-02 2.50e+03
        pdb=" NE2 HIS A  31 "    0.009 2.00e-02 2.50e+03
        pdb=" HD1 HIS A  31 "    0.012 2.00e-02 2.50e+03
        pdb=" HD2 HIS A  31 "   -0.027 2.00e-02 2.50e+03
        pdb=" HE1 HIS A  31 "   -0.037 2.00e-02 2.50e+03
        pdb=" HE2 HIS A  31 "    0.025 2.00e-02 2.50e+03
                                 delta    sigma   weight rms_deltas residual
  plane pdb=" CB  TRP A 138 "    0.035 2.00e-02 2.50e+03   1.73e-02 1.19e+01
        pdb=" CG  TRP A 138 "   -0.010 2.00e-02 2.50e+03
        pdb=" CD1 TRP A 138 "   -0.003 2.00e-02 2.50e+03
        pdb=" CD2 TRP A 138 "    0.000 2.00e-02 2.50e+03
        pdb=" NE1 TRP A 138 "   -0.019 2.00e-02 2.50e+03
        pdb=" CE2 TRP A 138 "   -0.015 2.00e-02 2.50e+03
        pdb=" CE3 TRP A 138 "   -0.006 2.00e-02 2.50e+03
        pdb=" CZ2 TRP A 138 "    0.014 2.00e-02 2.50e+03
        pdb=" CZ3 TRP A 138 "   -0.005 2.00e-02 2.50e+03
        pdb=" CH2 TRP A 138 "    0.004 2.00e-02 2.50e+03
        pdb=" HD1 TRP A 138 "    0.012 2.00e-02 2.50e+03
        pdb=" HE1 TRP A 138 "   -0.028 2.00e-02 2.50e+03
        pdb=" HE3 TRP A 138 "   -0.011 2.00e-02 2.50e+03
        pdb=" HZ2 TRP A 138 "    0.038 2.00e-02 2.50e+03
        pdb=" HZ3 TRP A 138 "   -0.010 2.00e-02 2.50e+03
        pdb=" HH2 TRP A 138 "    0.003 2.00e-02 2.50e+03
  ... (remaining 392 not shown)

  Histogram of nonbonded interaction distances:
        0.97 -     1.70: 10
        1.70 -     2.42: 1576
        2.42 -     3.15: 9867
        3.15 -     3.87: 14261
        3.87 -     4.60: 22436
  Warning: very small nonbonded interaction distances.
  Nonbonded interactions: 48150
  Sorted by model distance:
  nonbonded pdb=" H21 HED A 180 "
            pdb=" HO1BHED A 180 "
     model   vdw sym.op.
     0.973 2.270 x-y,-y,-z+1/3
  nonbonded pdb=" HO1BHED A 180 "
            pdb=" HO1BHED A 180 "
     model   vdw sym.op.
     1.186 2.100 x-y,-y,-z+1/3
  nonbonded pdb=" HZ1 LYS A  83 "
            pdb=" O   HOH A 281 "
     model   vdw
     1.255 1.850
  nonbonded pdb=" H21 HED A 180 "
            pdb=" O1 BHED A 180 "
     model   vdw
     1.339 2.096
  nonbonded pdb=" H21 HED A 180 "
            pdb=" HO1BHED A 180 "
     model   vdw
     1.446 2.270
  ... (remaining 48145 not shown)

  NOTE: a complete listing of the restraints can be obtained by requesting
        output of .geo file.

End of input processing

  Symmetric amino acids flipped
    None
  Time to flip residues: 0.00s

  Monomer Library directory:
    "/home/liuyoujia/phenix-dev-4176/modules/chem_data/mon_lib"
  Total number of atoms: 2946
  Number of models: 1
  Model: ""
    Number of chains: 2
    Chain: "A"
      Number of atoms: 2685
      Number of conformers: 2
      Conformer: "A"
        Number of residues, atoms: 164, 2646
          Classifications: {'peptide': 164}
          Modifications used: {'COO': 1, 'NH3': 1}
          Link IDs: {'PTRANS': 3, 'TRANS': 160}
      Conformer: "B"
        Number of residues, atoms: 164, 2646
          Classifications: {'peptide': 164}
          Modifications used: {'COO': 1, 'NH3': 1}
          Link IDs: {'PTRANS': 3, 'TRANS': 160}
          bond proxies already assigned to first conformer: 2627
    Chain: "A"
      Number of atoms: 261
      Number of conformers: 2
      Conformer: "A"
        Number of residues, atoms: 226, 256
          Unusual residues: {'HED': 1, 'AZI': 1, 'MTN': 1, ' CL': 3}
          Classifications: {'undetermined': 6, 'water': 220}
          Link IDs: {None: 225}
          Unresolved non-hydrogen bonds: 4
          Unresolved non-hydrogen angles: 7
      Conformer: "B"
        Number of residues, atoms: 226, 256
          Unusual residues: {'HED': 1, 'AZI': 1, 'MTN': 1, ' CL': 3}
          Classifications: {'undetermined': 6, 'water': 220}
          Link IDs: {None: 225}
          Unresolved non-hydrogen bonds: 4
          Unresolved non-hydrogen angles: 7
          bond proxies already assigned to first conformer: 26
  Residues with excluded nonbonded symmetry interactions: 4
    residue:
      pdb=" N   LYS A 162 " occ=0.63
      ... (20 atoms not shown)
      pdb=" HZ3 LYS A 162 " occ=0.63
    residue:
      pdb=" N   ASN A 163 " occ=0.62
      ... (12 atoms not shown)
      pdb="HD22 ASN A 163 " occ=0.62
    residue:
      pdb=" N   LEU A 164 " occ=0.67
      ... (18 atoms not shown)
      pdb="HD23 LEU A 164 " occ=0.67
    residue:
      pdb=" C1  MTN A 165 " occ=0.00
      ... (10 atoms not shown)
      pdb=" S1  MTN A 165 " occ=0.70
  Time building chain proxies: 0.63, per 1000 atoms: 0.21
  Number of scatterers: 2946
  At special positions: 0
  Unit cell: (60.293, 60.293, 96.079, 90, 90, 120)
  Space group: P 32 2 1 (No. 154)
  Number of sites at special positions: 0
  Number of scattering types: 6
    Type Number    sf(0)
     Cl      3     17.00
     S      10     16.00
     O     471      8.00
     N     244      7.00
     C     845      6.00
     H    1373      1.00
    sf(0) = scattering factor at diffraction angle 0.


=============================== Model properties ==============================

   Number of:
     all atoms      : 2946
     H or D atoms   : 1373
     chains         : 2
     a.a. residues  : 164
     nucleotides    : 0
     water          : 220
     other (ligands): 6
   Ligands: HED:1,AZI:1,MTN:1,CL:3

============================= Geometry restraints =============================


                        ----------Bond lengths----------                       

  atoms                 ideal   model   delta   sigma   slack  residual   deviation
   A 180  HED  C2     
   A 180 BHED  C1          1.52     1.44     0.09  2.00e-02  1.87e+01   4.3*sigma

  Min. delta:    0.000 (Z=  0.000)
  Max. delta:    0.087 (Z=  4.515)
  Mean delta:    0.009 (Z=  0.491)

                        ----------Bond angles----------                        

  All restrained atoms within 4.0 sigma of ideal values.

  Min. delta:    0.001 (Z=  0.000)
  Max. delta:    9.526 (Z=  3.175)
  Mean delta:    1.025 (Z=  0.567)

                      ----------Dihedral angles----------                      

  All restrained atoms within 4.0 sigma of ideal values.

  Min. delta:    0.004
  Max. delta:   68.993
  Mean delta:   13.307

                       ----------Chiral volumes----------                      

  All restrained atoms within 4.0 sigma of ideal values.

  Min. delta:    0.001
  Max. delta:    0.138
  Mean delta:    0.050

                       ----------Planar groups----------                       

  All restrained atoms within 4.0 sigma of ideal values.

  Min. delta:    0.000
  Max. delta:    0.067
  Mean delta:    0.009

============================= Hydrogen validation =============================


                ----------H/D atoms in the input model----------               

  Total number of hydrogen atoms : 1373
  Total number of deuterium atoms: 0
  Number of H atoms (protein)    : 1360
  Number of D atoms (protein)    : 0
  Number of H atoms (water)      : 0
  Number of D atoms (water)      : 0
  Number of H atoms (other)      : 13
  Number of D atoms (other)      : 0

                      ----------Water molecules----------                      

  Number of water                            : 220
  Number of water with 0 H (or D)            : 220
  Number of water with 1 H (or D)            : 0
  Number of water with 2 H (or D)            : 0
  Number of water in alternative conformation: 0
  Number of water without oxygen atom        : 0

             ----------H (or D) atoms with occupancy < 1----------             

  pdb=" HD2 LYS A  16 " with occupancy 0.38
  pdb=" HD3 LYS A  16 " with occupancy 0.3
  pdb=" HE2 LYS A  16 " with occupancy 0.37
  pdb=" HE3 LYS A  16 " with occupancy 0.37
  pdb=" HZ1 LYS A  16 " with occupancy 0.36
  pdb=" HZ2 LYS A  16 " with occupancy 0.36
  pdb=" HZ3 LYS A  16 " with occupancy 0.36
  pdb="HD21 ASN A  53 " with occupancy 0.7
  pdb="HD22 ASN A  53 " with occupancy 0.7
  pdb=" HZ1 LYS A  60 " with occupancy 0.68
  pdb=" HZ2 LYS A  60 " with occupancy 0.7
  pdb=" HZ3 LYS A  60 " with occupancy 0.69
  pdb=" HG2 ARG A  76 " with occupancy 0.43
  pdb=" HG3 ARG A  76 " with occupancy 0.53
  pdb=" HD2 ARG A  76 " with occupancy 0.58
  pdb=" HD3 ARG A  76 " with occupancy 0.59
  pdb=" HE  ARG A  76 " with occupancy 0.6
  pdb="HH11 ARG A  76 " with occupancy 0.56
  pdb="HH12 ARG A  76 " with occupancy 0.56
  pdb="HH21 ARG A  76 " with occupancy 0.51
  pdb="HH22 ARG A  76 " with occupancy 0.48
  pdb=" HE  ARG A  80 " with occupancy 0.4
  pdb="HH11 ARG A  80 " with occupancy 0.33
  pdb="HH12 ARG A  80 " with occupancy 0.32
  pdb="HH21 ARG A  80 " with occupancy 0.41
  pdb="HH22 ARG A  80 " with occupancy 0.37
  pdb=" HE  ARG A 119 " with occupancy 0.81
  pdb="HH11 ARG A 119 " with occupancy 0.85
  pdb="HH12 ARG A 119 " with occupancy 0.78
  pdb="HH21 ARG A 119 " with occupancy 0.84
  pdb="HH22 ARG A 119 " with occupancy 0.77
  pdb="HH11 ARG A 154 " with occupancy 0.81
  pdb="HH12 ARG A 154 " with occupancy 0.82
  pdb="HH21 ARG A 154 " with occupancy 0.9
  pdb="HH22 ARG A 154 " with occupancy 0.85
  pdb=" H   LYS A 162 " with occupancy 0.63
  pdb=" HA  LYS A 162 " with occupancy 0.63
  pdb=" HB2 LYS A 162 " with occupancy 0.63
  pdb=" HB3 LYS A 162 " with occupancy 0.63
  pdb=" HG2 LYS A 162 " with occupancy 0.63
  pdb=" HG3 LYS A 162 " with occupancy 0.63
  pdb=" HD2 LYS A 162 " with occupancy 0.63
  pdb=" HD3 LYS A 162 " with occupancy 0.63
  pdb=" HE2 LYS A 162 " with occupancy 0.63
  pdb=" HE3 LYS A 162 " with occupancy 0.63
  pdb=" HZ1 LYS A 162 " with occupancy 0.63
  pdb=" HZ2 LYS A 162 " with occupancy 0.63
  pdb=" HZ3 LYS A 162 " with occupancy 0.63
  pdb=" H   ASN A 163 " with occupancy 0.62
  pdb=" HA  ASN A 163 " with occupancy 0.62
  pdb=" HB2 ASN A 163 " with occupancy 0.62
  pdb=" HB3 ASN A 163 " with occupancy 0.62
  pdb="HD21 ASN A 163 " with occupancy 0.62
  pdb="HD22 ASN A 163 " with occupancy 0.62
  pdb=" H   LEU A 164 " with occupancy 0.67
  pdb=" HA  LEU A 164 " with occupancy 0.67
  pdb=" HB2 LEU A 164 " with occupancy 0.67
  pdb=" HB3 LEU A 164 " with occupancy 0.67
  pdb=" HG  LEU A 164 " with occupancy 0.67
  pdb="HD11 LEU A 164 " with occupancy 0.67
  pdb="HD12 LEU A 164 " with occupancy 0.67
  pdb="HD13 LEU A 164 " with occupancy 0.67
  pdb="HD21 LEU A 164 " with occupancy 0.67
  pdb="HD22 LEU A 164 " with occupancy 0.67
  pdb="HD23 LEU A 164 " with occupancy 0.67

                    ----------MISSING H or D atoms----------                   

  CYS A  82  conformer  : HG 
  MTN A 165  conformer  : H83, H81, H72, H73, H71, H91, H92, H93, H82, H2, H1, H4, H42, H41, H3, H61, H63, H62 

                       ----------Angle outliers----------                      

   A 180  HED  H22, Angle H22-C2-C1, observed: 62.378, delta from target: 47.092
   A 180  HED  H21, Angle H21-C2-C1, observed: 50.789, delta from target: 58.681

============================ Molprobity validation ============================


  Geometry Restraints Library: GeoStd + Monomer Library + CDL v1.2
  Deviations from Ideal Values.
    Bond      :  0.009   0.087   1368
    Angle     :  1.025   9.526   1839
    Chirality :  0.050   0.138    200
    Planarity :  0.009   0.067    235
    Dihedral  : 13.307  68.993    524
    Min Nonbonded Distance : 1.960
  
  Molprobity Statistics.
    All-atom Clashscore : 6.20
    Ramachandran Plot:
      Outliers :  0.00 %
      Allowed  :  2.47 %
      Favored  : 97.53 %
    Rotamer Outliers :  0.00 %
    Cbeta Deviations :  0.00 %
    Peptide Plane:
      Cis-proline     : 0.00 %
      Cis-general     : 0.00 %
      Twisted Proline : 0.00 %
      Twisted General : 0.00 %
  
  Rama-Z (Ramachandran plot Z-score):
  Interpretation: bad |Rama-Z| > 3; suspicious 2 < |Rama-Z| < 3; good |Rama-Z| < 2.
  Scores for whole/helix/sheet/loop are scaled independently;
  therefore, the values are not related in a simple manner.
    whole: -0.29 (0.57), residues: 162
    helix: -0.04 (0.40), residues: 117
    sheet:  None (None), residues: 0
    loop : -0.19 (0.91), residues: 45

                     ----------Asn/Gln/His flips----------                     

  No backwards Asn/Gln/His sidechains found.

=================================== Summary ===================================

  Ramachandran outliers =   0.00 %
                favored =  97.53 %
  Rotamer outliers      =   0.00 %
  C-beta deviations     =     0
  Clashscore            =   6.20
  RMS(bonds)            =   0.0093
  RMS(angles)           =   1.02
  MolProbity score      =   1.44
  Resolution            =   1.70
  R-work                =   0.1602
  R-free                =   0.1814
  Refinement program    = PHENIX

Results written to molprobity.out
Wrote script for Coot: molprobity_coot.py
