
============================== Collecting inputs ==============================


                   ----------Processing PDB file(s)----------                  


  Symmetric amino acids flipped
    None
  Time to flip residues: 0.00s

  Monomer Library directory:
    "/home/liuyoujia/phenix-dev-4176/modules/chem_data/mon_lib"
  Total number of atoms: 1443
  Number of models: 1
  Model: ""
    Number of chains: 2
    Chain: "A"
      Number of atoms: 1330
      Number of conformers: 2
      Conformer: "A"
        Number of residues, atoms: 162, 1289
          Classifications: {'peptide': 162}
          Link IDs: {'PTRANS': 3, 'TRANS': 158}
      Conformer: "B"
        Number of residues, atoms: 162, 1289
          Classifications: {'peptide': 162}
          Link IDs: {'PTRANS': 3, 'TRANS': 158}
          bond proxies already assigned to first conformer: 1263
    Chain: "A"
      Number of atoms: 113
      Number of conformers: 1
      Conformer: ""
        Number of residues, atoms: 95, 113
          Unusual residues: {'HED': 1, 'MTN': 1, ' CL': 2}
          Classifications: {'undetermined': 4, 'water': 91}
          Link IDs: {None: 94}
          Unresolved non-hydrogen bonds: 4
          Unresolved non-hydrogen angles: 7
  Residues with excluded nonbonded symmetry interactions: 5
    residue:
      pdb=" N  ATHR A  21 " occ=0.56
      ... (12 atoms not shown)
      pdb=" CG2BTHR A  21 " occ=0.44
    residue:
      pdb=" N  AASN A  53 " occ=0.56
      ... (14 atoms not shown)
      pdb=" ND2BASN A  53 " occ=0.44
    residue:
      pdb=" N  AARG A  76 " occ=0.58
      ... (20 atoms not shown)
      pdb=" NH2BARG A  76 " occ=0.42
    residue:
      pdb=" N  AMET A 106 " occ=0.56
      ... (14 atoms not shown)
      pdb=" CE BMET A 106 " occ=0.44
    residue:
      pdb=" N  ATHR A 109 " occ=0.75
      ... (12 atoms not shown)
      pdb=" CG2BTHR A 109 " occ=0.25
  Time building chain proxies: 0.41, per 1000 atoms: 0.28
  Number of scatterers: 1443
  At special positions: 0
  Unit cell: (61.02, 61.02, 96.481, 90, 90, 120)
  Space group: P 32 2 1 (No. 154)
  Number of sites at special positions: 0
  Number of scattering types: 5
    Type Number    sf(0)
     Cl      2     17.00
     S      10     16.00
     O     340      8.00
     N     244      7.00
     C     847      6.00
    sf(0) = scattering factor at diffraction angle 0.

  Number of disulfides: simple=0, symmetry=0
  Custom bonds:
    Warning: Ignoring bond with distance_ideal = None:
      atom_selection_1 = None
      atom_selection_2 = None
    Total number of added/changed bonds: 0
  Custom angles:
    Warning: Ignoring angle with angle_ideal = None:
      atom_selection_1 = None
      atom_selection_2 = None
      atom_selection_3 = None
    Total number of new custom angles: 0
    Total number of changed angles: 0
  Custom dihedrals:
    Warning: Ignoring dihedral with angle_ideal = None:
      atom_selection_1 = None
      atom_selection_2 = None
      atom_selection_3 = None
      atom_selection_4 = None
    Total number of custom dihedrals: 0
  Custom planarities:
    Warning: Ignoring planarity with with sigma <= 0:
      atom_selection = None
None
    Total number of custom planarities: 0
  Custom parallelities:
Warning: Ignoring parallelity with empty atom selection.
    Total number of custom parallelities: 0
  Custom bonds:
    Warning: Ignoring bond with distance_ideal = None:
      atom_selection_1 = None
      atom_selection_2 = None
    Total number of added/changed bonds: 0
  Custom angles:
    Warning: Ignoring angle with angle_ideal = None:
      atom_selection_1 = None
      atom_selection_2 = None
      atom_selection_3 = None
    Total number of new custom angles: 0
    Total number of changed angles: 0
  Custom dihedrals:
    Warning: Ignoring dihedral with angle_ideal = None:
      atom_selection_1 = None
      atom_selection_2 = None
      atom_selection_3 = None
      atom_selection_4 = None
    Total number of custom dihedrals: 0
  Custom planarities:
    Warning: Ignoring planarity with with sigma <= 0:
      atom_selection = None
None
    Total number of custom planarities: 0
  Custom parallelities:
Warning: Ignoring parallelity with empty atom selection.
    Total number of custom parallelities: 0

  Automatic linking
    Parameters for automatic linking
      Linking & cutoffs
        Metal                : Auto  - 3.50
        Amimo acid           : False - 1.90
        Carbohydrate         : True  - 1.99
        Ligands              : True  - 1.99
        Small molecules      : False - 1.98
        Amino acid - RNA/DNA : False
      
  Number of custom bonds: simple=1, symmetry=0
  Number of additional bonds: simple=1, symmetry=0
  Coordination:
  Other bonds:
  Time building additional restraints: 0.11
  Adding C-beta torsion restraints...
  Number of C-beta restraints generated:  312

  Time building geometry restraints manager: 0.13 seconds

  NOTE: a complete listing of the restraints can be obtained by requesting
        output of .geo file.

  Histogram of bond lengths:
        1.23 -     1.39: 527
        1.39 -     1.55: 829
        1.55 -     1.71: 1
        1.71 -     1.87: 16
        1.87 -     2.03: 1
  Bond restraints: 1374
  Sorted by residual:
  bond pdb=" N1  MTN A 203 "
       pdb=" O1  MTN A 203 "
    ideal  model  delta    sigma   weight residual
    1.258  1.463 -0.205 2.00e-02 2.50e+03 1.06e+02
  bond pdb=" C4  MTN A 203 "
       pdb=" S1  MTN A 203 "
    ideal  model  delta    sigma   weight residual
    1.845  1.809  0.036 2.00e-02 2.50e+03 3.28e+00
  bond pdb=" C3  MTN A 203 "
       pdb=" C4  MTN A 203 "
    ideal  model  delta    sigma   weight residual
    1.487  1.506 -0.019 2.00e-02 2.50e+03 8.92e-01
  bond pdb=" C1  MTN A 203 "
       pdb=" C2  MTN A 203 "
    ideal  model  delta    sigma   weight residual
    1.498  1.516 -0.018 2.00e-02 2.50e+03 7.86e-01
  bond pdb=" C2  MTN A 203 "
       pdb=" C3  MTN A 203 "
    ideal  model  delta    sigma   weight residual
    1.337  1.321  0.016 2.00e-02 2.50e+03 6.27e-01
  ... (remaining 1369 not shown)

  Histogram of bond angle deviations from ideal:
      100.36 -   107.09: 26
      107.09 -   113.83: 783
      113.83 -   120.56: 578
      120.56 -   127.30: 463
      127.30 -   134.03: 10
  Bond angle restraints: 1860
  Sorted by residual:
  angle pdb=" CA  LYS A  85 "
        pdb=" C   LYS A  85 "
        pdb=" N   PRO A  86 "
      ideal   model   delta    sigma   weight residual
     116.90  121.30   -4.40 1.50e+00 4.44e-01 8.62e+00
  angle pdb=" C   ASP A  20 "
        pdb=" CA  ASP A  20 "
        pdb=" CB  ASP A  20 "
      ideal   model   delta    sigma   weight residual
     110.10  114.04   -3.94 1.90e+00 2.77e-01 4.29e+00
  angle pdb=" CA  TRP A 138 "
        pdb=" CB  TRP A 138 "
        pdb=" CG  TRP A 138 "
      ideal   model   delta    sigma   weight residual
     113.60  116.93   -3.33 1.90e+00 2.77e-01 3.07e+00
  angle pdb=" NE  ARG A 145 "
        pdb=" CZ  ARG A 145 "
        pdb=" NH1 ARG A 145 "
      ideal   model   delta    sigma   weight residual
     121.50  119.76    1.74 1.00e+00 1.00e+00 3.03e+00
  angle pdb=" NE BARG A  76 "
        pdb=" CZ BARG A  76 "
        pdb=" NH1BARG A  76 "
      ideal   model   delta    sigma   weight residual
     121.50  119.77    1.73 1.00e+00 1.00e+00 3.00e+00
  ... (remaining 1855 not shown)

  Histogram of dihedral angle deviations from ideal:
        0.00 -    17.68: 781
       17.68 -    35.35: 36
       35.35 -    53.03: 12
       53.03 -    70.71: 3
       70.71 -    88.39: 1
  Dihedral angle restraints: 833
    sinusoidal: 344
      harmonic: 489
  Sorted by residual:
  dihedral pdb=" CB  GLU A 128 "
           pdb=" CG  GLU A 128 "
           pdb=" CD  GLU A 128 "
           pdb=" OE1 GLU A 128 "
      ideal   model   delta sinusoidal    sigma   weight residual
       0.00   88.39  -88.39     1      3.00e+01 1.11e-03 1.04e+01
  dihedral pdb=" CG  LYS A  16 "
           pdb=" CD  LYS A  16 "
           pdb=" CE  LYS A  16 "
           pdb=" NZ  LYS A  16 "
      ideal   model   delta sinusoidal    sigma   weight residual
    -180.00 -125.57  -54.43     3      1.50e+01 4.44e-03 9.28e+00
  dihedral pdb=" CB  LYS A  83 "
           pdb=" CG  LYS A  83 "
           pdb=" CD  LYS A  83 "
           pdb=" CE  LYS A  83 "
      ideal   model   delta sinusoidal    sigma   weight residual
      60.00  110.44  -50.44     3      1.50e+01 4.44e-03 8.90e+00
  ... (remaining 830 not shown)

  Histogram of chiral volume deviations from ideal:
       0.000 -    0.027: 119
       0.027 -    0.054: 49
       0.054 -    0.081: 25
       0.081 -    0.108: 9
       0.108 -    0.134: 2
  Chirality restraints: 204
  Sorted by residual:
  chirality pdb=" CA  PRO A 143 "
            pdb=" N   PRO A 143 "
            pdb=" C   PRO A 143 "
            pdb=" CB  PRO A 143 "
    both_signs  ideal   model   delta    sigma   weight residual
      False      2.72    2.58    0.13 2.00e-01 2.50e+01 4.51e-01
  chirality pdb=" CA  VAL A  57 "
            pdb=" N   VAL A  57 "
            pdb=" C   VAL A  57 "
            pdb=" CB  VAL A  57 "
    both_signs  ideal   model   delta    sigma   weight residual
      False      2.44    2.55   -0.11 2.00e-01 2.50e+01 3.16e-01
  chirality pdb=" CA  PRO A  37 "
            pdb=" N   PRO A  37 "
            pdb=" C   PRO A  37 "
            pdb=" CB  PRO A  37 "
    both_signs  ideal   model   delta    sigma   weight residual
      False      2.72    2.62    0.10 2.00e-01 2.50e+01 2.57e-01
  ... (remaining 201 not shown)

  Planarity restraints: 240
  Sorted by residual:
                                 delta    sigma   weight rms_deltas residual
  plane pdb=" C1  MTN A 203 "   -0.018 2.00e-02 2.50e+03   5.86e-02 4.29e+01
        pdb=" C2  MTN A 203 "   -0.019 2.00e-02 2.50e+03
        pdb=" C3  MTN A 203 "    0.115 2.00e-02 2.50e+03
        pdb=" C4  MTN A 203 "   -0.051 2.00e-02 2.50e+03
        pdb=" C5  MTN A 203 "   -0.027 2.00e-02 2.50e+03
                                 delta    sigma   weight rms_deltas residual
  plane pdb=" CB  TRP A 138 "   -0.017 2.00e-02 2.50e+03   8.71e-03 1.90e+00
        pdb=" CG  TRP A 138 "    0.020 2.00e-02 2.50e+03
        pdb=" CD1 TRP A 138 "   -0.001 2.00e-02 2.50e+03
        pdb=" CD2 TRP A 138 "    0.004 2.00e-02 2.50e+03
        pdb=" NE1 TRP A 138 "   -0.000 2.00e-02 2.50e+03
        pdb=" CE2 TRP A 138 "   -0.002 2.00e-02 2.50e+03
        pdb=" CE3 TRP A 138 "    0.004 2.00e-02 2.50e+03
        pdb=" CZ2 TRP A 138 "   -0.005 2.00e-02 2.50e+03
        pdb=" CZ3 TRP A 138 "    0.002 2.00e-02 2.50e+03
        pdb=" CH2 TRP A 138 "   -0.004 2.00e-02 2.50e+03
                                 delta    sigma   weight rms_deltas residual
  plane pdb=" C   SER A  36 "   -0.020 5.00e-02 4.00e+02   3.04e-02 1.48e+00
        pdb=" N   PRO A  37 "    0.053 5.00e-02 4.00e+02
        pdb=" CA  PRO A  37 "   -0.016 5.00e-02 4.00e+02
        pdb=" CD  PRO A  37 "   -0.017 5.00e-02 4.00e+02
  ... (remaining 237 not shown)

  Histogram of nonbonded interaction distances:
        2.21 -     2.75: 197
        2.75 -     3.29: 1623
        3.29 -     3.83: 2879
        3.83 -     4.36: 3686
        4.36 -     4.90: 5541
  Nonbonded interactions: 13926
  Sorted by model distance:
  nonbonded pdb=" NH1BARG A  76 "
            pdb=" OD1 ASP A  89 "
     model   vdw sym.op.
     2.214 2.520 x-y,-y,-z+1/3
  nonbonded pdb=" O   LYS A 162 "
            pdb=" O   HOH A 301 "
     model   vdw
     2.281 2.440
  nonbonded pdb=" O   HOH A 312 "
            pdb=" O   HOH A 354 "
     model   vdw sym.op.
     2.323 2.440 -x+y-1,-x,z+1/3
  nonbonded pdb=" OH  TYR A  18 "
            pdb=" O   HOH A 302 "
     model   vdw
     2.332 2.440
  nonbonded pdb=" OG1BTHR A 109 "
            pdb=" O   HOH A 303 "
     model   vdw
     2.341 2.440
  ... (remaining 13921 not shown)

  NOTE: a complete listing of the restraints can be obtained by requesting
        output of .geo file.

End of input processing

  Symmetric amino acids flipped
    None
  Time to flip residues: 0.00s

  Monomer Library directory:
    "/home/liuyoujia/phenix-dev-4176/modules/chem_data/mon_lib"
  Total number of atoms: 1443
  Number of models: 1
  Model: ""
    Number of chains: 2
    Chain: "A"
      Number of atoms: 1330
      Number of conformers: 2
      Conformer: "A"
        Number of residues, atoms: 162, 1289
          Classifications: {'peptide': 162}
          Link IDs: {'PTRANS': 3, 'TRANS': 158}
      Conformer: "B"
        Number of residues, atoms: 162, 1289
          Classifications: {'peptide': 162}
          Link IDs: {'PTRANS': 3, 'TRANS': 158}
          bond proxies already assigned to first conformer: 1263
    Chain: "A"
      Number of atoms: 113
      Number of conformers: 1
      Conformer: ""
        Number of residues, atoms: 95, 113
          Unusual residues: {'HED': 1, 'MTN': 1, ' CL': 2}
          Classifications: {'undetermined': 4, 'water': 91}
          Link IDs: {None: 94}
          Unresolved non-hydrogen bonds: 4
          Unresolved non-hydrogen angles: 7
  Residues with excluded nonbonded symmetry interactions: 5
    residue:
      pdb=" N  ATHR A  21 " occ=0.56
      ... (12 atoms not shown)
      pdb=" CG2BTHR A  21 " occ=0.44
    residue:
      pdb=" N  AASN A  53 " occ=0.56
      ... (14 atoms not shown)
      pdb=" ND2BASN A  53 " occ=0.44
    residue:
      pdb=" N  AARG A  76 " occ=0.58
      ... (20 atoms not shown)
      pdb=" NH2BARG A  76 " occ=0.42
    residue:
      pdb=" N  AMET A 106 " occ=0.56
      ... (14 atoms not shown)
      pdb=" CE BMET A 106 " occ=0.44
    residue:
      pdb=" N  ATHR A 109 " occ=0.75
      ... (12 atoms not shown)
      pdb=" CG2BTHR A 109 " occ=0.25
  Time building chain proxies: 0.45, per 1000 atoms: 0.31
  Number of scatterers: 1443
  At special positions: 0
  Unit cell: (61.02, 61.02, 96.481, 90, 90, 120)
  Space group: P 32 2 1 (No. 154)
  Number of sites at special positions: 0
  Number of scattering types: 5
    Type Number    sf(0)
     Cl      2     17.00
     S      10     16.00
     O     340      8.00
     N     244      7.00
     C     847      6.00
    sf(0) = scattering factor at diffraction angle 0.


=============================== Model properties ==============================

   Number of:
     all atoms      : 1443
     H or D atoms   : 0
     chains         : 2
     a.a. residues  : 162
     nucleotides    : 0
     water          : 91
     other (ligands): 4
   Ligands: HED:1,MTN:1,CL:2

============================= Geometry restraints =============================


                        ----------Bond lengths----------                       

  atoms                 ideal   model   delta   sigma   slack  residual   deviation
   A 203  MTN  N1     
   A 203  MTN  O1          1.26     1.46    -0.21  2.00e-02  1.06e+02  10.3*sigma

  Min. delta:    0.000 (Z=  0.000)
  Max. delta:    0.205 (Z= 10.273)
  Mean delta:    0.007 (Z=  0.378)

                        ----------Bond angles----------                        

  All restrained atoms within 4.0 sigma of ideal values.

  Min. delta:    0.000 (Z=  0.000)
  Max. delta:    4.731 (Z=  2.935)
  Mean delta:    0.978 (Z=  0.499)

                      ----------Dihedral angles----------                      

  All restrained atoms within 4.0 sigma of ideal values.

  Min. delta:    0.001
  Max. delta:   88.386
  Mean delta:   12.829

                       ----------Chiral volumes----------                      

  All restrained atoms within 4.0 sigma of ideal values.

  Min. delta:    0.000
  Max. delta:    0.134
  Mean delta:    0.038

                       ----------Planar groups----------                       

  atoms                 rms_deltas   delta_max    residual   deviation
   A 203  MTN  C1     
   A 203  MTN  C2     
   A 203  MTN  C3     
   A 203  MTN  C4     
   A 203  MTN  C5            0.059       0.115       42.86   5.7*sigma

  Min. delta:    0.000
  Max. delta:    0.059
  Mean delta:    0.005

============================ Molprobity validation ============================


  Geometry Restraints Library: GeoStd + Monomer Library
  Deviations from Ideal Values.
    Bond      :  0.007   0.205   1374
    Angle     :  0.978   4.731   1860
    Chirality :  0.038   0.134    204
    Planarity :  0.005   0.059    240
    Dihedral  : 12.829  88.386    521
    Min Nonbonded Distance : 2.214
  
  Molprobity Statistics.
    All-atom Clashscore : 0.00
    Ramachandran Plot:
      Outliers :  0.00 %
      Allowed  :  0.62 %
      Favored  : 99.38 %
    Rotamer Outliers :  0.00 %
    Cbeta Deviations :  0.00 %
    Peptide Plane:
      Cis-proline     : 0.00 %
      Cis-general     : 0.00 %
      Twisted Proline : 0.00 %
      Twisted General : 0.00 %
  
  Rama-Z (Ramachandran plot Z-score):
  Interpretation: bad |Rama-Z| > 3; suspicious 2 < |Rama-Z| < 3; good |Rama-Z| < 2.
  Scores for whole/helix/sheet/loop are scaled independently;
  therefore, the values are not related in a simple manner.
    whole:  0.02 (0.58), residues: 175
    helix:  0.05 (0.42), residues: 127
    sheet:  None (None), residues: 0
    loop :  0.39 (0.87), residues: 48

                     ----------Asn/Gln/His flips----------                     

   A  40  ASN

=================================== Summary ===================================

  Ramachandran outliers =   0.00 %
                favored =  99.38 %
  Rotamer outliers      =   0.00 %
  C-beta deviations     =     0
  Clashscore            =   0.00
  RMS(bonds)            =   0.0074
  RMS(angles)           =   0.98
  MolProbity score      =   0.50
  Resolution            =   2.00
  R-work                =   0.1580
  R-free                =   0.1820
  Refinement program    = PHENIX

Results written to molprobity.out
Wrote script for Coot: molprobity_coot.py
