
============================== Collecting inputs ==============================


                   ----------Processing PDB file(s)----------                  


  Symmetric amino acids flipped
    None
  Time to flip residues: 0.00s

  Monomer Library directory:
    "/home/liuyoujia/phenix-dev-4176/modules/chem_data/mon_lib"
  Total number of atoms: 2825
  Number of models: 1
  Model: ""
    Number of chains: 2
    Chain: "A"
      Number of atoms: 2687
      Number of conformers: 2
      Conformer: "A"
        Number of residues, atoms: 162, 2599
          Classifications: {'peptide': 162}
          Modifications used: {'NH3': 1}
          Link IDs: {'PTRANS': 3, 'TRANS': 158}
      Conformer: "B"
        Number of residues, atoms: 162, 2599
          Classifications: {'peptide': 162}
          Modifications used: {'NH3': 1}
          Link IDs: {'PTRANS': 3, 'TRANS': 158}
          bond proxies already assigned to first conformer: 2526
    Chain: "A"
      Number of atoms: 138
      Number of conformers: 1
      Conformer: ""
        Number of residues, atoms: 95, 138
          Unusual residues: {'HED': 1, 'MTN': 1, ' CL': 2}
          Classifications: {'undetermined': 4, 'water': 91}
          Link IDs: {None: 94}
          Unresolved non-hydrogen bonds: 4
          Unresolved non-hydrogen angles: 7
  Residues with excluded nonbonded symmetry interactions: 5
    residue:
      pdb=" N  ATHR A  21 " occ=0.56
      ... (26 atoms not shown)
      pdb="HG23BTHR A  21 " occ=0.44
    residue:
      pdb=" N  AASN A  53 " occ=0.56
      ... (26 atoms not shown)
      pdb="HD22BASN A  53 " occ=0.44
    residue:
      pdb=" N  AARG A  76 " occ=0.62
      ... (46 atoms not shown)
      pdb="HH22BARG A  76 " occ=0.38
    residue:
      pdb=" N  AMET A 106 " occ=0.55
      ... (32 atoms not shown)
      pdb=" HE3BMET A 106 " occ=0.45
    residue:
      pdb=" N  ATHR A 109 " occ=0.70
      ... (26 atoms not shown)
      pdb="HG23BTHR A 109 " occ=0.30
  Time building chain proxies: 0.57, per 1000 atoms: 0.20
  Number of scatterers: 2825
  At special positions: 0
  Unit cell: (61.02, 61.02, 96.481, 90, 90, 120)
  Space group: P 32 2 1 (No. 154)
  Number of sites at special positions: 0
  Number of scattering types: 6
    Type Number    sf(0)
     Cl      2     17.00
     S      10     16.00
     O     340      8.00
     N     244      7.00
     C     847      6.00
     H    1382      1.00
    sf(0) = scattering factor at diffraction angle 0.

  Number of disulfides: simple=0, symmetry=0
  Custom bonds:
    Warning: Ignoring bond with distance_ideal = None:
      atom_selection_1 = None
      atom_selection_2 = None
    Total number of added/changed bonds: 0
  Custom angles:
    Warning: Ignoring angle with angle_ideal = None:
      atom_selection_1 = None
      atom_selection_2 = None
      atom_selection_3 = None
    Total number of new custom angles: 0
    Total number of changed angles: 0
  Custom dihedrals:
    Warning: Ignoring dihedral with angle_ideal = None:
      atom_selection_1 = None
      atom_selection_2 = None
      atom_selection_3 = None
      atom_selection_4 = None
    Total number of custom dihedrals: 0
  Custom planarities:
    Warning: Ignoring planarity with with sigma <= 0:
      atom_selection = None
None
    Total number of custom planarities: 0
  Custom parallelities:
Warning: Ignoring parallelity with empty atom selection.
    Total number of custom parallelities: 0
  Custom bonds:
    Warning: Ignoring bond with distance_ideal = None:
      atom_selection_1 = None
      atom_selection_2 = None
    Total number of added/changed bonds: 0
  Custom angles:
    Warning: Ignoring angle with angle_ideal = None:
      atom_selection_1 = None
      atom_selection_2 = None
      atom_selection_3 = None
    Total number of new custom angles: 0
    Total number of changed angles: 0
  Custom dihedrals:
    Warning: Ignoring dihedral with angle_ideal = None:
      atom_selection_1 = None
      atom_selection_2 = None
      atom_selection_3 = None
      atom_selection_4 = None
    Total number of custom dihedrals: 0
  Custom planarities:
    Warning: Ignoring planarity with with sigma <= 0:
      atom_selection = None
None
    Total number of custom planarities: 0
  Custom parallelities:
Warning: Ignoring parallelity with empty atom selection.
    Total number of custom parallelities: 0

  Automatic linking
    Parameters for automatic linking
      Linking & cutoffs
        Metal                : Auto  - 3.50
        Amimo acid           : False - 1.90
        Carbohydrate         : True  - 1.99
        Ligands              : True  - 1.99
        Small molecules      : False - 1.98
        Amino acid - RNA/DNA : False
      
  Number of custom bonds: simple=1, symmetry=0
  Number of additional bonds: simple=1, symmetry=0
  Coordination:
  Other bonds:
  Time building additional restraints: 0.48
  Switching to conformation-dependent library
  Conformation dependent library (CDL) restraints added in 74.9 milliseconds
  
  Adding C-beta torsion restraints...
  Number of C-beta restraints generated:  312

  Time building geometry restraints manager: 0.54 seconds

  NOTE: a complete listing of the restraints can be obtained by requesting
        output of .geo file.

  Histogram of bond lengths:
        0.84 -     1.08: 1374
        1.08 -     1.32: 239
        1.32 -     1.55: 1113
        1.55 -     1.79: 17
        1.79 -     2.03: 13
  Bond restraints: 2756
  Sorted by residual:
  bond pdb=" SD  MET A   6 "
       pdb=" CE  MET A   6 "
    ideal  model  delta    sigma   weight residual
    1.791  1.856 -0.065 2.50e-02 1.60e+03 6.79e+00
  bond pdb=" CG  ARG A  96 "
       pdb=" CD  ARG A  96 "
    ideal  model  delta    sigma   weight residual
    1.520  1.596 -0.076 3.00e-02 1.11e+03 6.34e+00
  bond pdb=" CG  MET A   6 "
       pdb=" SD  MET A   6 "
    ideal  model  delta    sigma   weight residual
    1.803  1.854 -0.051 2.50e-02 1.60e+03 4.22e+00
  bond pdb=" CD  GLU A 128 "
       pdb=" OE1 GLU A 128 "
    ideal  model  delta    sigma   weight residual
    1.249  1.285 -0.036 1.90e-02 2.77e+03 3.57e+00
  bond pdb=" CB  MET A   6 "
       pdb=" CG  MET A   6 "
    ideal  model  delta    sigma   weight residual
    1.520  1.466  0.054 3.00e-02 1.11e+03 3.22e+00
  ... (remaining 2751 not shown)

  Histogram of bond angle deviations from ideal:
       92.25 -   100.60: 3
      100.60 -   108.96: 1249
      108.96 -   117.31: 2377
      117.31 -   125.66: 1327
      125.66 -   134.01: 21
  Bond angle restraints: 4977
  Sorted by residual:
  angle pdb=" CG  MET A   6 "
        pdb=" SD  MET A   6 "
        pdb=" CE  MET A   6 "
      ideal   model   delta    sigma   weight residual
     100.90   92.25    8.65 2.20e+00 2.07e-01 1.55e+01
  angle pdb=" N   MET A   6 "
        pdb=" CA  MET A   6 "
        pdb=" C   MET A   6 "
      ideal   model   delta    sigma   weight residual
     111.02  114.59   -3.57 1.22e+00 6.72e-01 8.58e+00
  angle pdb=" CA  TRP A 126 "
        pdb=" CB  TRP A 126 "
        pdb=" CG  TRP A 126 "
      ideal   model   delta    sigma   weight residual
     113.60  118.23   -4.63 1.90e+00 2.77e-01 5.95e+00
  angle pdb=" CA  MET A   6 "
        pdb=" CB  MET A   6 "
        pdb=" CG  MET A   6 "
      ideal   model   delta    sigma   weight residual
     114.10  118.82   -4.72 2.00e+00 2.50e-01 5.56e+00
  angle pdb=" CA  TRP A 138 "
        pdb=" CB  TRP A 138 "
        pdb=" CG  TRP A 138 "
      ideal   model   delta    sigma   weight residual
     113.60  117.86   -4.26 1.90e+00 2.77e-01 5.03e+00
  ... (remaining 4972 not shown)

  Histogram of dihedral angle deviations from ideal:
        0.00 -    11.71: 961
       11.71 -    23.42: 91
       23.42 -    35.14: 22
       35.14 -    46.85: 9
       46.85 -    58.56: 8
  Dihedral angle restraints: 1091
    sinusoidal: 532
      harmonic: 559
  Sorted by residual:
  dihedral pdb=" CA  ARG A 125 "
           pdb=" C   ARG A 125 "
           pdb=" N   TRP A 126 "
           pdb=" CA  TRP A 126 "
      ideal   model   delta  harmonic     sigma   weight residual
     180.00 -164.85  -15.15     0      5.00e+00 4.00e-02 9.18e+00
  dihedral pdb=" CB  LYS A  83 "
           pdb=" CG  LYS A  83 "
           pdb=" CD  LYS A  83 "
           pdb=" CE  LYS A  83 "
      ideal   model   delta sinusoidal    sigma   weight residual
      60.00  110.11  -50.11     3      1.50e+01 4.44e-03 8.86e+00
  dihedral pdb=" CA BARG A  76 "
           pdb=" CB BARG A  76 "
           pdb=" CG BARG A  76 "
           pdb=" CD BARG A  76 "
      ideal   model   delta sinusoidal    sigma   weight residual
    -180.00 -132.80  -47.20     3      1.50e+01 4.44e-03 8.46e+00
  ... (remaining 1088 not shown)

  Histogram of chiral volume deviations from ideal:
       0.000 -    0.035: 111
       0.035 -    0.071: 61
       0.071 -    0.106: 23
       0.106 -    0.142: 7
       0.142 -    0.177: 2
  Chirality restraints: 204
  Sorted by residual:
  chirality pdb=" CB  VAL A 103 "
            pdb=" CA  VAL A 103 "
            pdb=" CG1 VAL A 103 "
            pdb=" CG2 VAL A 103 "
    both_signs  ideal   model   delta    sigma   weight residual
      False     -2.63   -2.81    0.18 2.00e-01 2.50e+01 7.84e-01
  chirality pdb=" CA  PRO A 143 "
            pdb=" N   PRO A 143 "
            pdb=" C   PRO A 143 "
            pdb=" CB  PRO A 143 "
    both_signs  ideal   model   delta    sigma   weight residual
      False      2.72    2.56    0.15 2.00e-01 2.50e+01 5.95e-01
  chirality pdb=" CA  PRO A  37 "
            pdb=" N   PRO A  37 "
            pdb=" C   PRO A  37 "
            pdb=" CB  PRO A  37 "
    both_signs  ideal   model   delta    sigma   weight residual
      False      2.72    2.58    0.14 2.00e-01 2.50e+01 4.92e-01
  ... (remaining 201 not shown)

  Planarity restraints: 408
  Sorted by residual:
                                 delta    sigma   weight rms_deltas residual
  plane pdb=" CB  TRP A 138 "   -0.046 2.00e-02 2.50e+03   2.53e-02 2.57e+01
        pdb=" CG  TRP A 138 "    0.034 2.00e-02 2.50e+03
        pdb=" CD1 TRP A 138 "    0.006 2.00e-02 2.50e+03
        pdb=" CD2 TRP A 138 "    0.018 2.00e-02 2.50e+03
        pdb=" NE1 TRP A 138 "    0.013 2.00e-02 2.50e+03
        pdb=" CE2 TRP A 138 "   -0.016 2.00e-02 2.50e+03
        pdb=" CE3 TRP A 138 "    0.003 2.00e-02 2.50e+03
        pdb=" CZ2 TRP A 138 "   -0.013 2.00e-02 2.50e+03
        pdb=" CZ3 TRP A 138 "    0.017 2.00e-02 2.50e+03
        pdb=" CH2 TRP A 138 "   -0.015 2.00e-02 2.50e+03
        pdb=" HD1 TRP A 138 "   -0.017 2.00e-02 2.50e+03
        pdb=" HE1 TRP A 138 "    0.034 2.00e-02 2.50e+03
        pdb=" HE3 TRP A 138 "   -0.016 2.00e-02 2.50e+03
        pdb=" HZ2 TRP A 138 "   -0.011 2.00e-02 2.50e+03
        pdb=" HZ3 TRP A 138 "    0.048 2.00e-02 2.50e+03
        pdb=" HH2 TRP A 138 "   -0.039 2.00e-02 2.50e+03
                                 delta    sigma   weight rms_deltas residual
  plane pdb=" CB  ASN A  81 "   -0.006 2.00e-02 2.50e+03   2.83e-02 1.20e+01
        pdb=" CG  ASN A  81 "   -0.040 2.00e-02 2.50e+03
        pdb=" OD1 ASN A  81 "    0.036 2.00e-02 2.50e+03
        pdb=" ND2 ASN A  81 "   -0.004 2.00e-02 2.50e+03
        pdb="HD21 ASN A  81 "   -0.023 2.00e-02 2.50e+03
        pdb="HD22 ASN A  81 "    0.037 2.00e-02 2.50e+03
                                 delta    sigma   weight rms_deltas residual
  plane pdb=" CB  TYR A  88 "    0.028 2.00e-02 2.50e+03   1.95e-02 1.15e+01
        pdb=" CG  TYR A  88 "    0.007 2.00e-02 2.50e+03
        pdb=" CD1 TYR A  88 "   -0.015 2.00e-02 2.50e+03
        pdb=" CD2 TYR A  88 "    0.001 2.00e-02 2.50e+03
        pdb=" CE1 TYR A  88 "    0.010 2.00e-02 2.50e+03
        pdb=" CE2 TYR A  88 "   -0.006 2.00e-02 2.50e+03
        pdb=" CZ  TYR A  88 "    0.009 2.00e-02 2.50e+03
        pdb=" OH  TYR A  88 "    0.005 2.00e-02 2.50e+03
        pdb=" HD1 TYR A  88 "   -0.046 2.00e-02 2.50e+03
        pdb=" HD2 TYR A  88 "    0.003 2.00e-02 2.50e+03
        pdb=" HE1 TYR A  88 "    0.026 2.00e-02 2.50e+03
        pdb=" HE2 TYR A  88 "   -0.023 2.00e-02 2.50e+03
  ... (remaining 405 not shown)

  Histogram of nonbonded interaction distances:
        1.46 -     2.09: 90
        2.09 -     2.71: 4774
        2.71 -     3.34: 8970
        3.34 -     3.97: 12001
        3.97 -     4.60: 18584
  Nonbonded interactions: 44419
  Sorted by model distance:
  nonbonded pdb="HH12BARG A  76 "
            pdb=" OD1 ASP A  89 "
     model   vdw sym.op.
     1.457 1.850 x-y,-y,-z+1/3
  nonbonded pdb=" OD2 ASP A  10 "
            pdb=" HH  TYR A 161 "
     model   vdw
     1.794 1.850
  nonbonded pdb=" HH  TYR A  18 "
            pdb=" O   HOH A 302 "
     model   vdw
     1.821 1.850
  nonbonded pdb=" OE2 GLU A  45 "
            pdb="HD22 ASN A 116 "
     model   vdw sym.op.
     1.825 1.850 -x+y-1,-x,z+1/3
  nonbonded pdb=" HD2 ARG A 145 "
            pdb="HH11 ARG A 145 "
     model   vdw
     1.830 2.270
  ... (remaining 44414 not shown)

  NOTE: a complete listing of the restraints can be obtained by requesting
        output of .geo file.

End of input processing

  Symmetric amino acids flipped
    None
  Time to flip residues: 0.00s

  Monomer Library directory:
    "/home/liuyoujia/phenix-dev-4176/modules/chem_data/mon_lib"
  Total number of atoms: 2825
  Number of models: 1
  Model: ""
    Number of chains: 2
    Chain: "A"
      Number of atoms: 2687
      Number of conformers: 2
      Conformer: "A"
        Number of residues, atoms: 162, 2599
          Classifications: {'peptide': 162}
          Modifications used: {'NH3': 1}
          Link IDs: {'PTRANS': 3, 'TRANS': 158}
      Conformer: "B"
        Number of residues, atoms: 162, 2599
          Classifications: {'peptide': 162}
          Modifications used: {'NH3': 1}
          Link IDs: {'PTRANS': 3, 'TRANS': 158}
          bond proxies already assigned to first conformer: 2526
    Chain: "A"
      Number of atoms: 138
      Number of conformers: 1
      Conformer: ""
        Number of residues, atoms: 95, 138
          Unusual residues: {'HED': 1, 'MTN': 1, ' CL': 2}
          Classifications: {'undetermined': 4, 'water': 91}
          Link IDs: {None: 94}
          Unresolved non-hydrogen bonds: 4
          Unresolved non-hydrogen angles: 7
  Residues with excluded nonbonded symmetry interactions: 5
    residue:
      pdb=" N  ATHR A  21 " occ=0.56
      ... (26 atoms not shown)
      pdb="HG23BTHR A  21 " occ=0.44
    residue:
      pdb=" N  AASN A  53 " occ=0.56
      ... (26 atoms not shown)
      pdb="HD22BASN A  53 " occ=0.44
    residue:
      pdb=" N  AARG A  76 " occ=0.62
      ... (46 atoms not shown)
      pdb="HH22BARG A  76 " occ=0.38
    residue:
      pdb=" N  AMET A 106 " occ=0.55
      ... (32 atoms not shown)
      pdb=" HE3BMET A 106 " occ=0.45
    residue:
      pdb=" N  ATHR A 109 " occ=0.70
      ... (26 atoms not shown)
      pdb="HG23BTHR A 109 " occ=0.30
  Time building chain proxies: 0.62, per 1000 atoms: 0.22
  Number of scatterers: 2825
  At special positions: 0
  Unit cell: (61.02, 61.02, 96.481, 90, 90, 120)
  Space group: P 32 2 1 (No. 154)
  Number of sites at special positions: 0
  Number of scattering types: 6
    Type Number    sf(0)
     Cl      2     17.00
     S      10     16.00
     O     340      8.00
     N     244      7.00
     C     847      6.00
     H    1382      1.00
    sf(0) = scattering factor at diffraction angle 0.


=============================== Model properties ==============================

   Number of:
     all atoms      : 2825
     H or D atoms   : 1382
     chains         : 2
     a.a. residues  : 162
     nucleotides    : 0
     water          : 91
     other (ligands): 4
   Ligands: HED:1,MTN:1,CL:2

============================= Geometry restraints =============================


                        ----------Bond lengths----------                       

  All restrained atoms within 4.0 sigma of ideal values.

  Min. delta:    0.000 (Z=  0.000)
  Max. delta:    0.076 (Z=  3.896)
  Mean delta:    0.011 (Z=  0.578)

                        ----------Bond angles----------                        

  All restrained atoms within 4.0 sigma of ideal values.

  Min. delta:    0.000 (Z=  0.000)
  Max. delta:    8.651 (Z=  3.932)
  Mean delta:    1.038 (Z=  0.566)

                      ----------Dihedral angles----------                      

  All restrained atoms within 4.0 sigma of ideal values.

  Min. delta:    0.075
  Max. delta:   58.559
  Mean delta:   12.857

                       ----------Chiral volumes----------                      

  All restrained atoms within 4.0 sigma of ideal values.

  Min. delta:    0.000
  Max. delta:    0.177
  Mean delta:    0.053

                       ----------Planar groups----------                       

  All restrained atoms within 4.0 sigma of ideal values.

  Min. delta:    0.000
  Max. delta:    0.070
  Mean delta:    0.010

============================= Hydrogen validation =============================


                ----------H/D atoms in the input model----------               

  Total number of hydrogen atoms : 1382
  Total number of deuterium atoms: 0
  Number of H atoms (protein)    : 1357
  Number of D atoms (protein)    : 0
  Number of H atoms (water)      : 0
  Number of D atoms (water)      : 0
  Number of H atoms (other)      : 25
  Number of D atoms (other)      : 0

                      ----------Water molecules----------                      

  Number of water                            : 91
  Number of water with 0 H (or D)            : 91
  Number of water with 1 H (or D)            : 0
  Number of water with 2 H (or D)            : 0
  Number of water in alternative conformation: 0
  Number of water without oxygen atom        : 0

                    ----------MISSING H or D atoms----------                   

  HIS A  31  conformer  : HE2 
  CYS A  65  conformer  : HG 
  MTN A 203  conformer  : H1, H4, H3 

============================ Molprobity validation ============================


  Geometry Restraints Library: GeoStd + Monomer Library + CDL v1.2
  Deviations from Ideal Values.
    Bond      :  0.011   0.076   1374
    Angle     :  1.038   8.651   1860
    Chirality :  0.053   0.177    204
    Planarity :  0.010   0.070    240
    Dihedral  : 12.857  58.559    521
    Min Nonbonded Distance : 2.149
  
  Molprobity Statistics.
    All-atom Clashscore : 0.37
    Ramachandran Plot:
      Outliers :  0.00 %
      Allowed  :  0.62 %
      Favored  : 99.38 %
    Rotamer Outliers :  0.00 %
    Cbeta Deviations :  0.00 %
    Peptide Plane:
      Cis-proline     : 0.00 %
      Cis-general     : 0.00 %
      Twisted Proline : 0.00 %
      Twisted General : 0.00 %
  
  Rama-Z (Ramachandran plot Z-score):
  Interpretation: bad |Rama-Z| > 3; suspicious 2 < |Rama-Z| < 3; good |Rama-Z| < 2.
  Scores for whole/helix/sheet/loop are scaled independently;
  therefore, the values are not related in a simple manner.
    whole: -0.19 (0.60), residues: 175
    helix: -0.08 (0.43), residues: 127
    sheet:  None (None), residues: 0
    loop :  0.24 (0.90), residues: 48

                     ----------Asn/Gln/His flips----------                     

  No backwards Asn/Gln/His sidechains found.

=================================== Summary ===================================

  Ramachandran outliers =   0.00 %
                favored =  99.38 %
  Rotamer outliers      =   0.00 %
  C-beta deviations     =     0
  Clashscore            =   0.37
  RMS(bonds)            =   0.0108
  RMS(angles)           =   1.04
  MolProbity score      =   0.63
  Resolution            =   2.00
  R-work                =   0.1523
  R-free                =   0.1876
  Refinement program    = PHENIX

Results written to molprobity.out
Wrote script for Coot: molprobity_coot.py
