
=============================== Model properties ==============================

   Number of:
     all atoms      : 2825
     H or D atoms   : 1382
     chains         : 2
     a.a. residues  : 162
     nucleotides    : 0
     water          : 91
     other (ligands): 4
   Ligands: HED:1,MTN:1,CL:2

============================= Geometry restraints =============================


                        ----------Bond lengths----------                       

  All restrained atoms within 4.0 sigma of ideal values.

  Min. delta:    0.000 (Z=  0.000)
  Max. delta:    0.076 (Z=  3.896)
  Mean delta:    0.011 (Z=  0.578)

                        ----------Bond angles----------                        

  All restrained atoms within 4.0 sigma of ideal values.

  Min. delta:    0.000 (Z=  0.000)
  Max. delta:    8.651 (Z=  3.932)
  Mean delta:    1.038 (Z=  0.566)

                      ----------Dihedral angles----------                      

  All restrained atoms within 4.0 sigma of ideal values.

  Min. delta:    0.075
  Max. delta:   58.559
  Mean delta:   12.857

                       ----------Chiral volumes----------                      

  All restrained atoms within 4.0 sigma of ideal values.

  Min. delta:    0.000
  Max. delta:    0.177
  Mean delta:    0.053

                       ----------Planar groups----------                       

  All restrained atoms within 4.0 sigma of ideal values.

  Min. delta:    0.000
  Max. delta:    0.070
  Mean delta:    0.010

============================= Hydrogen validation =============================


                ----------H/D atoms in the input model----------               

  Total number of hydrogen atoms : 1382
  Total number of deuterium atoms: 0
  Number of H atoms (protein)    : 1357
  Number of D atoms (protein)    : 0
  Number of H atoms (water)      : 0
  Number of D atoms (water)      : 0
  Number of H atoms (other)      : 25
  Number of D atoms (other)      : 0

                      ----------Water molecules----------                      

  Number of water                            : 91
  Number of water with 0 H (or D)            : 91
  Number of water with 1 H (or D)            : 0
  Number of water with 2 H (or D)            : 0
  Number of water in alternative conformation: 0
  Number of water without oxygen atom        : 0

                    ----------MISSING H or D atoms----------                   

  HIS A  31  conformer  : HE2 
  CYS A  65  conformer  : HG 
  MTN A 203  conformer  : H1, H4, H3 

============================ Molprobity validation ============================


  Geometry Restraints Library: GeoStd + Monomer Library + CDL v1.2
  Deviations from Ideal Values.
    Bond      :  0.011   0.076   1374
    Angle     :  1.038   8.651   1860
    Chirality :  0.053   0.177    204
    Planarity :  0.010   0.070    240
    Dihedral  : 12.857  58.559    521
    Min Nonbonded Distance : 2.149
  
  Molprobity Statistics.
    All-atom Clashscore : 0.37
    Ramachandran Plot:
      Outliers :  0.00 %
      Allowed  :  0.62 %
      Favored  : 99.38 %
    Rotamer Outliers :  0.00 %
    Cbeta Deviations :  0.00 %
    Peptide Plane:
      Cis-proline     : 0.00 %
      Cis-general     : 0.00 %
      Twisted Proline : 0.00 %
      Twisted General : 0.00 %
  
  Rama-Z (Ramachandran plot Z-score):
  Interpretation: bad |Rama-Z| > 3; suspicious 2 < |Rama-Z| < 3; good |Rama-Z| < 2.
  Scores for whole/helix/sheet/loop are scaled independently;
  therefore, the values are not related in a simple manner.
    whole: -0.19 (0.60), residues: 175
    helix: -0.08 (0.43), residues: 127
    sheet:  None (None), residues: 0
    loop :  0.24 (0.90), residues: 48

                     ----------Asn/Gln/His flips----------                     

  No backwards Asn/Gln/His sidechains found.

=================================== Summary ===================================

  Ramachandran outliers =   0.00 %
                favored =  99.38 %
  Rotamer outliers      =   0.00 %
  C-beta deviations     =     0
  Clashscore            =   0.37
  RMS(bonds)            =   0.0108
  RMS(angles)           =   1.04
  MolProbity score      =   0.63
  Resolution            =   2.00
  R-work                =   0.1523
  R-free                =   0.1876
  Refinement program    = PHENIX
