
============================== Collecting inputs ==============================


                   ----------Processing PDB file(s)----------                  


  Symmetric amino acids flipped
    None
  Time to flip residues: 0.00s

  Monomer Library directory:
    "/home/liuyoujia/phenix-dev-4176/modules/chem_data/mon_lib"
  Total number of atoms: 2821
  Number of models: 1
  Model: ""
    Number of chains: 2
    Chain: "A"
      Number of atoms: 2635
      Number of conformers: 1
      Conformer: "A"
        Number of residues, atoms: 164, 2635
          Classifications: {'peptide': 164}
          Modifications used: {'NH3': 1}
          Link IDs: {'PTRANS': 3, 'TRANS': 160}
    Chain: "A"
      Number of atoms: 186
      Number of conformers: 1
      Conformer: "A"
        Number of residues, atoms: 143, 186
          Unusual residues: {'HED': 1, ' NA': 1, 'MTN': 1, ' CL': 1}
          Classifications: {'undetermined': 4, 'water': 139}
          Link IDs: {None: 142}
          Unresolved non-hydrogen bonds: 4
          Unresolved non-hydrogen angles: 7
  Residues with excluded nonbonded symmetry interactions: 16
    residue:
      pdb=" N  AARG A   8 " occ=0.83
      ... (22 atoms not shown)
      pdb="HH22AARG A   8 " occ=0.83
    residue:
      pdb=" N  AARG A  76 " occ=0.99
      ... (22 atoms not shown)
      pdb="HH22AARG A  76 " occ=0.99
    residue:
      pdb=" N  AMET A 106 " occ=0.85
      ... (15 atoms not shown)
      pdb=" HE3AMET A 106 " occ=0.85
    residue:
      pdb=" N  AGLU A 108 " occ=0.88
      ... (13 atoms not shown)
      pdb=" HG3AGLU A 108 " occ=0.88
    residue:
      pdb=" N  ATHR A 109 " occ=0.88
      ... (12 atoms not shown)
      pdb="HG23ATHR A 109 " occ=0.88
    residue:
      pdb=" N  AGLY A 110 " occ=0.88
      ... (5 atoms not shown)
      pdb=" HA3AGLY A 110 " occ=0.88
    residue:
      pdb=" N  AVAL A 111 " occ=0.88
      ... (14 atoms not shown)
      pdb="HG23AVAL A 111 " occ=0.88
    residue:
      pdb=" N  AALA A 112 " occ=0.88
      ... (8 atoms not shown)
      pdb=" HB3AALA A 112 " occ=0.88
    residue:
      pdb=" N  AGLY A 113 " occ=0.88
      ... (5 atoms not shown)
      pdb=" HA3AGLY A 113 " occ=0.88
    residue:
      pdb=" N  APHE A 114 " occ=0.88
      ... (18 atoms not shown)
      pdb=" HZ APHE A 114 " occ=0.88
    residue:
      pdb=" N  ACYS A 118 " occ=0.96
      ... (8 atoms not shown)
      pdb=" HB3ACYS A 118 " occ=0.96
    residue:
      pdb=" N  ALYS A 124 " occ=0.89
      ... (20 atoms not shown)
      pdb=" HZ3ALYS A 124 " occ=0.89
    ... (remaining 4 not shown)
  Time building chain proxies: 0.39, per 1000 atoms: 0.14
  Number of scatterers: 2821
  At special positions: 0
  Unit cell: (60.934, 60.934, 97.002, 90, 90, 120)
  Space group: P 32 2 1 (No. 154)
  Number of sites at special positions: 0
  Number of scattering types: 7
    Type  Number    sf(0)
     Cl       1     17.00
     S        9     16.00
     Na1+     1     10.00
     O      383      8.00
     N      239      7.00
     C      834      6.00
     H     1354      1.00
    sf(0) = scattering factor at diffraction angle 0.

  Number of disulfides: simple=0, symmetry=0
  Custom bonds:
    Warning: Ignoring bond with distance_ideal = None:
      atom_selection_1 = None
      atom_selection_2 = None
    Total number of added/changed bonds: 0
  Custom angles:
    Warning: Ignoring angle with angle_ideal = None:
      atom_selection_1 = None
      atom_selection_2 = None
      atom_selection_3 = None
    Total number of new custom angles: 0
    Total number of changed angles: 0
  Custom dihedrals:
    Warning: Ignoring dihedral with angle_ideal = None:
      atom_selection_1 = None
      atom_selection_2 = None
      atom_selection_3 = None
      atom_selection_4 = None
    Total number of custom dihedrals: 0
  Custom planarities:
    Warning: Ignoring planarity with with sigma <= 0:
      atom_selection = None
None
    Total number of custom planarities: 0
  Custom parallelities:
Warning: Ignoring parallelity with empty atom selection.
    Total number of custom parallelities: 0
  Custom bonds:
    Warning: Ignoring bond with distance_ideal = None:
      atom_selection_1 = None
      atom_selection_2 = None
    Total number of added/changed bonds: 0
  Custom angles:
    Warning: Ignoring angle with angle_ideal = None:
      atom_selection_1 = None
      atom_selection_2 = None
      atom_selection_3 = None
    Total number of new custom angles: 0
    Total number of changed angles: 0
  Custom dihedrals:
    Warning: Ignoring dihedral with angle_ideal = None:
      atom_selection_1 = None
      atom_selection_2 = None
      atom_selection_3 = None
      atom_selection_4 = None
    Total number of custom dihedrals: 0
  Custom planarities:
    Warning: Ignoring planarity with with sigma <= 0:
      atom_selection = None
None
    Total number of custom planarities: 0
  Custom parallelities:
Warning: Ignoring parallelity with empty atom selection.
    Total number of custom parallelities: 0

  Automatic linking
    Parameters for automatic linking
      Linking & cutoffs
        Metal                : Auto  - 3.50
        Amimo acid           : False - 1.90
        Carbohydrate         : True  - 1.99
        Ligands              : True  - 1.99
        Small molecules      : False - 1.98
        Amino acid - RNA/DNA : False
      
  Number of custom bonds: simple=1, symmetry=0
  Number of additional bonds: simple=1, symmetry=0
  Coordination:
  Other bonds:
  Time building additional restraints: 0.48
  Switching to conformation-dependent library
  Conformation dependent library (CDL) restraints added in 39.3 milliseconds
  
  Adding C-beta torsion restraints...
  Number of C-beta restraints generated:  306

  Time building geometry restraints manager: 0.54 seconds

  NOTE: a complete listing of the restraints can be obtained by requesting
        output of .geo file.

  Histogram of bond lengths:
        0.84 -     1.08: 1346
        1.08 -     1.32: 233
        1.32 -     1.56: 1105
        1.56 -     1.80: 6
        1.80 -     2.04: 9
  Bond restraints: 2699
  Sorted by residual:
  bond pdb=" CB AMET A 106 "
       pdb=" CG AMET A 106 "
    ideal  model  delta    sigma   weight residual
    1.520  1.422  0.098 3.00e-02 1.11e+03 1.07e+01
  bond pdb=" CG  ARG A 145 "
       pdb=" CD  ARG A 145 "
    ideal  model  delta    sigma   weight residual
    1.520  1.434  0.086 3.00e-02 1.11e+03 8.14e+00
  bond pdb=" CE ALYS A 124 "
       pdb=" NZ ALYS A 124 "
    ideal  model  delta    sigma   weight residual
    1.489  1.432  0.057 3.00e-02 1.11e+03 3.61e+00
  bond pdb=" SD  MET A   6 "
       pdb=" CE  MET A   6 "
    ideal  model  delta    sigma   weight residual
    1.791  1.745  0.046 2.50e-02 1.60e+03 3.39e+00
  bond pdb=" CB  GLN A  69 "
       pdb=" CG  GLN A  69 "
    ideal  model  delta    sigma   weight residual
    1.520  1.470  0.050 3.00e-02 1.11e+03 2.74e+00
  ... (remaining 2694 not shown)

  Histogram of bond angle deviations from ideal:
       95.14 -   102.98: 10
      102.98 -   110.82: 2810
      110.82 -   118.67: 887
      118.67 -   126.51: 1149
      126.51 -   134.35: 15
  Bond angle restraints: 4871
  Sorted by residual:
  angle pdb=" CB AMET A 106 "
        pdb=" CG AMET A 106 "
        pdb=" SD AMET A 106 "
      ideal   model   delta    sigma   weight residual
     112.70   99.74   12.96 3.00e+00 1.11e-01 1.87e+01
  angle pdb=" C6  HED A 502 "
        pdb=" C5  HED A 502 "
        pdb=" S4  HED A 502 "
      ideal   model   delta    sigma   weight residual
     112.50  104.13    8.37 3.00e+00 1.11e-01 7.78e+00
  angle pdb=" CG AMET A 106 "
        pdb=" SD AMET A 106 "
        pdb=" CE AMET A 106 "
      ideal   model   delta    sigma   weight residual
     100.90   95.14    5.76 2.20e+00 2.07e-01 6.85e+00
  angle pdb=" C  AMET A 106 "
        pdb=" CA AMET A 106 "
        pdb=" CB AMET A 106 "
      ideal   model   delta    sigma   weight residual
     109.07  104.77    4.30 1.68e+00 3.54e-01 6.57e+00
  angle pdb=" CA  PHE A 153 "
        pdb=" CB  PHE A 153 "
        pdb=" CG  PHE A 153 "
      ideal   model   delta    sigma   weight residual
     113.80  115.93   -2.13 1.00e+00 1.00e+00 4.56e+00
  ... (remaining 4866 not shown)

  Histogram of dihedral angle deviations from ideal:
        0.00 -    14.34: 955
       14.34 -    28.69: 83
       28.69 -    43.03: 13
       43.03 -    57.37: 11
       57.37 -    71.71: 3
  Dihedral angle restraints: 1065
    sinusoidal: 520
      harmonic: 545
  Sorted by residual:
  dihedral pdb=" CA  ARG A 125 "
           pdb=" C   ARG A 125 "
           pdb=" N   TRP A 126 "
           pdb=" CA  TRP A 126 "
      ideal   model   delta  harmonic     sigma   weight residual
    -180.00 -164.04  -15.96     0      5.00e+00 4.00e-02 1.02e+01
  dihedral pdb=" CA  ASP A  92 "
           pdb=" CB  ASP A  92 "
           pdb=" CG  ASP A  92 "
           pdb=" OD1 ASP A  92 "
      ideal   model   delta sinusoidal    sigma   weight residual
     -30.00  -84.43   54.43     1      2.00e+01 2.50e-03 1.00e+01
  dihedral pdb=" CB  ARG A 119 "
           pdb=" CG  ARG A 119 "
           pdb=" CD  ARG A 119 "
           pdb=" NE  ARG A 119 "
      ideal   model   delta sinusoidal    sigma   weight residual
      60.00  118.81  -58.81     3      1.50e+01 4.44e-03 9.47e+00
  ... (remaining 1062 not shown)

  Histogram of chiral volume deviations from ideal:
       0.000 -    0.028: 95
       0.028 -    0.056: 54
       0.056 -    0.084: 32
       0.084 -    0.112: 13
       0.112 -    0.140: 5
  Chirality restraints: 199
  Sorted by residual:
  chirality pdb=" CA ALYS A 124 "
            pdb=" N  ALYS A 124 "
            pdb=" C  ALYS A 124 "
            pdb=" CB ALYS A 124 "
    both_signs  ideal   model   delta    sigma   weight residual
      False      2.51    2.37    0.14 2.00e-01 2.50e+01 4.93e-01
  chirality pdb=" CA  PRO A 143 "
            pdb=" N   PRO A 143 "
            pdb=" C   PRO A 143 "
            pdb=" CB  PRO A 143 "
    both_signs  ideal   model   delta    sigma   weight residual
      False      2.72    2.59    0.13 2.00e-01 2.50e+01 4.43e-01
  chirality pdb=" CA  LYS A  16 "
            pdb=" N   LYS A  16 "
            pdb=" C   LYS A  16 "
            pdb=" CB  LYS A  16 "
    both_signs  ideal   model   delta    sigma   weight residual
      False      2.51    2.63   -0.12 2.00e-01 2.50e+01 3.85e-01
  ... (remaining 196 not shown)

  Planarity restraints: 391
  Sorted by residual:
                                 delta    sigma   weight rms_deltas residual
  plane pdb=" CB  TRP A 138 "   -0.065 2.00e-02 2.50e+03   2.77e-02 3.07e+01
        pdb=" CG  TRP A 138 "    0.024 2.00e-02 2.50e+03
        pdb=" CD1 TRP A 138 "    0.001 2.00e-02 2.50e+03
        pdb=" CD2 TRP A 138 "    0.011 2.00e-02 2.50e+03
        pdb=" NE1 TRP A 138 "    0.017 2.00e-02 2.50e+03
        pdb=" CE2 TRP A 138 "   -0.007 2.00e-02 2.50e+03
        pdb=" CE3 TRP A 138 "    0.021 2.00e-02 2.50e+03
        pdb=" CZ2 TRP A 138 "   -0.008 2.00e-02 2.50e+03
        pdb=" CZ3 TRP A 138 "    0.006 2.00e-02 2.50e+03
        pdb=" CH2 TRP A 138 "   -0.020 2.00e-02 2.50e+03
        pdb=" HD1 TRP A 138 "   -0.024 2.00e-02 2.50e+03
        pdb=" HE1 TRP A 138 "    0.040 2.00e-02 2.50e+03
        pdb=" HE3 TRP A 138 "    0.037 2.00e-02 2.50e+03
        pdb=" HZ2 TRP A 138 "    0.001 2.00e-02 2.50e+03
        pdb=" HZ3 TRP A 138 "    0.014 2.00e-02 2.50e+03
        pdb=" HH2 TRP A 138 "   -0.048 2.00e-02 2.50e+03
                                 delta    sigma   weight rms_deltas residual
  plane pdb=" CB  PHE A 104 "   -0.023 2.00e-02 2.50e+03   3.02e-02 2.74e+01
        pdb=" CG  PHE A 104 "    0.036 2.00e-02 2.50e+03
        pdb=" CD1 PHE A 104 "   -0.008 2.00e-02 2.50e+03
        pdb=" CD2 PHE A 104 "    0.021 2.00e-02 2.50e+03
        pdb=" CE1 PHE A 104 "    0.017 2.00e-02 2.50e+03
        pdb=" CE2 PHE A 104 "   -0.012 2.00e-02 2.50e+03
        pdb=" CZ  PHE A 104 "   -0.005 2.00e-02 2.50e+03
        pdb=" HD1 PHE A 104 "   -0.054 2.00e-02 2.50e+03
        pdb=" HD2 PHE A 104 "    0.034 2.00e-02 2.50e+03
        pdb=" HE1 PHE A 104 "    0.048 2.00e-02 2.50e+03
        pdb=" HE2 PHE A 104 "   -0.040 2.00e-02 2.50e+03
        pdb=" HZ  PHE A 104 "   -0.015 2.00e-02 2.50e+03
                                 delta    sigma   weight rms_deltas residual
  plane pdb=" CB  TRP A 158 "    0.035 2.00e-02 2.50e+03   2.26e-02 2.05e+01
        pdb=" CG  TRP A 158 "   -0.016 2.00e-02 2.50e+03
        pdb=" CD1 TRP A 158 "    0.005 2.00e-02 2.50e+03
        pdb=" CD2 TRP A 158 "   -0.017 2.00e-02 2.50e+03
        pdb=" NE1 TRP A 158 "   -0.011 2.00e-02 2.50e+03
        pdb=" CE2 TRP A 158 "   -0.009 2.00e-02 2.50e+03
        pdb=" CE3 TRP A 158 "   -0.021 2.00e-02 2.50e+03
        pdb=" CZ2 TRP A 158 "    0.005 2.00e-02 2.50e+03
        pdb=" CZ3 TRP A 158 "    0.013 2.00e-02 2.50e+03
        pdb=" CH2 TRP A 158 "    0.001 2.00e-02 2.50e+03
        pdb=" HD1 TRP A 158 "    0.026 2.00e-02 2.50e+03
        pdb=" HE1 TRP A 158 "   -0.020 2.00e-02 2.50e+03
        pdb=" HE3 TRP A 158 "   -0.046 2.00e-02 2.50e+03
        pdb=" HZ2 TRP A 158 "    0.016 2.00e-02 2.50e+03
        pdb=" HZ3 TRP A 158 "    0.045 2.00e-02 2.50e+03
        pdb=" HH2 TRP A 158 "   -0.010 2.00e-02 2.50e+03
  ... (remaining 388 not shown)

  Histogram of nonbonded interaction distances:
        1.79 -     2.54: 2385
        2.54 -     3.29: 10321
        3.29 -     4.04: 14428
        4.04 -     4.79: 23678
        4.79 -     5.54: 32342
  Nonbonded interactions: 83154
  Sorted by model distance:
  nonbonded pdb=" HD1 HIS A  31 "
            pdb=" OD2 ASP A  70 "
     model   vdw
     1.787 1.850
  nonbonded pdb=" HZ3 LYS A  85 "
            pdb=" OD2 ASP A  89 "
     model   vdw
     1.814 1.850
  nonbonded pdb=" HZ2 LYS A 147 "
            pdb=" O   HOH A2130 "
     model   vdw
     1.838 1.850
  nonbonded pdb="HE22 GLN A  69 "
            pdb=" O   HOH A2088 "
     model   vdw
     1.845 1.850
  nonbonded pdb=" HG1 THR A  59 "
            pdb=" O   HOH A2074 "
     model   vdw
     1.860 1.850
  ... (remaining 83149 not shown)

  NOTE: a complete listing of the restraints can be obtained by requesting
        output of .geo file.

End of input processing

  Symmetric amino acids flipped
    None
  Time to flip residues: 0.00s

  Monomer Library directory:
    "/home/liuyoujia/phenix-dev-4176/modules/chem_data/mon_lib"
  Total number of atoms: 2821
  Number of models: 1
  Model: ""
    Number of chains: 2
    Chain: "A"
      Number of atoms: 2635
      Number of conformers: 1
      Conformer: "A"
        Number of residues, atoms: 164, 2635
          Classifications: {'peptide': 164}
          Modifications used: {'NH3': 1}
          Link IDs: {'PTRANS': 3, 'TRANS': 160}
    Chain: "A"
      Number of atoms: 186
      Number of conformers: 1
      Conformer: "A"
        Number of residues, atoms: 143, 186
          Unusual residues: {'HED': 1, ' NA': 1, 'MTN': 1, ' CL': 1}
          Classifications: {'undetermined': 4, 'water': 139}
          Link IDs: {None: 142}
          Unresolved non-hydrogen bonds: 4
          Unresolved non-hydrogen angles: 7
  Residues with excluded nonbonded symmetry interactions: 16
    residue:
      pdb=" N  AARG A   8 " occ=0.83
      ... (22 atoms not shown)
      pdb="HH22AARG A   8 " occ=0.83
    residue:
      pdb=" N  AARG A  76 " occ=0.99
      ... (22 atoms not shown)
      pdb="HH22AARG A  76 " occ=0.99
    residue:
      pdb=" N  AMET A 106 " occ=0.85
      ... (15 atoms not shown)
      pdb=" HE3AMET A 106 " occ=0.85
    residue:
      pdb=" N  AGLU A 108 " occ=0.88
      ... (13 atoms not shown)
      pdb=" HG3AGLU A 108 " occ=0.88
    residue:
      pdb=" N  ATHR A 109 " occ=0.88
      ... (12 atoms not shown)
      pdb="HG23ATHR A 109 " occ=0.88
    residue:
      pdb=" N  AGLY A 110 " occ=0.88
      ... (5 atoms not shown)
      pdb=" HA3AGLY A 110 " occ=0.88
    residue:
      pdb=" N  AVAL A 111 " occ=0.88
      ... (14 atoms not shown)
      pdb="HG23AVAL A 111 " occ=0.88
    residue:
      pdb=" N  AALA A 112 " occ=0.88
      ... (8 atoms not shown)
      pdb=" HB3AALA A 112 " occ=0.88
    residue:
      pdb=" N  AGLY A 113 " occ=0.88
      ... (5 atoms not shown)
      pdb=" HA3AGLY A 113 " occ=0.88
    residue:
      pdb=" N  APHE A 114 " occ=0.88
      ... (18 atoms not shown)
      pdb=" HZ APHE A 114 " occ=0.88
    residue:
      pdb=" N  ACYS A 118 " occ=0.96
      ... (8 atoms not shown)
      pdb=" HB3ACYS A 118 " occ=0.96
    residue:
      pdb=" N  ALYS A 124 " occ=0.89
      ... (20 atoms not shown)
      pdb=" HZ3ALYS A 124 " occ=0.89
    ... (remaining 4 not shown)
  Time building chain proxies: 0.38, per 1000 atoms: 0.13
  Number of scatterers: 2821
  At special positions: 0
  Unit cell: (60.934, 60.934, 97.002, 90, 90, 120)
  Space group: P 32 2 1 (No. 154)
  Number of sites at special positions: 0
  Number of scattering types: 7
    Type  Number    sf(0)
     Cl       1     17.00
     S        9     16.00
     Na1+     1     10.00
     O      383      8.00
     N      239      7.00
     C      834      6.00
     H     1354      1.00
    sf(0) = scattering factor at diffraction angle 0.


=============================== Model properties ==============================

   Number of:
     all atoms      : 2821
     H or D atoms   : 1354
     chains         : 2
     a.a. residues  : 164
     nucleotides    : 0
     water          : 139
     other (ligands): 4
   Ligands: HED:1,NA:1,MTN:1,CL:1

============================= Geometry restraints =============================


                        ----------Bond lengths----------                       

  All restrained atoms within 4.0 sigma of ideal values.

  Min. delta:    0.000 (Z=  0.001)
  Max. delta:    0.098 (Z=  3.270)
  Mean delta:    0.010 (Z=  0.486)

                        ----------Bond angles----------                        

  atoms                   ideal    model    delta   sigma  residual   deviation
   A 106 AMET  CB     
   A 106 AMET  CG     
   A 106 AMET  SD        112.70    99.74    12.96  3.00e+00  1.87e+01   4.3*sigma

  Min. delta:    0.000 (Z=  0.000)
  Max. delta:   12.960 (Z=  4.320)
  Mean delta:    1.064 (Z=  0.589)

                      ----------Dihedral angles----------                      

  All restrained atoms within 4.0 sigma of ideal values.

  Min. delta:    0.000
  Max. delta:   71.713
  Mean delta:   14.101

                       ----------Chiral volumes----------                      

  All restrained atoms within 4.0 sigma of ideal values.

  Min. delta:    0.000
  Max. delta:    0.140
  Mean delta:    0.049

                       ----------Planar groups----------                       

  All restrained atoms within 4.0 sigma of ideal values.

  Min. delta:    0.000
  Max. delta:    0.070
  Mean delta:    0.010

============================= Hydrogen validation =============================


                ----------H/D atoms in the input model----------               

  Total number of hydrogen atoms : 1354
  Total number of deuterium atoms: 0
  Number of H atoms (protein)    : 1329
  Number of D atoms (protein)    : 0
  Number of H atoms (water)      : 0
  Number of D atoms (water)      : 0
  Number of H atoms (other)      : 25
  Number of D atoms (other)      : 0

                      ----------Water molecules----------                      

  Number of water                            : 139
  Number of water with 0 H (or D)            : 135
  Number of water with 1 H (or D)            : 0
  Number of water with 2 H (or D)            : 0
  Number of water in alternative conformation: 4
  Number of water without oxygen atom        : 0

                    ----------MISSING H or D atoms----------                   

  HIS A  31  conformer  : HE2 
  CYS A 118  conformer A : HG 
  MTN A 501  conformer A : H1, H4, H3 

============================ Molprobity validation ============================


  Geometry Restraints Library: GeoStd + Monomer Library + CDL v1.2
  Deviations from Ideal Values.
    Bond      :  0.010   0.098   1345
    Angle     :  1.064  12.960   1812
    Chirality :  0.049   0.140    199
    Planarity :  0.010   0.070    231
    Dihedral  : 14.101  71.713    507
    Min Nonbonded Distance : 2.025
  
  Molprobity Statistics.
    All-atom Clashscore : 2.24
    Ramachandran Plot:
      Outliers :  0.62 %
      Allowed  :  0.62 %
      Favored  : 98.77 %
    Rotamer Outliers :  0.00 %
    Cbeta Deviations :  0.00 %
    Peptide Plane:
      Cis-proline     : 0.00 %
      Cis-general     : 0.00 %
      Twisted Proline : 0.00 %
      Twisted General : 0.00 %
  
  Rama-Z (Ramachandran plot Z-score):
  Interpretation: bad |Rama-Z| > 3; suspicious 2 < |Rama-Z| < 3; good |Rama-Z| < 2.
  Scores for whole/helix/sheet/loop are scaled independently;
  therefore, the values are not related in a simple manner.
    whole:  0.02 (0.59), residues: 162
    helix:  0.13 (0.41), residues: 118
    sheet:  None (None), residues: 0
    loop :  0.12 (0.96), residues: 44

                     ----------Asn/Gln/His flips----------                     

  No backwards Asn/Gln/His sidechains found.

=================================== Summary ===================================

  Ramachandran outliers =   0.62 %
                favored =  98.77 %
  Rotamer outliers      =   0.00 %
  C-beta deviations     =     0
  Clashscore            =   2.24
  RMS(bonds)            =   0.0099
  RMS(angles)           =   1.06
  MolProbity score      =   1.00
  Resolution            =   1.61
  R-work                =   0.1657
  R-free                =   0.1839
  Refinement program    = PHENIX

Results written to molprobity.out
Wrote script for Coot: molprobity_coot.py
