
============================== Collecting inputs ==============================


                   ----------Processing PDB file(s)----------                  


  Symmetric amino acids flipped
    None
  Time to flip residues: 0.00s

  Monomer Library directory:
    "/home/liuyoujia/phenix-dev-4176/modules/chem_data/mon_lib"
  Total number of atoms: 8938
  Number of models: 1
  Model: ""
    Number of chains: 2
    Chain: "A"
      Number of atoms: 8393
      Number of conformers: 1
      Conformer: ""
        Number of residues, atoms: 549, 8393
          Classifications: {'peptide': 549}
          Link IDs: {'PTRANS': 13, 'TRANS': 534, 'PCIS': 1}
          Chain breaks: 3
          Unresolved non-hydrogen bonds: 21
          Unresolved non-hydrogen angles: 26
          Unresolved non-hydrogen dihedrals: 19
          Planarities with less than four sites: {'TYR:plan': 1, 'GLU:plan': 1, 'ARG:plan': 1}
          Unresolved non-hydrogen planarities: 16
    Chain: "A"
      Number of atoms: 545
      Number of conformers: 1
      Conformer: ""
        Number of residues, atoms: 141, 545
          Unusual residues: {' MG': 3, 'MTN': 1, 'C8E': 7}
          Classifications: {'undetermined': 11, 'water': 130}
          Link IDs: {None: 140}
          Unresolved non-hydrogen bonds: 4
          Unresolved non-hydrogen angles: 7
  Residues with excluded nonbonded symmetry interactions: 1
    residue:
      pdb=" C1  MTN A 598 " occ=0.79
      ... (25 atoms not shown)
      pdb=" H93 MTN A 598 " occ=0.79
  Time building chain proxies: 0.97, per 1000 atoms: 0.11
  Number of scatterers: 8938
  At special positions: 0
  Unit cell: (81.681, 81.681, 227.148, 90, 90, 120)
  Space group: P 31 2 1 (No. 152)
  Number of sites at special positions: 0
  Number of scattering types: 6
    Type Number    sf(0)
     S       4     16.00
     Mg      3     11.99
     O    1020      8.00
     N     744      7.00
     C    2841      6.00
     H    4326      1.00
    sf(0) = scattering factor at diffraction angle 0.

  Number of disulfides: simple=0, symmetry=0
  Custom bonds:
    Warning: Ignoring bond with distance_ideal = None:
      atom_selection_1 = None
      atom_selection_2 = None
    Total number of added/changed bonds: 0
  Custom angles:
    Warning: Ignoring angle with angle_ideal = None:
      atom_selection_1 = None
      atom_selection_2 = None
      atom_selection_3 = None
    Total number of new custom angles: 0
    Total number of changed angles: 0
  Custom dihedrals:
    Warning: Ignoring dihedral with angle_ideal = None:
      atom_selection_1 = None
      atom_selection_2 = None
      atom_selection_3 = None
      atom_selection_4 = None
    Total number of custom dihedrals: 0
  Custom planarities:
    Warning: Ignoring planarity with with sigma <= 0:
      atom_selection = None
None
    Total number of custom planarities: 0
  Custom parallelities:
Warning: Ignoring parallelity with empty atom selection.
    Total number of custom parallelities: 0
  Custom bonds:
    Warning: Ignoring bond with distance_ideal = None:
      atom_selection_1 = None
      atom_selection_2 = None
    Total number of added/changed bonds: 0
  Custom angles:
    Warning: Ignoring angle with angle_ideal = None:
      atom_selection_1 = None
      atom_selection_2 = None
      atom_selection_3 = None
    Total number of new custom angles: 0
    Total number of changed angles: 0
  Custom dihedrals:
    Warning: Ignoring dihedral with angle_ideal = None:
      atom_selection_1 = None
      atom_selection_2 = None
      atom_selection_3 = None
      atom_selection_4 = None
    Total number of custom dihedrals: 0
  Custom planarities:
    Warning: Ignoring planarity with with sigma <= 0:
      atom_selection = None
None
    Total number of custom planarities: 0
  Custom parallelities:
Warning: Ignoring parallelity with empty atom selection.
    Total number of custom parallelities: 0

  Automatic linking
    Parameters for automatic linking
      Linking & cutoffs
        Metal                : Auto  - 3.50
        Amimo acid           : False - 1.90
        Carbohydrate         : True  - 1.99
        Ligands              : True  - 1.99
        Small molecules      : False - 1.98
        Amino acid - RNA/DNA : False
      
  Number of custom bonds: simple=1, symmetry=0
  Number of additional bonds: simple=1, symmetry=0
  Coordination:
  Other bonds:
  Time building additional restraints: 1.36
  Switching to conformation-dependent library
  Conformation dependent library (CDL) restraints added in 128.0 milliseconds
  
  Adding C-beta torsion restraints...
  Number of C-beta restraints generated:  980

  Time building geometry restraints manager: 1.54 seconds

  NOTE: a complete listing of the restraints can be obtained by requesting
        output of .geo file.

  Histogram of bond lengths:
        0.84 -     1.04: 4095
        1.04 -     1.24: 762
        1.24 -     1.44: 1615
        1.44 -     1.64: 2422
        1.64 -     1.85: 6
  Bond restraints: 8900
  Sorted by residual:
  bond pdb=" CB  GLN A 372 "
       pdb=" CG  GLN A 372 "
    ideal  model  delta    sigma   weight residual
    1.520  1.345  0.175 3.00e-02 1.11e+03 3.39e+01
  bond pdb=" CA  GLY A 369 "
       pdb=" C   GLY A 369 "
    ideal  model  delta    sigma   weight residual
    1.519  1.489  0.029 7.00e-03 2.04e+04 1.77e+01
  bond pdb=" CG  GLN A 372 "
       pdb=" CD  GLN A 372 "
    ideal  model  delta    sigma   weight residual
    1.516  1.445  0.071 2.50e-02 1.60e+03 8.00e+00
  bond pdb=" CD  GLN A 521 "
       pdb=" OE1 GLN A 521 "
    ideal  model  delta    sigma   weight residual
    1.231  1.281 -0.050 1.90e-02 2.77e+03 7.06e+00
  bond pdb=" CB  ARG A 384 "
       pdb=" CG  ARG A 384 "
    ideal  model  delta    sigma   weight residual
    1.520  1.444  0.076 3.00e-02 1.11e+03 6.35e+00
  ... (remaining 8895 not shown)

  Histogram of bond angle deviations from ideal:
       99.29 -   106.31: 289
      106.31 -   113.34: 9924
      113.34 -   120.36: 3037
      120.36 -   127.39: 2636
      127.39 -   134.42: 44
  Bond angle restraints: 15930
  Sorted by residual:
  angle pdb=" C   GLU A 456 "
        pdb=" N   GLY A 457 "
        pdb=" CA  GLY A 457 "
      ideal   model   delta    sigma   weight residual
     121.41  109.42   11.99 1.96e+00 2.60e-01 3.74e+01
  angle pdb=" CA  TYR A 512 "
        pdb=" CB  TYR A 512 "
        pdb=" CG  TYR A 512 "
      ideal   model   delta    sigma   weight residual
     113.90  105.21    8.69 1.80e+00 3.09e-01 2.33e+01
  angle pdb=" CB  ARG A 384 "
        pdb=" CG  ARG A 384 "
        pdb=" CD  ARG A 384 "
      ideal   model   delta    sigma   weight residual
     111.30  102.13    9.17 2.30e+00 1.89e-01 1.59e+01
  angle pdb=" C   GLN A 372 "
        pdb=" CA  GLN A 372 "
        pdb=" CB  GLN A 372 "
      ideal   model   delta    sigma   weight residual
     109.80  103.10    6.70 1.70e+00 3.46e-01 1.55e+01
  angle pdb=" C   TYR A 512 "
        pdb=" CA  TYR A 512 "
        pdb=" CB  TYR A 512 "
      ideal   model   delta    sigma   weight residual
     110.42  117.91   -7.49 1.99e+00 2.53e-01 1.42e+01
  ... (remaining 15925 not shown)

  Histogram of dihedral angle deviations from ideal:
        0.00 -    35.83: 3443
       35.83 -    71.66: 93
       71.66 -   107.49: 16
      107.49 -   143.31: 9
      143.31 -   179.14: 11
  Dihedral angle restraints: 3572
    sinusoidal: 1655
      harmonic: 1917
  Sorted by residual:
  dihedral pdb=" C14 C8E A 806 "
           pdb=" C16 C8E A 806 "
           pdb=" O15 C8E A 806 "
           pdb=" C17 C8E A 806 "
      ideal   model   delta sinusoidal    sigma   weight residual
      59.98 -120.88 -179.14     1      2.00e+01 2.50e-03 4.80e+01
  dihedral pdb=" C17 C8E A 804 "
           pdb=" C19 C8E A 804 "
           pdb=" O18 C8E A 804 "
           pdb=" C20 C8E A 804 "
      ideal   model   delta sinusoidal    sigma   weight residual
     250.98   75.38  175.60     1      2.00e+01 2.50e-03 4.79e+01
  dihedral pdb=" C14 C8E A 800 "
           pdb=" C16 C8E A 800 "
           pdb=" O15 C8E A 800 "
           pdb=" C17 C8E A 800 "
      ideal   model   delta sinusoidal    sigma   weight residual
      59.98 -113.61  173.60     1      2.00e+01 2.50e-03 4.79e+01
  ... (remaining 3569 not shown)

  Histogram of chiral volume deviations from ideal:
       0.000 -    0.050: 376
       0.050 -    0.100: 194
       0.100 -    0.150: 45
       0.150 -    0.200: 23
       0.200 -    0.250: 5
  Chirality restraints: 643
  Sorted by residual:
  chirality pdb=" CB  VAL A 479 "
            pdb=" CA  VAL A 479 "
            pdb=" CG1 VAL A 479 "
            pdb=" CG2 VAL A 479 "
    both_signs  ideal   model   delta    sigma   weight residual
      False     -2.63   -2.88    0.25 2.00e-01 2.50e+01 1.56e+00
  chirality pdb=" CA  ASP A 316 "
            pdb=" N   ASP A 316 "
            pdb=" C   ASP A 316 "
            pdb=" CB  ASP A 316 "
    both_signs  ideal   model   delta    sigma   weight residual
      False      2.51    2.75   -0.24 2.00e-01 2.50e+01 1.44e+00
  chirality pdb=" CB  THR A  71 "
            pdb=" CA  THR A  71 "
            pdb=" OG1 THR A  71 "
            pdb=" CG2 THR A  71 "
    both_signs  ideal   model   delta    sigma   weight residual
      False      2.55    2.33    0.22 2.00e-01 2.50e+01 1.26e+00
  ... (remaining 640 not shown)

  Planarity restraints: 1316
  Sorted by residual:
                                 delta    sigma   weight rms_deltas residual
  plane pdb=" CB  TRP A  37 "    0.010 2.00e-02 2.50e+03   2.61e-02 2.73e+01
        pdb=" CG  TRP A  37 "    0.012 2.00e-02 2.50e+03
        pdb=" CD1 TRP A  37 "   -0.009 2.00e-02 2.50e+03
        pdb=" CD2 TRP A  37 "    0.011 2.00e-02 2.50e+03
        pdb=" NE1 TRP A  37 "    0.025 2.00e-02 2.50e+03
        pdb=" CE2 TRP A  37 "    0.011 2.00e-02 2.50e+03
        pdb=" CE3 TRP A  37 "   -0.010 2.00e-02 2.50e+03
        pdb=" CZ2 TRP A  37 "   -0.019 2.00e-02 2.50e+03
        pdb=" CZ3 TRP A  37 "    0.011 2.00e-02 2.50e+03
        pdb=" CH2 TRP A  37 "   -0.001 2.00e-02 2.50e+03
        pdb=" HD1 TRP A  37 "   -0.039 2.00e-02 2.50e+03
        pdb=" HE1 TRP A  37 "    0.050 2.00e-02 2.50e+03
        pdb=" HE3 TRP A  37 "   -0.038 2.00e-02 2.50e+03
        pdb=" HZ2 TRP A  37 "   -0.051 2.00e-02 2.50e+03
        pdb=" HZ3 TRP A  37 "    0.033 2.00e-02 2.50e+03
        pdb=" HH2 TRP A  37 "    0.006 2.00e-02 2.50e+03
                                 delta    sigma   weight rms_deltas residual
  plane pdb=" CB  TYR A 436 "    0.010 2.00e-02 2.50e+03   3.00e-02 2.71e+01
        pdb=" CG  TYR A 436 "    0.044 2.00e-02 2.50e+03
        pdb=" CD1 TYR A 436 "    0.001 2.00e-02 2.50e+03
        pdb=" CD2 TYR A 436 "    0.006 2.00e-02 2.50e+03
        pdb=" CE1 TYR A 436 "   -0.005 2.00e-02 2.50e+03
        pdb=" CE2 TYR A 436 "   -0.010 2.00e-02 2.50e+03
        pdb=" CZ  TYR A 436 "    0.038 2.00e-02 2.50e+03
        pdb=" OH  TYR A 436 "    0.044 2.00e-02 2.50e+03
        pdb=" HD1 TYR A 436 "   -0.025 2.00e-02 2.50e+03
        pdb=" HD2 TYR A 436 "   -0.010 2.00e-02 2.50e+03
        pdb=" HE1 TYR A 436 "   -0.039 2.00e-02 2.50e+03
        pdb=" HE2 TYR A 436 "   -0.055 2.00e-02 2.50e+03
                                 delta    sigma   weight rms_deltas residual
  plane pdb=" CB  TRP A 431 "   -0.000 2.00e-02 2.50e+03   2.30e-02 2.11e+01
        pdb=" CG  TRP A 431 "    0.012 2.00e-02 2.50e+03
        pdb=" CD1 TRP A 431 "   -0.014 2.00e-02 2.50e+03
        pdb=" CD2 TRP A 431 "    0.013 2.00e-02 2.50e+03
        pdb=" NE1 TRP A 431 "    0.017 2.00e-02 2.50e+03
        pdb=" CE2 TRP A 431 "    0.061 2.00e-02 2.50e+03
        pdb=" CE3 TRP A 431 "    0.003 2.00e-02 2.50e+03
        pdb=" CZ2 TRP A 431 "    0.003 2.00e-02 2.50e+03
        pdb=" CZ3 TRP A 431 "   -0.009 2.00e-02 2.50e+03
        pdb=" CH2 TRP A 431 "   -0.002 2.00e-02 2.50e+03
        pdb=" HD1 TRP A 431 "   -0.048 2.00e-02 2.50e+03
        pdb=" HE1 TRP A 431 "    0.011 2.00e-02 2.50e+03
        pdb=" HE3 TRP A 431 "    0.005 2.00e-02 2.50e+03
        pdb=" HZ2 TRP A 431 "   -0.030 2.00e-02 2.50e+03
        pdb=" HZ3 TRP A 431 "   -0.021 2.00e-02 2.50e+03
        pdb=" HH2 TRP A 431 "   -0.001 2.00e-02 2.50e+03
  ... (remaining 1313 not shown)

  Histogram of nonbonded interaction distances:
        1.36 -     2.01: 227
        2.01 -     2.66: 12400
        2.66 -     3.30: 26134
        3.30 -     3.95: 37014
        3.95 -     4.60: 56240
  Nonbonded interactions: 132015
  Sorted by model distance:
  nonbonded pdb=" HH  TYR A 275 "
            pdb="HE22 GLN A 537 "
     model   vdw sym.op.
     1.360 2.100 y-1,x,-z
  nonbonded pdb=" HE1 HIS A 174 "
            pdb="MG    MG A 595 "
     model   vdw
     1.403 1.760
  nonbonded pdb=" OH  TYR A 275 "
            pdb="HE22 GLN A 537 "
     model   vdw sym.op.
     1.569 1.850 y-1,x,-z
  nonbonded pdb=" H11 C8E A 802 "
            pdb="H172 C8E A 802 "
     model   vdw
     1.575 2.440
  nonbonded pdb=" HG1 THR A 343 "
            pdb=" O   HOH A 648 "
     model   vdw
     1.591 1.850
  ... (remaining 132010 not shown)

  NOTE: a complete listing of the restraints can be obtained by requesting
        output of .geo file.

End of input processing

  Symmetric amino acids flipped
    None
  Time to flip residues: 0.00s

  Monomer Library directory:
    "/home/liuyoujia/phenix-dev-4176/modules/chem_data/mon_lib"
  Total number of atoms: 8938
  Number of models: 1
  Model: ""
    Number of chains: 2
    Chain: "A"
      Number of atoms: 8393
      Number of conformers: 1
      Conformer: ""
        Number of residues, atoms: 549, 8393
          Classifications: {'peptide': 549}
          Link IDs: {'PTRANS': 13, 'TRANS': 534, 'PCIS': 1}
          Chain breaks: 3
          Unresolved non-hydrogen bonds: 21
          Unresolved non-hydrogen angles: 26
          Unresolved non-hydrogen dihedrals: 19
          Planarities with less than four sites: {'TYR:plan': 1, 'GLU:plan': 1, 'ARG:plan': 1}
          Unresolved non-hydrogen planarities: 16
    Chain: "A"
      Number of atoms: 545
      Number of conformers: 1
      Conformer: ""
        Number of residues, atoms: 141, 545
          Unusual residues: {' MG': 3, 'MTN': 1, 'C8E': 7}
          Classifications: {'undetermined': 11, 'water': 130}
          Link IDs: {None: 140}
          Unresolved non-hydrogen bonds: 4
          Unresolved non-hydrogen angles: 7
  Residues with excluded nonbonded symmetry interactions: 1
    residue:
      pdb=" C1  MTN A 598 " occ=0.79
      ... (25 atoms not shown)
      pdb=" H93 MTN A 598 " occ=0.79
  Time building chain proxies: 0.97, per 1000 atoms: 0.11
  Number of scatterers: 8938
  At special positions: 0
  Unit cell: (81.681, 81.681, 227.148, 90, 90, 120)
  Space group: P 31 2 1 (No. 152)
  Number of sites at special positions: 0
  Number of scattering types: 6
    Type Number    sf(0)
     S       4     16.00
     Mg      3     11.99
     O    1020      8.00
     N     744      7.00
     C    2841      6.00
     H    4326      1.00
    sf(0) = scattering factor at diffraction angle 0.


=============================== Model properties ==============================

   Number of:
     all atoms      : 8938
     H or D atoms   : 4326
     chains         : 2
     a.a. residues  : 549
     nucleotides    : 0
     water          : 130
     other (ligands): 11
   Ligands: MG:3,MTN:1,C8E:7

============================= Geometry restraints =============================


                        ----------Bond lengths----------                       

  atoms                 ideal   model   delta   sigma   slack  residual   deviation
   A 369  GLY  CA     
   A 369  GLY  C           1.52     1.49     0.03  7.00e-03  1.77e+01   4.2*sigma
   A 372  GLN  CB     
   A 372  GLN  CG          1.52     1.35     0.17  3.00e-02  3.39e+01   5.8*sigma

  Min. delta:    0.000 (Z=  0.000)
  Max. delta:    0.175 (Z= 12.221)
  Mean delta:    0.013 (Z=  0.715)

                        ----------Bond angles----------                        

  atoms                   ideal    model    delta   sigma  residual   deviation
   A 512  TYR  CA     
   A 512  TYR  CB     
   A 512  TYR  CG        113.90   105.21     8.69  1.80e+00  2.33e+01   4.8*sigma
   A 456  GLU  C      
   A 457  GLY  N      
   A 457  GLY  CA        121.41   109.42    11.99  1.96e+00  3.74e+01   6.1*sigma

  Min. delta:    0.000 (Z=  0.000)
  Max. delta:   11.986 (Z=  6.115)
  Mean delta:    1.378 (Z=  0.739)

                      ----------Dihedral angles----------                      

  atoms                   ideal    model    delta   sigma  residual   deviation
   A 521  GLN  CA     
   A 521  GLN  C      
   A 522  TYR  N      
   A 522  TYR  CA        180.00   159.86    20.14  5.00e+00  1.62e+01   4.0*sigma
   A 800  C8E  C10    
   A 800  C8E  C11    
   A 800  C8E  O12    
   A 800  C8E  C13        99.41  -179.47   -81.13  2.00e+01  2.03e+01   4.1*sigma
   A 512  TYR  CA     
   A 512  TYR  C      
   A 513  ASP  N      
   A 513  ASP  CA        180.00   159.49    20.51  5.00e+00  1.68e+01   4.1*sigma
   A 801  C8E  C11    
   A 801  C8E  C13    
   A 801  C8E  O12    
   A 801  C8E  C14       112.46  -162.03   -85.50  2.00e+01  2.21e+01   4.3*sigma
   A 487  ARG  CA     
   A 487  ARG  C      
   A 488  ASN  N      
   A 488  ASN  CA        180.00   158.33    21.67  5.00e+00  1.88e+01   4.3*sigma
   A 173  ALA  CA     
   A 173  ALA  C      
   A 174  HIS  N      
   A 174  HIS  CA        180.00  -157.13   -22.87  5.00e+00  2.09e+01   4.6*sigma
   A 806  C8E  C10    
   A 806  C8E  C11    
   A 806  C8E  O12    
   A 806  C8E  C13        99.41  -167.65   -92.94  2.00e+01  2.52e+01   4.6*sigma
   A 800  C8E  C13    
   A 800  C8E  C14    
   A 800  C8E  O15    
   A 800  C8E  C16      -120.24   137.76   102.00  2.00e+01  2.90e+01   5.1*sigma
   A 801  C8E  C16    
   A 801  C8E  C17    
   A 801  C8E  O18    
   A 801  C8E  C19        59.25   -44.28   103.54  2.00e+01  2.96e+01   5.2*sigma
   A 581  THR  CA     
   A 581  THR  C      
   A 582  ALA  N      
   A 582  ALA  CA        180.00  -154.08   -25.92  5.00e+00  2.69e+01   5.2*sigma
   A 800  C8E  C16    
   A 800  C8E  C17    
   A 800  C8E  O18    
   A 800  C8E  C19        59.25   172.71  -113.46  2.00e+01  3.36e+01   5.7*sigma
   A 801  C8E  C10    
   A 801  C8E  C8     
   A 801  C8E  O9     
   A 801  C8E  C7        -73.00   172.03   114.97  2.00e+01  3.41e+01   5.7*sigma
   A 803  C8E  C13    
   A 803  C8E  C14    
   A 803  C8E  O15    
   A 803  C8E  C16      -120.24   123.98   115.78  2.00e+01  3.44e+01   5.8*sigma
   A 803  C8E  C14    
   A 803  C8E  C16    
   A 803  C8E  O15    
   A 803  C8E  C17        59.98   -60.33   120.31  2.00e+01  3.61e+01   6.0*sigma
   A 802  C8E  C16    
   A 802  C8E  C17    
   A 802  C8E  O18    
   A 802  C8E  C19        59.25  -179.71  -121.04  2.00e+01  3.64e+01   6.1*sigma
   A 804  C8E  C10    
   A 804  C8E  C11    
   A 804  C8E  O12    
   A 804  C8E  C13        99.41  -135.35  -125.25  2.00e+01  3.78e+01   6.3*sigma
   A 806  C8E  C10    
   A 806  C8E  C8     
   A 806  C8E  O9     
   A 806  C8E  C7        -73.00   158.82   128.19  2.00e+01  3.88e+01   6.4*sigma
   A 806  C8E  C11    
   A 806  C8E  C10    
   A 806  C8E  O9     
   A 806  C8E  C8        167.31   -53.51  -139.18  2.00e+01  4.22e+01   7.0*sigma
   A 802  C8E  C17    
   A 802  C8E  C19    
   A 802  C8E  O18    
   A 802  C8E  C20      -109.02   106.92   144.06  2.00e+01  4.34e+01   7.2*sigma
   A 804  C8E  C16    
   A 804  C8E  C17    
   A 804  C8E  O18    
   A 804  C8E  C19        59.25  -155.02  -145.73  2.00e+01  4.38e+01   7.3*sigma
   A 804  C8E  C14    
   A 804  C8E  C16    
   A 804  C8E  O15    
   A 804  C8E  C17        59.98   -89.28   149.26  2.00e+01  4.46e+01   7.5*sigma
   A 802  C8E  C14    
   A 802  C8E  C16    
   A 802  C8E  O15    
   A 802  C8E  C17        59.98  -146.44  -153.58  2.00e+01  4.55e+01   7.7*sigma
   A 803  C8E  C16    
   A 803  C8E  C17    
   A 803  C8E  O18    
   A 803  C8E  C19        59.25  -145.67  -155.08  2.00e+01  4.58e+01   7.8*sigma
   A 803  C8E  C10    
   A 803  C8E  C8     
   A 803  C8E  O9     
   A 803  C8E  C7        -73.00    87.79  -160.78  2.00e+01  4.67e+01   8.0*sigma
   A 801  C8E  C10    
   A 801  C8E  C11    
   A 801  C8E  O12    
   A 801  C8E  C13        99.41   -96.12  -164.48  2.00e+01  4.71e+01   8.2*sigma
   A 803  C8E  C17    
   A 803  C8E  C19    
   A 803  C8E  O18    
   A 803  C8E  C20      -109.02    85.04   165.94  2.00e+01  4.73e+01   8.3*sigma
   A 800  C8E  C14    
   A 800  C8E  C16    
   A 800  C8E  O15    
   A 800  C8E  C17        59.98  -113.61   173.60  2.00e+01  4.79e+01   8.7*sigma
   A 804  C8E  C17    
   A 804  C8E  C19    
   A 804  C8E  O18    
   A 804  C8E  C20      -109.02    75.38   175.60  2.00e+01  4.79e+01   8.8*sigma
   A 806  C8E  C14    
   A 806  C8E  C16    
   A 806  C8E  O15    
   A 806  C8E  C17        59.98  -120.88  -179.14  2.00e+01  4.80e+01   9.0*sigma

  Min. delta:    0.011
  Max. delta:  179.142
  Mean delta:   23.907

                       ----------Chiral volumes----------                      

  All restrained atoms within 4.0 sigma of ideal values.

  Min. delta:    0.000
  Max. delta:    0.250
  Mean delta:    0.067

                       ----------Planar groups----------                       

  All restrained atoms within 4.0 sigma of ideal values.

  Min. delta:    0.000
  Max. delta:    0.101
  Mean delta:    0.011

============================= Hydrogen validation =============================


                ----------H/D atoms in the input model----------               

  Total number of hydrogen atoms : 4326
  Total number of deuterium atoms: 0
  Number of H atoms (protein)    : 4073
  Number of D atoms (protein)    : 0
  Number of H atoms (water)      : 0
  Number of D atoms (water)      : 0
  Number of H atoms (other)      : 253
  Number of D atoms (other)      : 0

                      ----------Water molecules----------                      

  Number of water                            : 130
  Number of water with 0 H (or D)            : 130
  Number of water with 1 H (or D)            : 0
  Number of water with 2 H (or D)            : 0
  Number of water in alternative conformation: 0
  Number of water without oxygen atom        : 0

             ----------H (or D) atoms with zero occupancy----------            

  pdb=" HD3 LYS A 163 "
  pdb=" HZ3 LYS A 163 "

             ----------H (or D) atoms with occupancy < 1----------             

  pdb=" HE2 LYS A 163 " with occupancy 0.83

                    ----------MISSING H or D atoms----------                   

  ASP A   6  conformer  : H 
  HIS A  75  conformer  : HD1 
  HIS A 174  conformer  : HD1 
  HIS A 176  conformer  : HE2 
  GLY A 196  conformer  : H 
  HIS A 208  conformer  : HE2 
  ARG A 226  conformer  : HE, HG2, HH22, HH21, HD2, HH12, HH11, HB2, HB3, HG3, HD3 
  THR A 242  conformer  : H 
  GLU A 259  conformer  : HG2, HB2, HB3, HG3 
  HIS A 271  conformer  : HD1 
  TYR A 277  conformer  : HE2, HE1, HD1, HH, HD2, HB2, HB3 
  SER A 287  conformer  : H 
  HIS A 308  conformer  : HD1 
  HIS A 368  conformer  : HD1 
  CYS A 371  conformer  : HG 
  HIS A 449  conformer  : HD1 
  LYS A 452  conformer  : HE2, HG2, HZ1, HZ3, HZ2, HD2, HG3, HD3, HE3 
  HIS A 477  conformer  : HD1 
  HIS A 558  conformer  : HD1 
  MTN A 598  conformer  : H1, H4, H3 

============================ Molprobity validation ============================


  Geometry Restraints Library: GeoStd + Monomer Library + CDL v1.2
  Deviations from Ideal Values.
    Bond      :  0.013   0.175   4574
    Angle     :  1.378  11.986   6168
    Chirality :  0.067   0.250    643
    Planarity :  0.011   0.101    785
    Dihedral  : 23.907 179.142   1678
    Min Nonbonded Distance : 2.068
  
  Molprobity Statistics.
    All-atom Clashscore : 5.45
    Ramachandran Plot:
      Outliers :  0.37 %
      Allowed  :  3.51 %
      Favored  : 96.12 %
    Rotamer Outliers :  1.32 %
    Cbeta Deviations :  0.00 %
    Peptide Plane:
      Cis-proline     : 7.14 %
      Cis-general     : 0.00 %
      Twisted Proline : 0.00 %
      Twisted General : 0.00 %
  
  Rama-Z (Ramachandran plot Z-score):
  Interpretation: bad |Rama-Z| > 3; suspicious 2 < |Rama-Z| < 3; good |Rama-Z| < 2.
  Scores for whole/helix/sheet/loop are scaled independently;
  therefore, the values are not related in a simple manner.
    whole:  0.21 (0.35), residues: 541
    helix: -0.95 (1.04), residues: 21
    sheet:  0.61 (0.26), residues: 337
    loop : -0.47 (0.47), residues: 183

                     ----------Asn/Gln/His flips----------                     

   A 174  HIS

=================================== Summary ===================================

  Ramachandran outliers =   0.37 %
                favored =  96.12 %
  Rotamer outliers      =   1.32 %
  C-beta deviations     =     0
  Clashscore            =   5.45
  RMS(bonds)            =   0.0134
  RMS(angles)           =   1.38
  MolProbity score      =   1.65
  Resolution            =   2.30
  R-work                =   0.2106
  R-free                =   0.2559
  Refinement program    = PHENIX

Results written to molprobity.out
Wrote script for Coot: molprobity_coot.py
