
=============================== Model properties ==============================

   Number of:
     all atoms      : 8938
     H or D atoms   : 4326
     chains         : 2
     a.a. residues  : 549
     nucleotides    : 0
     water          : 130
     other (ligands): 11
   Ligands: MG:3,MTN:1,C8E:7

============================= Geometry restraints =============================


                        ----------Bond lengths----------                       

  atoms                 ideal   model   delta   sigma   slack  residual   deviation
   A 369  GLY  CA     
   A 369  GLY  C           1.52     1.49     0.03  7.00e-03  1.77e+01   4.2*sigma
   A 372  GLN  CB     
   A 372  GLN  CG          1.52     1.35     0.17  3.00e-02  3.39e+01   5.8*sigma

  Min. delta:    0.000 (Z=  0.000)
  Max. delta:    0.175 (Z= 12.221)
  Mean delta:    0.013 (Z=  0.715)

                        ----------Bond angles----------                        

  atoms                   ideal    model    delta   sigma  residual   deviation
   A 512  TYR  CA     
   A 512  TYR  CB     
   A 512  TYR  CG        113.90   105.21     8.69  1.80e+00  2.33e+01   4.8*sigma
   A 456  GLU  C      
   A 457  GLY  N      
   A 457  GLY  CA        121.41   109.42    11.99  1.96e+00  3.74e+01   6.1*sigma

  Min. delta:    0.000 (Z=  0.000)
  Max. delta:   11.986 (Z=  6.115)
  Mean delta:    1.378 (Z=  0.739)

                      ----------Dihedral angles----------                      

  atoms                   ideal    model    delta   sigma  residual   deviation
   A 521  GLN  CA     
   A 521  GLN  C      
   A 522  TYR  N      
   A 522  TYR  CA        180.00   159.86    20.14  5.00e+00  1.62e+01   4.0*sigma
   A 800  C8E  C10    
   A 800  C8E  C11    
   A 800  C8E  O12    
   A 800  C8E  C13        99.41  -179.47   -81.13  2.00e+01  2.03e+01   4.1*sigma
   A 512  TYR  CA     
   A 512  TYR  C      
   A 513  ASP  N      
   A 513  ASP  CA        180.00   159.49    20.51  5.00e+00  1.68e+01   4.1*sigma
   A 801  C8E  C11    
   A 801  C8E  C13    
   A 801  C8E  O12    
   A 801  C8E  C14       112.46  -162.03   -85.50  2.00e+01  2.21e+01   4.3*sigma
   A 487  ARG  CA     
   A 487  ARG  C      
   A 488  ASN  N      
   A 488  ASN  CA        180.00   158.33    21.67  5.00e+00  1.88e+01   4.3*sigma
   A 173  ALA  CA     
   A 173  ALA  C      
   A 174  HIS  N      
   A 174  HIS  CA        180.00  -157.13   -22.87  5.00e+00  2.09e+01   4.6*sigma
   A 806  C8E  C10    
   A 806  C8E  C11    
   A 806  C8E  O12    
   A 806  C8E  C13        99.41  -167.65   -92.94  2.00e+01  2.52e+01   4.6*sigma
   A 800  C8E  C13    
   A 800  C8E  C14    
   A 800  C8E  O15    
   A 800  C8E  C16      -120.24   137.76   102.00  2.00e+01  2.90e+01   5.1*sigma
   A 801  C8E  C16    
   A 801  C8E  C17    
   A 801  C8E  O18    
   A 801  C8E  C19        59.25   -44.28   103.54  2.00e+01  2.96e+01   5.2*sigma
   A 581  THR  CA     
   A 581  THR  C      
   A 582  ALA  N      
   A 582  ALA  CA        180.00  -154.08   -25.92  5.00e+00  2.69e+01   5.2*sigma
   A 800  C8E  C16    
   A 800  C8E  C17    
   A 800  C8E  O18    
   A 800  C8E  C19        59.25   172.71  -113.46  2.00e+01  3.36e+01   5.7*sigma
   A 801  C8E  C10    
   A 801  C8E  C8     
   A 801  C8E  O9     
   A 801  C8E  C7        -73.00   172.03   114.97  2.00e+01  3.41e+01   5.7*sigma
   A 803  C8E  C13    
   A 803  C8E  C14    
   A 803  C8E  O15    
   A 803  C8E  C16      -120.24   123.98   115.78  2.00e+01  3.44e+01   5.8*sigma
   A 803  C8E  C14    
   A 803  C8E  C16    
   A 803  C8E  O15    
   A 803  C8E  C17        59.98   -60.33   120.31  2.00e+01  3.61e+01   6.0*sigma
   A 802  C8E  C16    
   A 802  C8E  C17    
   A 802  C8E  O18    
   A 802  C8E  C19        59.25  -179.71  -121.04  2.00e+01  3.64e+01   6.1*sigma
   A 804  C8E  C10    
   A 804  C8E  C11    
   A 804  C8E  O12    
   A 804  C8E  C13        99.41  -135.35  -125.25  2.00e+01  3.78e+01   6.3*sigma
   A 806  C8E  C10    
   A 806  C8E  C8     
   A 806  C8E  O9     
   A 806  C8E  C7        -73.00   158.82   128.19  2.00e+01  3.88e+01   6.4*sigma
   A 806  C8E  C11    
   A 806  C8E  C10    
   A 806  C8E  O9     
   A 806  C8E  C8        167.31   -53.51  -139.18  2.00e+01  4.22e+01   7.0*sigma
   A 802  C8E  C17    
   A 802  C8E  C19    
   A 802  C8E  O18    
   A 802  C8E  C20      -109.02   106.92   144.06  2.00e+01  4.34e+01   7.2*sigma
   A 804  C8E  C16    
   A 804  C8E  C17    
   A 804  C8E  O18    
   A 804  C8E  C19        59.25  -155.02  -145.73  2.00e+01  4.38e+01   7.3*sigma
   A 804  C8E  C14    
   A 804  C8E  C16    
   A 804  C8E  O15    
   A 804  C8E  C17        59.98   -89.28   149.26  2.00e+01  4.46e+01   7.5*sigma
   A 802  C8E  C14    
   A 802  C8E  C16    
   A 802  C8E  O15    
   A 802  C8E  C17        59.98  -146.44  -153.58  2.00e+01  4.55e+01   7.7*sigma
   A 803  C8E  C16    
   A 803  C8E  C17    
   A 803  C8E  O18    
   A 803  C8E  C19        59.25  -145.67  -155.08  2.00e+01  4.58e+01   7.8*sigma
   A 803  C8E  C10    
   A 803  C8E  C8     
   A 803  C8E  O9     
   A 803  C8E  C7        -73.00    87.79  -160.78  2.00e+01  4.67e+01   8.0*sigma
   A 801  C8E  C10    
   A 801  C8E  C11    
   A 801  C8E  O12    
   A 801  C8E  C13        99.41   -96.12  -164.48  2.00e+01  4.71e+01   8.2*sigma
   A 803  C8E  C17    
   A 803  C8E  C19    
   A 803  C8E  O18    
   A 803  C8E  C20      -109.02    85.04   165.94  2.00e+01  4.73e+01   8.3*sigma
   A 800  C8E  C14    
   A 800  C8E  C16    
   A 800  C8E  O15    
   A 800  C8E  C17        59.98  -113.61   173.60  2.00e+01  4.79e+01   8.7*sigma
   A 804  C8E  C17    
   A 804  C8E  C19    
   A 804  C8E  O18    
   A 804  C8E  C20      -109.02    75.38   175.60  2.00e+01  4.79e+01   8.8*sigma
   A 806  C8E  C14    
   A 806  C8E  C16    
   A 806  C8E  O15    
   A 806  C8E  C17        59.98  -120.88  -179.14  2.00e+01  4.80e+01   9.0*sigma

  Min. delta:    0.011
  Max. delta:  179.142
  Mean delta:   23.907

                       ----------Chiral volumes----------                      

  All restrained atoms within 4.0 sigma of ideal values.

  Min. delta:    0.000
  Max. delta:    0.250
  Mean delta:    0.067

                       ----------Planar groups----------                       

  All restrained atoms within 4.0 sigma of ideal values.

  Min. delta:    0.000
  Max. delta:    0.101
  Mean delta:    0.011

============================= Hydrogen validation =============================


                ----------H/D atoms in the input model----------               

  Total number of hydrogen atoms : 4326
  Total number of deuterium atoms: 0
  Number of H atoms (protein)    : 4073
  Number of D atoms (protein)    : 0
  Number of H atoms (water)      : 0
  Number of D atoms (water)      : 0
  Number of H atoms (other)      : 253
  Number of D atoms (other)      : 0

                      ----------Water molecules----------                      

  Number of water                            : 130
  Number of water with 0 H (or D)            : 130
  Number of water with 1 H (or D)            : 0
  Number of water with 2 H (or D)            : 0
  Number of water in alternative conformation: 0
  Number of water without oxygen atom        : 0

             ----------H (or D) atoms with zero occupancy----------            

  pdb=" HD3 LYS A 163 "
  pdb=" HZ3 LYS A 163 "

             ----------H (or D) atoms with occupancy < 1----------             

  pdb=" HE2 LYS A 163 " with occupancy 0.83

                    ----------MISSING H or D atoms----------                   

  ASP A   6  conformer  : H 
  HIS A  75  conformer  : HD1 
  HIS A 174  conformer  : HD1 
  HIS A 176  conformer  : HE2 
  GLY A 196  conformer  : H 
  HIS A 208  conformer  : HE2 
  ARG A 226  conformer  : HE, HG2, HH22, HH21, HD2, HH12, HH11, HB2, HB3, HG3, HD3 
  THR A 242  conformer  : H 
  GLU A 259  conformer  : HG2, HB2, HB3, HG3 
  HIS A 271  conformer  : HD1 
  TYR A 277  conformer  : HE2, HE1, HD1, HH, HD2, HB2, HB3 
  SER A 287  conformer  : H 
  HIS A 308  conformer  : HD1 
  HIS A 368  conformer  : HD1 
  CYS A 371  conformer  : HG 
  HIS A 449  conformer  : HD1 
  LYS A 452  conformer  : HE2, HG2, HZ1, HZ3, HZ2, HD2, HG3, HD3, HE3 
  HIS A 477  conformer  : HD1 
  HIS A 558  conformer  : HD1 
  MTN A 598  conformer  : H1, H4, H3 

============================ Molprobity validation ============================


  Geometry Restraints Library: GeoStd + Monomer Library + CDL v1.2
  Deviations from Ideal Values.
    Bond      :  0.013   0.175   4574
    Angle     :  1.378  11.986   6168
    Chirality :  0.067   0.250    643
    Planarity :  0.011   0.101    785
    Dihedral  : 23.907 179.142   1678
    Min Nonbonded Distance : 2.068
  
  Molprobity Statistics.
    All-atom Clashscore : 5.45
    Ramachandran Plot:
      Outliers :  0.37 %
      Allowed  :  3.51 %
      Favored  : 96.12 %
    Rotamer Outliers :  1.32 %
    Cbeta Deviations :  0.00 %
    Peptide Plane:
      Cis-proline     : 7.14 %
      Cis-general     : 0.00 %
      Twisted Proline : 0.00 %
      Twisted General : 0.00 %
  
  Rama-Z (Ramachandran plot Z-score):
  Interpretation: bad |Rama-Z| > 3; suspicious 2 < |Rama-Z| < 3; good |Rama-Z| < 2.
  Scores for whole/helix/sheet/loop are scaled independently;
  therefore, the values are not related in a simple manner.
    whole:  0.21 (0.35), residues: 541
    helix: -0.95 (1.04), residues: 21
    sheet:  0.61 (0.26), residues: 337
    loop : -0.47 (0.47), residues: 183

                     ----------Asn/Gln/His flips----------                     

   A 174  HIS

=================================== Summary ===================================

  Ramachandran outliers =   0.37 %
                favored =  96.12 %
  Rotamer outliers      =   1.32 %
  C-beta deviations     =     0
  Clashscore            =   5.45
  RMS(bonds)            =   0.0134
  RMS(angles)           =   1.38
  MolProbity score      =   1.65
  Resolution            =   2.30
  R-work                =   0.2106
  R-free                =   0.2559
  Refinement program    = PHENIX
