
============================== Collecting inputs ==============================


                   ----------Processing PDB file(s)----------                  


  Symmetric amino acids flipped
    Residue "A GLU  139": "OE1" <-> "OE2"
    Residue "A ASP  251": "OD1" <-> "OD2"
    Residue "A PHE  379": "CD1" <-> "CD2" "CE1" <-> "CE2" "HD1" <-> "HD2" "HE1" <-> "HE2"
    Residue "A TYR  405": "CD1" <-> "CD2" "CE1" <-> "CE2" "HD1" <-> "HD2" "HE1" <-> "HE2"
  Time to flip residues: 0.00s

  Monomer Library directory:
    "/home/liuyoujia/phenix-dev-4176/modules/chem_data/mon_lib"
  Total number of atoms: 8770
  Number of models: 1
  Model: ""
    Number of chains: 2
    Chain: "A"
      Number of atoms: 8335
      Number of conformers: 1
      Conformer: ""
        Number of residues, atoms: 548, 8335
          Classifications: {'peptide': 548}
          Link IDs: {'PTRANS': 14, 'TRANS': 533}
          Chain breaks: 3
          Unresolved non-hydrogen bonds: 44
          Unresolved non-hydrogen angles: 57
          Unresolved non-hydrogen dihedrals: 41
          Unresolved non-hydrogen chiralities: 2
          Planarities with less than four sites: {'TYR:plan': 1, 'GLU:plan': 1, 'ARG:plan': 1, 'TRP:plan': 1, 'ASP:plan': 1}
          Unresolved non-hydrogen planarities: 27
    Chain: "A"
      Number of atoms: 435
      Number of conformers: 1
      Conformer: ""
        Number of residues, atoms: 100, 435
          Unusual residues: {' MG': 9, 'MTN': 1, 'C8E': 6}
          Classifications: {'undetermined': 16, 'water': 84}
          Link IDs: {None: 99}
          Unresolved non-hydrogen bonds: 4
          Unresolved non-hydrogen angles: 7
  Residues with excluded nonbonded symmetry interactions: 2
    residue:
      pdb=" N   CYS A 156 " occ=0.90
      ... (8 atoms not shown)
      pdb=" HB3 CYS A 156 " occ=0.90
    residue:
      pdb=" C1  MTN A 604 " occ=0.78
      ... (10 atoms not shown)
      pdb=" S1  MTN A 604 " occ=0.78
  Time building chain proxies: 0.92, per 1000 atoms: 0.10
  Number of scatterers: 8770
  At special positions: 0
  Unit cell: (81.629, 81.629, 227.729, 90, 90, 120)
  Space group: P 31 2 1 (No. 152)
  Number of sites at special positions: 0
  Number of scattering types: 6
    Type Number    sf(0)
     S       4     16.00
     Mg      9     11.99
     O     964      8.00
     N     741      7.00
     C    2813      6.00
     H    4239      1.00
    sf(0) = scattering factor at diffraction angle 0.

  Number of disulfides: simple=0, symmetry=0
  Custom bonds:
    Warning: Ignoring bond with distance_ideal = None:
      atom_selection_1 = None
      atom_selection_2 = None
    Total number of added/changed bonds: 0
  Custom angles:
    Warning: Ignoring angle with angle_ideal = None:
      atom_selection_1 = None
      atom_selection_2 = None
      atom_selection_3 = None
    Total number of new custom angles: 0
    Total number of changed angles: 0
  Custom dihedrals:
    Warning: Ignoring dihedral with angle_ideal = None:
      atom_selection_1 = None
      atom_selection_2 = None
      atom_selection_3 = None
      atom_selection_4 = None
    Total number of custom dihedrals: 0
  Custom planarities:
    Warning: Ignoring planarity with with sigma <= 0:
      atom_selection = None
None
    Total number of custom planarities: 0
  Custom parallelities:
Warning: Ignoring parallelity with empty atom selection.
    Total number of custom parallelities: 0
  Custom bonds:
    Warning: Ignoring bond with distance_ideal = None:
      atom_selection_1 = None
      atom_selection_2 = None
    Total number of added/changed bonds: 0
  Custom angles:
    Warning: Ignoring angle with angle_ideal = None:
      atom_selection_1 = None
      atom_selection_2 = None
      atom_selection_3 = None
    Total number of new custom angles: 0
    Total number of changed angles: 0
  Custom dihedrals:
    Warning: Ignoring dihedral with angle_ideal = None:
      atom_selection_1 = None
      atom_selection_2 = None
      atom_selection_3 = None
      atom_selection_4 = None
    Total number of custom dihedrals: 0
  Custom planarities:
    Warning: Ignoring planarity with with sigma <= 0:
      atom_selection = None
None
    Total number of custom planarities: 0
  Custom parallelities:
Warning: Ignoring parallelity with empty atom selection.
    Total number of custom parallelities: 0

  Automatic linking
    Parameters for automatic linking
      Linking & cutoffs
        Metal                : Auto  - 3.50
        Amimo acid           : False - 1.90
        Carbohydrate         : True  - 1.99
        Ligands              : True  - 1.99
        Small molecules      : False - 1.98
        Amino acid - RNA/DNA : False
      
  Number of custom bonds: simple=1, symmetry=0
  Number of additional bonds: simple=1, symmetry=0
  Coordination:
  Other bonds:
  Time building additional restraints: 1.32
  Switching to conformation-dependent library
  Conformation dependent library (CDL) restraints added in 126.9 milliseconds
  
  Adding C-beta torsion restraints...
  Number of C-beta restraints generated:  976

  Time building geometry restraints manager: 1.53 seconds

  NOTE: a complete listing of the restraints can be obtained by requesting
        output of .geo file.

  Histogram of bond lengths:
        0.84 -     1.04: 4041
        1.04 -     1.24: 713
        1.24 -     1.44: 1598
        1.44 -     1.64: 2415
        1.64 -     1.84: 6
  Bond restraints: 8773
  Sorted by residual:
  bond pdb=" CB  THR A 426 "
       pdb=" CG2 THR A 426 "
    ideal  model  delta    sigma   weight residual
    1.521  1.428  0.093 3.30e-02 9.18e+02 7.89e+00
  bond pdb=" CA  GLY A 435 "
       pdb=" C   GLY A 435 "
    ideal  model  delta    sigma   weight residual
    1.516  1.537 -0.022 8.10e-03 1.52e+04 7.24e+00
  bond pdb=" C   GLN A 335 "
       pdb=" N   ARG A 336 "
    ideal  model  delta    sigma   weight residual
    1.331  1.298  0.034 1.37e-02 5.33e+03 6.07e+00
  bond pdb=" CB  VAL A 306 "
       pdb=" CG2 VAL A 306 "
    ideal  model  delta    sigma   weight residual
    1.521  1.440  0.081 3.30e-02 9.18e+02 6.00e+00
  bond pdb=" CB  VAL A   9 "
       pdb=" CG1 VAL A   9 "
    ideal  model  delta    sigma   weight residual
    1.521  1.441  0.080 3.30e-02 9.18e+02 5.84e+00
  ... (remaining 8768 not shown)

  Histogram of bond angle deviations from ideal:
      100.30 -   107.07: 552
      107.07 -   113.83: 9625
      113.83 -   120.59: 2997
      120.59 -   127.35: 2469
      127.35 -   134.12: 43
  Bond angle restraints: 15686
  Sorted by residual:
  angle pdb=" CA  TYR A 512 "
        pdb=" CB  TYR A 512 "
        pdb=" CG  TYR A 512 "
      ideal   model   delta    sigma   weight residual
     113.90  105.65    8.25 1.80e+00 3.09e-01 2.10e+01
  angle pdb=" N   ARG A 487 "
        pdb=" CA  ARG A 487 "
        pdb=" C   ARG A 487 "
      ideal   model   delta    sigma   weight residual
     109.24  116.71   -7.47 1.67e+00 3.59e-01 2.00e+01
  angle pdb=" N   ARG A  19 "
        pdb=" CA  ARG A  19 "
        pdb=" C   ARG A  19 "
      ideal   model   delta    sigma   weight residual
     111.33  116.02   -4.69 1.21e+00 6.83e-01 1.50e+01
  angle pdb=" C   TYR A 512 "
        pdb=" CA  TYR A 512 "
        pdb=" CB  TYR A 512 "
      ideal   model   delta    sigma   weight residual
     110.42  117.89   -7.47 1.99e+00 2.53e-01 1.41e+01
  angle pdb=" C   THR A 373 "
        pdb=" CA  THR A 373 "
        pdb=" CB  THR A 373 "
      ideal   model   delta    sigma   weight residual
     109.79  102.72    7.07 2.05e+00 2.38e-01 1.19e+01
  ... (remaining 15681 not shown)

  Histogram of dihedral angle deviations from ideal:
        0.00 -    35.35: 3391
       35.35 -    70.70: 101
       70.70 -   106.06: 18
      106.06 -   141.41: 13
      141.41 -   176.76: 7
  Dihedral angle restraints: 3530
    sinusoidal: 1618
      harmonic: 1912
  Sorted by residual:
  dihedral pdb=" CA  TYR A 534 "
           pdb=" C   TYR A 534 "
           pdb=" N   PRO A 535 "
           pdb=" CA  PRO A 535 "
      ideal   model   delta  harmonic     sigma   weight residual
    -180.00  -88.00  -92.00     0      5.00e+00 4.00e-02 3.39e+02
  dihedral pdb=" C17 C8E A 804 "
           pdb=" C19 C8E A 804 "
           pdb=" O18 C8E A 804 "
           pdb=" C20 C8E A 804 "
      ideal   model   delta sinusoidal    sigma   weight residual
     250.98   74.22  176.76     1      2.00e+01 2.50e-03 4.80e+01
  dihedral pdb=" C10 C8E A 801 "
           pdb=" C11 C8E A 801 "
           pdb=" O12 C8E A 801 "
           pdb=" C13 C8E A 801 "
      ideal   model   delta sinusoidal    sigma   weight residual
      99.40  -90.31 -170.29     1      2.00e+01 2.50e-03 4.77e+01
  ... (remaining 3527 not shown)

  Histogram of chiral volume deviations from ideal:
       0.000 -    0.050: 384
       0.050 -    0.100: 188
       0.100 -    0.150: 54
       0.150 -    0.200: 10
       0.200 -    0.249: 3
  Chirality restraints: 639
  Sorted by residual:
  chirality pdb=" CB  VAL A 306 "
            pdb=" CA  VAL A 306 "
            pdb=" CG1 VAL A 306 "
            pdb=" CG2 VAL A 306 "
    both_signs  ideal   model   delta    sigma   weight residual
      False     -2.63   -2.38   -0.25 2.00e-01 2.50e+01 1.56e+00
  chirality pdb=" CA  ILE A 380 "
            pdb=" N   ILE A 380 "
            pdb=" C   ILE A 380 "
            pdb=" CB  ILE A 380 "
    both_signs  ideal   model   delta    sigma   weight residual
      False      2.43    2.64   -0.21 2.00e-01 2.50e+01 1.09e+00
  chirality pdb=" CB  ILE A  54 "
            pdb=" CA  ILE A  54 "
            pdb=" CG1 ILE A  54 "
            pdb=" CG2 ILE A  54 "
    both_signs  ideal   model   delta    sigma   weight residual
      False      2.64    2.85   -0.20 2.00e-01 2.50e+01 1.03e+00
  ... (remaining 636 not shown)

  Planarity restraints: 1313
  Sorted by residual:
                                 delta    sigma   weight rms_deltas residual
  plane pdb=" C   TYR A 534 "   -0.101 5.00e-02 4.00e+02   1.56e-01 3.88e+01
        pdb=" N   PRO A 535 "    0.269 5.00e-02 4.00e+02
        pdb=" CA  PRO A 535 "   -0.088 5.00e-02 4.00e+02
        pdb=" CD  PRO A 535 "   -0.081 5.00e-02 4.00e+02
                                 delta    sigma   weight rms_deltas residual
  plane pdb=" CB  TYR A 341 "    0.036 2.00e-02 2.50e+03   2.06e-02 1.27e+01
        pdb=" CG  TYR A 341 "   -0.024 2.00e-02 2.50e+03
        pdb=" CD1 TYR A 341 "   -0.001 2.00e-02 2.50e+03
        pdb=" CD2 TYR A 341 "   -0.017 2.00e-02 2.50e+03
        pdb=" CE1 TYR A 341 "   -0.009 2.00e-02 2.50e+03
        pdb=" CE2 TYR A 341 "    0.006 2.00e-02 2.50e+03
        pdb=" CZ  TYR A 341 "    0.017 2.00e-02 2.50e+03
        pdb=" OH  TYR A 341 "    0.017 2.00e-02 2.50e+03
        pdb=" HD1 TYR A 341 "    0.019 2.00e-02 2.50e+03
        pdb=" HD2 TYR A 341 "   -0.027 2.00e-02 2.50e+03
        pdb=" HE1 TYR A 341 "   -0.032 2.00e-02 2.50e+03
        pdb=" HE2 TYR A 341 "    0.015 2.00e-02 2.50e+03
                                 delta    sigma   weight rms_deltas residual
  plane pdb=" CB  TYR A 522 "   -0.010 2.00e-02 2.50e+03   2.04e-02 1.25e+01
        pdb=" CG  TYR A 522 "    0.013 2.00e-02 2.50e+03
        pdb=" CD1 TYR A 522 "    0.014 2.00e-02 2.50e+03
        pdb=" CD2 TYR A 522 "   -0.004 2.00e-02 2.50e+03
        pdb=" CE1 TYR A 522 "   -0.015 2.00e-02 2.50e+03
        pdb=" CE2 TYR A 522 "    0.003 2.00e-02 2.50e+03
        pdb=" CZ  TYR A 522 "    0.003 2.00e-02 2.50e+03
        pdb=" OH  TYR A 522 "    0.023 2.00e-02 2.50e+03
        pdb=" HD1 TYR A 522 "    0.034 2.00e-02 2.50e+03
        pdb=" HD2 TYR A 522 "   -0.019 2.00e-02 2.50e+03
        pdb=" HE1 TYR A 522 "   -0.047 2.00e-02 2.50e+03
        pdb=" HE2 TYR A 522 "    0.007 2.00e-02 2.50e+03
  ... (remaining 1310 not shown)

  Histogram of nonbonded interaction distances:
        1.50 -     2.12: 417
        2.12 -     2.74: 15258
        2.74 -     3.36: 24351
        3.36 -     3.98: 34913
        3.98 -     4.60: 52956
  Nonbonded interactions: 127895
  Sorted by model distance:
  nonbonded pdb=" HB3 ARG A  19 "
            pdb=" HE  ARG A  19 "
     model   vdw
     1.496 2.270
  nonbonded pdb=" O   ILE A 123 "
            pdb="HE22 GLN A 417 "
     model   vdw
     1.576 1.850
  nonbonded pdb=" HH  TYR A 221 "
            pdb=" O   HOH A 648 "
     model   vdw
     1.602 1.850
  nonbonded pdb=" OE1 GLN A 506 "
            pdb=" HG1 THR A 519 "
     model   vdw
     1.621 1.850
  nonbonded pdb=" HG  SER A 249 "
            pdb=" OG  SER A 270 "
     model   vdw
     1.647 1.850
  ... (remaining 127890 not shown)

  NOTE: a complete listing of the restraints can be obtained by requesting
        output of .geo file.

End of input processing

  Symmetric amino acids flipped
    Residue "A GLU  139": "OE1" <-> "OE2"
    Residue "A ASP  251": "OD1" <-> "OD2"
    Residue "A PHE  379": "CD1" <-> "CD2" "CE1" <-> "CE2" "HD1" <-> "HD2" "HE1" <-> "HE2"
    Residue "A TYR  405": "CD1" <-> "CD2" "CE1" <-> "CE2" "HD1" <-> "HD2" "HE1" <-> "HE2"
  Time to flip residues: 0.00s

  Monomer Library directory:
    "/home/liuyoujia/phenix-dev-4176/modules/chem_data/mon_lib"
  Total number of atoms: 8770
  Number of models: 1
  Model: ""
    Number of chains: 2
    Chain: "A"
      Number of atoms: 8335
      Number of conformers: 1
      Conformer: ""
        Number of residues, atoms: 548, 8335
          Classifications: {'peptide': 548}
          Link IDs: {'PTRANS': 14, 'TRANS': 533}
          Chain breaks: 3
          Unresolved non-hydrogen bonds: 44
          Unresolved non-hydrogen angles: 57
          Unresolved non-hydrogen dihedrals: 41
          Unresolved non-hydrogen chiralities: 2
          Planarities with less than four sites: {'TYR:plan': 1, 'GLU:plan': 1, 'ARG:plan': 1, 'TRP:plan': 1, 'ASP:plan': 1}
          Unresolved non-hydrogen planarities: 27
    Chain: "A"
      Number of atoms: 435
      Number of conformers: 1
      Conformer: ""
        Number of residues, atoms: 100, 435
          Unusual residues: {' MG': 9, 'MTN': 1, 'C8E': 6}
          Classifications: {'undetermined': 16, 'water': 84}
          Link IDs: {None: 99}
          Unresolved non-hydrogen bonds: 4
          Unresolved non-hydrogen angles: 7
  Residues with excluded nonbonded symmetry interactions: 2
    residue:
      pdb=" N   CYS A 156 " occ=0.90
      ... (8 atoms not shown)
      pdb=" HB3 CYS A 156 " occ=0.90
    residue:
      pdb=" C1  MTN A 604 " occ=0.78
      ... (10 atoms not shown)
      pdb=" S1  MTN A 604 " occ=0.78
  Time building chain proxies: 0.98, per 1000 atoms: 0.11
  Number of scatterers: 8770
  At special positions: 0
  Unit cell: (81.629, 81.629, 227.729, 90, 90, 120)
  Space group: P 31 2 1 (No. 152)
  Number of sites at special positions: 0
  Number of scattering types: 6
    Type Number    sf(0)
     S       4     16.00
     Mg      9     11.99
     O     964      8.00
     N     741      7.00
     C    2813      6.00
     H    4239      1.00
    sf(0) = scattering factor at diffraction angle 0.


=============================== Model properties ==============================

   Number of:
     all atoms      : 8770
     H or D atoms   : 4239
     chains         : 2
     a.a. residues  : 548
     nucleotides    : 0
     water          : 84
     other (ligands): 16
   Ligands: MG:9,MTN:1,C8E:6

============================= Geometry restraints =============================


                        ----------Bond lengths----------                       

  All restrained atoms within 4.0 sigma of ideal values.

  Min. delta:    0.000 (Z=  0.000)
  Max. delta:    0.093 (Z=  5.903)
  Mean delta:    0.011 (Z=  0.645)

                        ----------Bond angles----------                        

  atoms                   ideal    model    delta   sigma  residual   deviation
   A 487  ARG  N      
   A 487  ARG  CA     
   A 487  ARG  C         109.24   116.71    -7.47  1.67e+00  2.00e+01   4.5*sigma
   A 512  TYR  CA     
   A 512  TYR  CB     
   A 512  TYR  CG        113.90   105.65     8.25  1.80e+00  2.10e+01   4.6*sigma

  Min. delta:    0.000 (Z=  0.000)
  Max. delta:   13.292 (Z=  4.582)
  Mean delta:    1.273 (Z=  0.681)

                      ----------Dihedral angles----------                      

  atoms                   ideal    model    delta   sigma  residual   deviation
   A 521  GLN  CA     
   A 521  GLN  C      
   A 522  TYR  N      
   A 522  TYR  CA        180.00   159.20    20.80  5.00e+00  1.73e+01   4.2*sigma
   A 487  ARG  CA     
   A 487  ARG  C      
   A 488  ASN  N      
   A 488  ASN  CA        180.00   158.33    21.67  5.00e+00  1.88e+01   4.3*sigma
   A 800  C8E  C11    
   A 800  C8E  C13    
   A 800  C8E  O12    
   A 800  C8E  C14       112.46  -155.28   -92.26  2.00e+01  2.49e+01   4.6*sigma
   A 803  C8E  C17    
   A 803  C8E  C19    
   A 803  C8E  O18    
   A 803  C8E  C20      -109.02   158.10    92.88  2.00e+01  2.52e+01   4.6*sigma
   A 581  THR  CA     
   A 581  THR  C      
   A 582  ALA  N      
   A 582  ALA  CA        180.00  -155.96   -24.04  5.00e+00  2.31e+01   4.8*sigma
   A 801  C8E  C17    
   A 801  C8E  C19    
   A 801  C8E  O18    
   A 801  C8E  C20      -109.02   154.68    96.30  2.00e+01  2.66e+01   4.8*sigma
   A 801  C8E  C11    
   A 801  C8E  C10    
   A 801  C8E  O9     
   A 801  C8E  C8        167.31    69.20    98.12  2.00e+01  2.74e+01   4.9*sigma
   A 801  C8E  C11    
   A 801  C8E  C13    
   A 801  C8E  O12    
   A 801  C8E  C14       112.46  -140.90  -106.63  2.00e+01  3.09e+01   5.3*sigma
   A 805  C8E  C10    
   A 805  C8E  C11    
   A 805  C8E  O12    
   A 805  C8E  C13        99.41  -149.61  -110.99  2.00e+01  3.26e+01   5.5*sigma
   A 804  C8E  C16    
   A 804  C8E  C17    
   A 804  C8E  O18    
   A 804  C8E  C19        59.25   170.90  -111.65  2.00e+01  3.29e+01   5.6*sigma
   A 803  C8E  C10    
   A 803  C8E  C8     
   A 803  C8E  O9     
   A 803  C8E  C7        -73.00    39.01  -112.01  2.00e+01  3.30e+01   5.6*sigma
   A 804  C8E  C14    
   A 804  C8E  C16    
   A 804  C8E  O15    
   A 804  C8E  C17        59.98   -53.95   113.94  2.00e+01  3.37e+01   5.7*sigma
   A 804  C8E  C11    
   A 804  C8E  C10    
   A 804  C8E  O9     
   A 804  C8E  C8        167.31    53.12   114.20  2.00e+01  3.38e+01   5.7*sigma
   A 804  C8E  C10    
   A 804  C8E  C11    
   A 804  C8E  O12    
   A 804  C8E  C13        99.41  -144.48  -116.11  2.00e+01  3.46e+01   5.8*sigma
   A 803  C8E  C13    
   A 803  C8E  C14    
   A 803  C8E  O15    
   A 803  C8E  C16      -120.24   118.96   120.80  2.00e+01  3.63e+01   6.0*sigma
   A 802  C8E  C14    
   A 802  C8E  C16    
   A 802  C8E  O15    
   A 802  C8E  C17        59.98   -67.52   127.51  2.00e+01  3.86e+01   6.4*sigma
   A 805  C8E  C14    
   A 805  C8E  C16    
   A 805  C8E  O15    
   A 805  C8E  C17        59.98   -72.91   132.89  2.00e+01  4.03e+01   6.6*sigma
   A 805  C8E  C13    
   A 805  C8E  C14    
   A 805  C8E  O15    
   A 805  C8E  C16      -120.24    19.05  -139.29  2.00e+01  4.22e+01   7.0*sigma
   A 800  C8E  C16    
   A 800  C8E  C17    
   A 800  C8E  O18    
   A 800  C8E  C19        59.25  -160.52  -140.23  2.00e+01  4.24e+01   7.0*sigma
   A 803  C8E  C16    
   A 803  C8E  C17    
   A 803  C8E  O18    
   A 803  C8E  C19        59.25   -84.57   143.82  2.00e+01  4.34e+01   7.2*sigma
   A 803  C8E  C11    
   A 803  C8E  C13    
   A 803  C8E  O12    
   A 803  C8E  C14       112.46   -36.83   149.29  2.00e+01  4.46e+01   7.5*sigma
   A 800  C8E  C10    
   A 800  C8E  C8     
   A 800  C8E  O9     
   A 800  C8E  C7        -73.00    82.43  -155.43  2.00e+01  4.58e+01   7.8*sigma
   A 800  C8E  C14    
   A 800  C8E  C16    
   A 800  C8E  O15    
   A 800  C8E  C17        59.98  -101.70   161.68  2.00e+01  4.68e+01   8.1*sigma
   A 800  C8E  C10    
   A 800  C8E  C11    
   A 800  C8E  O12    
   A 800  C8E  C13        99.41   -97.70  -162.89  2.00e+01  4.69e+01   8.1*sigma
   A 801  C8E  C10    
   A 801  C8E  C11    
   A 801  C8E  O12    
   A 801  C8E  C13        99.41   -90.31  -170.29  2.00e+01  4.77e+01   8.5*sigma
   A 804  C8E  C17    
   A 804  C8E  C19    
   A 804  C8E  O18    
   A 804  C8E  C20      -109.02    74.22   176.76  2.00e+01  4.80e+01   8.8*sigma
   A 534  TYR  CA     
   A 534  TYR  C      
   A 535  PRO  N      
   A 535  PRO  CA        180.00   -88.00   -92.00  5.00e+00  3.39e+02  18.4*sigma

  Min. delta:    0.000
  Max. delta:  176.761
  Mean delta:   23.744

                       ----------Chiral volumes----------                      

  All restrained atoms within 4.0 sigma of ideal values.

  Min. delta:    0.000
  Max. delta:    0.249
  Mean delta:    0.063

                       ----------Planar groups----------                       

  atoms                 rms_deltas   delta_max    residual   deviation
   A 534  TYR  C      
   A 535  PRO  N      
   A 535  PRO  CA     
   A 535  PRO  CD            0.156       0.269       38.81   5.4*sigma

  Min. delta:    0.000
  Max. delta:    0.156
  Mean delta:    0.011

============================= Hydrogen validation =============================


                ----------H/D atoms in the input model----------               

  Total number of hydrogen atoms : 4239
  Total number of deuterium atoms: 0
  Number of H atoms (protein)    : 4035
  Number of D atoms (protein)    : 0
  Number of H atoms (water)      : 0
  Number of D atoms (water)      : 0
  Number of H atoms (other)      : 204
  Number of D atoms (other)      : 0

                      ----------Water molecules----------                      

  Number of water                            : 84
  Number of water with 0 H (or D)            : 84
  Number of water with 1 H (or D)            : 0
  Number of water with 2 H (or D)            : 0
  Number of water in alternative conformation: 0
  Number of water without oxygen atom        : 0

             ----------H (or D) atoms with occupancy < 1----------             

  pdb=" H   CYS A 156 " with occupancy 0.9
  pdb=" HA  CYS A 156 " with occupancy 0.9
  pdb=" HB2 CYS A 156 " with occupancy 0.9
  pdb=" HB3 CYS A 156 " with occupancy 0.9

                    ----------MISSING H or D atoms----------                   

  THR A   7  conformer  : H 
  HIS A  75  conformer  : HD1 
  TRP A 144  conformer  : HH2, HE1, HE3, HZ3, HZ2, HD1 
  CYS A 156  conformer  : HG 
  ASP A 162  conformer  : HA, HB2, HB3 
  LYS A 163  conformer  : HE2, HG2, HZ1, HZ3, HZ2, HD2, HB2, HB3, HG3, HD3, HE3 
  HIS A 174  conformer  : HE2 
  HIS A 176  conformer  : HD1 
  GLY A 196  conformer  : H 
  HIS A 208  conformer  : HD1 
  ARG A 226  conformer  : HE, HG2, HH22, HH21, HD2, HH12, HH11, HB2, HB3, HG3, HD3 
  ASP A 241  conformer  : H 
  LYS A 244  conformer  : HE2, HG2, HZ1, HZ3, HZ2, HD2, HB2, HB3, HG3, HD3, HE3 
  GLU A 259  conformer  : HG2, HG3 
  HIS A 271  conformer  : HD1 
  LYS A 273  conformer  : HE2, HZ1, HZ3, HZ2, HD2, HD3, HE3 
  TYR A 277  conformer  : HE2, HE1, HD1, HH, HD2, HB2, HB3 
  ALA A 288  conformer  : H 
  HIS A 308  conformer  : HD1 
  HIS A 368  conformer  : HD1 
  HIS A 449  conformer  : HD1 
  LEU A 451  conformer  : HD22, HD23, HD21, HD13, HD12, HD11, HG, HB2, HB3 
  HIS A 477  conformer  : HD1 
  HIS A 558  conformer  : HD1 
  MTN A 604  conformer  : H83, H81, H72, H73, H71, H91, H92, H93, H82, H2, H1, H4, H42, H41, H3, H61, H63, H62 

============================ Molprobity validation ============================


  Geometry Restraints Library: GeoStd + Monomer Library + CDL v1.2
  Deviations from Ideal Values.
    Bond      :  0.011   0.093   4534
    Angle     :  1.273  13.292   6123
    Chirality :  0.063   0.249    639
    Planarity :  0.011   0.156    783
    Dihedral  : 23.744 176.761   1648
    Min Nonbonded Distance : 2.161
  
  Molprobity Statistics.
    All-atom Clashscore : 5.40
    Ramachandran Plot:
      Outliers :  0.19 %
      Allowed  :  3.70 %
      Favored  : 96.11 %
    Rotamer Outliers :  1.79 %
    Cbeta Deviations :  0.00 %
    Peptide Plane:
      Cis-proline     : 0.00 %
      Cis-general     : 0.00 %
      Twisted Proline : 7.14 %
      Twisted General : 0.00 %
  
  Rama-Z (Ramachandran plot Z-score):
  Interpretation: bad |Rama-Z| > 3; suspicious 2 < |Rama-Z| < 3; good |Rama-Z| < 2.
  Scores for whole/helix/sheet/loop are scaled independently;
  therefore, the values are not related in a simple manner.
    whole:  0.59 (0.35), residues: 540
    helix: -2.35 (0.91), residues: 21
    sheet:  1.38 (0.27), residues: 316
    loop : -0.95 (0.43), residues: 203

                     ----------Asn/Gln/His flips----------                     

   A 150  GLN
   A 510  GLN

=================================== Summary ===================================

  Ramachandran outliers =   0.19 %
                favored =  96.11 %
  Rotamer outliers      =   1.79 %
  C-beta deviations     =     0
  Clashscore            =   5.40
  RMS(bonds)            =   0.0114
  RMS(angles)           =   1.27
  MolProbity score      =   1.75
  Resolution            =   2.60
  R-work                =   0.2117
  R-free                =   0.2633
  Refinement program    = PHENIX

Results written to molprobity.out
Wrote script for Coot: molprobity_coot.py
