
============================== Collecting inputs ==============================


                   ----------Processing PDB file(s)----------                  


  Symmetric amino acids flipped
    None
  Time to flip residues: 0.00s

  Monomer Library directory:
    "/home/liuyoujia/phenix-dev-4176/modules/chem_data/mon_lib"
  Total number of atoms: 5326
  Number of models: 1
  Model: ""
    Number of chains: 5
    Chain: "A"
      Number of atoms: 4759
      Number of conformers: 2
      Conformer: "A"
        Number of residues, atoms: 314, 4690
          Classifications: {'peptide': 314}
          Modifications used: {'COO': 1}
          Link IDs: {'PTRANS': 16, 'TRANS': 295, 'PCIS': 2}
          Chain breaks: 4
          Unresolved chain link angles: 1
          Unresolved non-hydrogen bonds: 79
          Unresolved non-hydrogen angles: 96
          Unresolved non-hydrogen dihedrals: 69
          Unresolved non-hydrogen chiralities: 1
          Planarities with less than four sites: {'GLN:plan1': 1, 'TYR:plan': 2, 'ASN:plan1': 4, 'ASP:plan': 1, 'GLU:plan': 2, 'ARG:plan': 1}
          Unresolved non-hydrogen planarities: 46
      Conformer: "B"
        Number of residues, atoms: 314, 4690
          Classifications: {'peptide': 314}
          Modifications used: {'COO': 1}
          Link IDs: {'PTRANS': 16, 'TRANS': 295, 'PCIS': 2}
          Chain breaks: 4
          Unresolved chain link angles: 1
          Unresolved non-hydrogen bonds: 79
          Unresolved non-hydrogen angles: 96
          Unresolved non-hydrogen dihedrals: 69
          Unresolved non-hydrogen chiralities: 1
          Planarities with less than four sites: {'GLN:plan1': 1, 'TYR:plan': 2, 'ASN:plan1': 4, 'ASP:plan': 1, 'GLU:plan': 2, 'ARG:plan': 1}
          Unresolved non-hydrogen planarities: 46
          bond proxies already assigned to first conformer: 4675
    Chain: "C"
      Number of atoms: 209
      Number of conformers: 1
      Conformer: ""
        Number of residues, atoms: 13, 209
          Classifications: {'peptide': 13}
          Modifications used: {'NH1NOTPRO': 1}
          Link IDs: {'PTRANS': 2, 'TRANS': 9, 'PCIS': 1}
    Chain: "C"
      Number of atoms: 27
      Number of conformers: 1
      Conformer: ""
        Number of residues, atoms: 1, 27
          Unusual residues: {'MTN': 1}
          Classifications: {'undetermined': 1}
          Unresolved non-hydrogen bonds: 4
          Unresolved non-hydrogen angles: 7
    Chain: "A"
      Number of atoms: 324
      Number of conformers: 1
      Conformer: ""
        Number of residues, atoms: 324, 324
          Classifications: {'water': 324}
          Link IDs: {None: 323}
    Chain: "C"
      Number of atoms: 7
      Number of conformers: 1
      Conformer: ""
        Number of residues, atoms: 7, 7
          Classifications: {'water': 7}
          Link IDs: {None: 6}
  Residues with excluded nonbonded symmetry interactions: 1
    residue:
      pdb=" N  AARG A 219 " occ=0.67
      ... (46 atoms not shown)
      pdb="HH22BARG A 219 " occ=0.33
  Time building chain proxies: 0.97, per 1000 atoms: 0.18
  Number of scatterers: 5326
  At special positions: 0
  Unit cell: (71.567, 37.755, 142.176, 90, 94.13, 90)
  Space group: I 1 2 1 (No. 5)
  Number of sites at special positions: 0
  Number of scattering types: 5
    Type Number    sf(0)
     S      20     16.00
     O     827      8.00
     N     436      7.00
     C    1636      6.00
     H    2407      1.00
    sf(0) = scattering factor at diffraction angle 0.

  Number of disulfides: simple=5, symmetry=0
    Simple disulfide: pdb=" SG  CYS A 149 " - pdb=" SG  CYS A 302 " distance=2.05
    Simple disulfide: pdb=" SG  CYS A 217 " - pdb=" SG  CYS A 247 " distance=2.02
    Simple disulfide: pdb=" SG  CYS A 263 " - pdb=" SG  CYS A 275 " distance=2.01
    Simple disulfide: pdb=" SG  CYS A 320 " - pdb=" SG  CYS A 418 " distance=2.02
    Simple disulfide: pdb=" SG  CYS A 337 " - pdb=" SG  CYS A 409 " distance=2.07
  Custom bonds:
    Warning: Ignoring bond with distance_ideal = None:
      atom_selection_1 = None
      atom_selection_2 = None
    Total number of added/changed bonds: 0
  Custom angles:
    Warning: Ignoring angle with angle_ideal = None:
      atom_selection_1 = None
      atom_selection_2 = None
      atom_selection_3 = None
    Total number of new custom angles: 0
    Total number of changed angles: 0
  Custom dihedrals:
    Warning: Ignoring dihedral with angle_ideal = None:
      atom_selection_1 = None
      atom_selection_2 = None
      atom_selection_3 = None
      atom_selection_4 = None
    Total number of custom dihedrals: 0
  Custom planarities:
    Warning: Ignoring planarity with with sigma <= 0:
      atom_selection = None
None
    Total number of custom planarities: 0
  Custom parallelities:
Warning: Ignoring parallelity with empty atom selection.
    Total number of custom parallelities: 0
  Custom bonds:
    Warning: Ignoring bond with distance_ideal = None:
      atom_selection_1 = None
      atom_selection_2 = None
    Total number of added/changed bonds: 0
  Custom angles:
    Warning: Ignoring angle with angle_ideal = None:
      atom_selection_1 = None
      atom_selection_2 = None
      atom_selection_3 = None
    Total number of new custom angles: 0
    Total number of changed angles: 0
  Custom dihedrals:
    Warning: Ignoring dihedral with angle_ideal = None:
      atom_selection_1 = None
      atom_selection_2 = None
      atom_selection_3 = None
      atom_selection_4 = None
    Total number of custom dihedrals: 0
  Custom planarities:
    Warning: Ignoring planarity with with sigma <= 0:
      atom_selection = None
None
    Total number of custom planarities: 0
  Custom parallelities:
Warning: Ignoring parallelity with empty atom selection.
    Total number of custom parallelities: 0

  Automatic linking
    Parameters for automatic linking
      Linking & cutoffs
        Metal                : Auto  - 3.50
        Amimo acid           : False - 1.90
        Carbohydrate         : True  - 1.99
        Ligands              : True  - 1.99
        Small molecules      : False - 1.98
        Amino acid - RNA/DNA : False
      
  Number of custom bonds: simple=1, symmetry=0
  Number of additional bonds: simple=1, symmetry=0
  Coordination:
  Other bonds:
  Time building additional restraints: 0.87
  Switching to conformation-dependent library
  Conformation dependent library (CDL) restraints added in 170.5 milliseconds
  
  Adding C-beta torsion restraints...
  Number of C-beta restraints generated:  622

  Time building geometry restraints manager: 0.97 seconds

  NOTE: a complete listing of the restraints can be obtained by requesting
        output of .geo file.

  Histogram of bond lengths:
        0.84 -     1.04: 2407
        1.04 -     1.24: 368
        1.24 -     1.45: 807
        1.45 -     1.65: 1451
        1.65 -     1.85: 28
  Bond restraints: 5061
  Sorted by residual:
  bond pdb=" CB  PRO C  13 "
       pdb=" CG  PRO C  13 "
    ideal  model  delta    sigma   weight residual
    1.492  1.610 -0.118 5.00e-02 4.00e+02 5.58e+00
  bond pdb=" C   ILE A 323 "
       pdb=" N   PRO A 324 "
    ideal  model  delta    sigma   weight residual
    1.336  1.309  0.026 1.23e-02 6.61e+03 4.56e+00
  bond pdb=" CB  GLU A 120 "
       pdb=" CG  GLU A 120 "
    ideal  model  delta    sigma   weight residual
    1.520  1.460  0.060 3.00e-02 1.11e+03 3.96e+00
  bond pdb=" CB  ASP A 244 "
       pdb=" CG  ASP A 244 "
    ideal  model  delta    sigma   weight residual
    1.516  1.468  0.048 2.50e-02 1.60e+03 3.68e+00
  bond pdb=" CB  HIS A 220 "
       pdb=" CG  HIS A 220 "
    ideal  model  delta    sigma   weight residual
    1.497  1.471  0.026 1.40e-02 5.10e+03 3.39e+00
  ... (remaining 5056 not shown)

  Histogram of bond angle deviations from ideal:
       99.99 -   106.83: 212
      106.83 -   113.66: 5682
      113.66 -   120.50: 1784
      120.50 -   127.33: 1410
      127.33 -   134.17: 26
  Bond angle restraints: 9114
  Sorted by residual:
  angle pdb=" CA  PRO C  13 "
        pdb=" N   PRO C  13 "
        pdb=" CD  PRO C  13 "
      ideal   model   delta    sigma   weight residual
     112.00  106.27    5.73 1.40e+00 5.10e-01 1.67e+01
  angle pdb=" N   ILE C  12 "
        pdb=" CA  ILE C  12 "
        pdb=" C   ILE C  12 "
      ideal   model   delta    sigma   weight residual
     108.88  101.93    6.95 2.16e+00 2.14e-01 1.03e+01
  angle pdb=" C   ARG A 143 "
        pdb=" N   LEU A 144 "
        pdb=" CA  LEU A 144 "
      ideal   model   delta    sigma   weight residual
     122.26  117.57    4.69 1.60e+00 3.91e-01 8.59e+00
  angle pdb=" N   TYR A 425 "
        pdb=" CA  TYR A 425 "
        pdb=" C   TYR A 425 "
      ideal   model   delta    sigma   weight residual
     109.72  113.94   -4.22 1.60e+00 3.91e-01 6.94e+00
  angle pdb=" CA  TYR A 117 "
        pdb=" CB  TYR A 117 "
        pdb=" CG  TYR A 117 "
      ideal   model   delta    sigma   weight residual
     113.90  109.19    4.71 1.80e+00 3.09e-01 6.83e+00
  ... (remaining 9109 not shown)

  Histogram of dihedral angle deviations from ideal:
        0.00 -    17.40: 1945
       17.40 -    34.79: 91
       34.79 -    52.19: 27
       52.19 -    69.58: 3
       69.58 -    86.98: 3
  Dihedral angle restraints: 2069
    sinusoidal: 910
      harmonic: 1159
  Sorted by residual:
  dihedral pdb=" CA  ILE C  12 "
           pdb=" C   ILE C  12 "
           pdb=" N   PRO C  13 "
           pdb=" CA  PRO C  13 "
      ideal   model   delta  harmonic     sigma   weight residual
     180.00 -153.78  -26.22     0      5.00e+00 4.00e-02 2.75e+01
  dihedral pdb=" CA  ALA A 279 "
           pdb=" C   ALA A 279 "
           pdb=" N   LYS A 280 "
           pdb=" CA  LYS A 280 "
      ideal   model   delta  harmonic     sigma   weight residual
     180.00  155.88   24.12     0      5.00e+00 4.00e-02 2.33e+01
  dihedral pdb=" CA  ASN A 271 "
           pdb=" C   ASN A 271 "
           pdb=" N   SER A 272 "
           pdb=" CA  SER A 272 "
      ideal   model   delta  harmonic     sigma   weight residual
     180.00  158.44   21.56     0      5.00e+00 4.00e-02 1.86e+01
  ... (remaining 2066 not shown)

  Histogram of chiral volume deviations from ideal:
       0.000 -    0.066: 293
       0.066 -    0.132: 74
       0.132 -    0.199: 8
       0.199 -    0.265: 2
       0.265 -    0.331: 1
  Chirality restraints: 378
  Sorted by residual:
  chirality pdb=" CA  PRO C  13 "
            pdb=" N   PRO C  13 "
            pdb=" C   PRO C  13 "
            pdb=" CB  PRO C  13 "
    both_signs  ideal   model   delta    sigma   weight residual
      False      2.72    2.39    0.33 2.00e-01 2.50e+01 2.73e+00
  chirality pdb=" CA  ILE A 323 "
            pdb=" N   ILE A 323 "
            pdb=" C   ILE A 323 "
            pdb=" CB  ILE A 323 "
    both_signs  ideal   model   delta    sigma   weight residual
      False      2.43    2.65   -0.22 2.00e-01 2.50e+01 1.17e+00
  chirality pdb=" CA  ILE A 426 "
            pdb=" N   ILE A 426 "
            pdb=" C   ILE A 426 "
            pdb=" CB  ILE A 426 "
    both_signs  ideal   model   delta    sigma   weight residual
      False      2.43    2.64   -0.20 2.00e-01 2.50e+01 1.05e+00
  ... (remaining 375 not shown)

  Planarity restraints: 783
  Sorted by residual:
                                 delta    sigma   weight rms_deltas residual
  plane pdb=" CB  TYR A 117 "    0.054 2.00e-02 2.50e+03   2.53e-02 1.92e+01
        pdb=" CG  TYR A 117 "   -0.034 2.00e-02 2.50e+03
        pdb=" CD1 TYR A 117 "   -0.019 2.00e-02 2.50e+03
        pdb=" CD2 TYR A 117 "   -0.007 2.00e-02 2.50e+03
        pdb=" CE1 TYR A 117 "   -0.000 2.00e-02 2.50e+03
        pdb=" CE2 TYR A 117 "   -0.013 2.00e-02 2.50e+03
        pdb=" CZ  TYR A 117 "    0.001 2.00e-02 2.50e+03
        pdb=" OH  TYR A 117 "    0.039 2.00e-02 2.50e+03
        pdb=" HD1 TYR A 117 "   -0.022 2.00e-02 2.50e+03
        pdb=" HD2 TYR A 117 "    0.016 2.00e-02 2.50e+03
        pdb=" HE1 TYR A 117 "    0.011 2.00e-02 2.50e+03
        pdb=" HE2 TYR A 117 "   -0.025 2.00e-02 2.50e+03
                                 delta    sigma   weight rms_deltas residual
  plane pdb=" CD  ARG A 304 "   -0.380 9.50e-02 1.11e+02   1.27e-01 1.70e+01
        pdb=" NE  ARG A 304 "    0.016 2.00e-02 2.50e+03
        pdb=" CZ  ARG A 304 "    0.005 2.00e-02 2.50e+03
        pdb=" NH1 ARG A 304 "    0.002 2.00e-02 2.50e+03
        pdb=" NH2 ARG A 304 "   -0.002 2.00e-02 2.50e+03
        pdb="HH11 ARG A 304 "    0.007 2.00e-02 2.50e+03
        pdb="HH12 ARG A 304 "   -0.005 2.00e-02 2.50e+03
        pdb="HH21 ARG A 304 "    0.001 2.00e-02 2.50e+03
        pdb="HH22 ARG A 304 "   -0.007 2.00e-02 2.50e+03
                                 delta    sigma   weight rms_deltas residual
  plane pdb=" CB  TYR A 242 "    0.023 2.00e-02 2.50e+03   2.01e-02 1.22e+01
        pdb=" CG  TYR A 242 "   -0.029 2.00e-02 2.50e+03
        pdb=" CD1 TYR A 242 "   -0.001 2.00e-02 2.50e+03
        pdb=" CD2 TYR A 242 "   -0.009 2.00e-02 2.50e+03
        pdb=" CE1 TYR A 242 "   -0.012 2.00e-02 2.50e+03
        pdb=" CE2 TYR A 242 "   -0.004 2.00e-02 2.50e+03
        pdb=" CZ  TYR A 242 "    0.004 2.00e-02 2.50e+03
        pdb=" OH  TYR A 242 "    0.038 2.00e-02 2.50e+03
        pdb=" HD1 TYR A 242 "    0.027 2.00e-02 2.50e+03
        pdb=" HD2 TYR A 242 "    0.001 2.00e-02 2.50e+03
        pdb=" HE1 TYR A 242 "   -0.032 2.00e-02 2.50e+03
        pdb=" HE2 TYR A 242 "   -0.007 2.00e-02 2.50e+03
  ... (remaining 780 not shown)

  Histogram of nonbonded interaction distances:
        1.33 -     1.98: 92
        1.98 -     2.64: 6742
        2.64 -     3.29: 17248
        3.29 -     3.95: 24100
        3.95 -     4.60: 36417
  Nonbonded interactions: 84599
  Sorted by model distance:
  nonbonded pdb=" N   CYS C   1 "
            pdb=" C   PRO C  13 "
     model   vdw
     1.328 3.250
  nonbonded pdb=" OE1 GLU A 299 "
            pdb=" O   HOH A 501 "
     model   vdw
     1.559 2.200
  nonbonded pdb="HH22BARG A 219 "
            pdb=" O   HOH A 505 "
     model   vdw
     1.577 1.850
  nonbonded pdb=" OD1 ASP A 388 "
            pdb=" HZ3 LYS A 391 "
     model   vdw
     1.580 1.850
  nonbonded pdb=" HE  ARG A 199 "
            pdb=" O   HOH A 514 "
     model   vdw
     1.726 1.850
  ... (remaining 84594 not shown)

  NOTE: a complete listing of the restraints can be obtained by requesting
        output of .geo file.

End of input processing

  Symmetric amino acids flipped
    None
  Time to flip residues: 0.00s

  Monomer Library directory:
    "/home/liuyoujia/phenix-dev-4176/modules/chem_data/mon_lib"
  Total number of atoms: 5326
  Number of models: 1
  Model: ""
    Number of chains: 5
    Chain: "A"
      Number of atoms: 4759
      Number of conformers: 2
      Conformer: "A"
        Number of residues, atoms: 314, 4690
          Classifications: {'peptide': 314}
          Modifications used: {'COO': 1}
          Link IDs: {'PTRANS': 16, 'TRANS': 295, 'PCIS': 2}
          Chain breaks: 4
          Unresolved chain link angles: 1
          Unresolved non-hydrogen bonds: 79
          Unresolved non-hydrogen angles: 96
          Unresolved non-hydrogen dihedrals: 69
          Unresolved non-hydrogen chiralities: 1
          Planarities with less than four sites: {'GLN:plan1': 1, 'TYR:plan': 2, 'ASN:plan1': 4, 'ASP:plan': 1, 'GLU:plan': 2, 'ARG:plan': 1}
          Unresolved non-hydrogen planarities: 46
      Conformer: "B"
        Number of residues, atoms: 314, 4690
          Classifications: {'peptide': 314}
          Modifications used: {'COO': 1}
          Link IDs: {'PTRANS': 16, 'TRANS': 295, 'PCIS': 2}
          Chain breaks: 4
          Unresolved chain link angles: 1
          Unresolved non-hydrogen bonds: 79
          Unresolved non-hydrogen angles: 96
          Unresolved non-hydrogen dihedrals: 69
          Unresolved non-hydrogen chiralities: 1
          Planarities with less than four sites: {'GLN:plan1': 1, 'TYR:plan': 2, 'ASN:plan1': 4, 'ASP:plan': 1, 'GLU:plan': 2, 'ARG:plan': 1}
          Unresolved non-hydrogen planarities: 46
          bond proxies already assigned to first conformer: 4675
    Chain: "C"
      Number of atoms: 209
      Number of conformers: 1
      Conformer: ""
        Number of residues, atoms: 13, 209
          Classifications: {'peptide': 13}
          Modifications used: {'NH1NOTPRO': 1}
          Link IDs: {'PTRANS': 2, 'TRANS': 9, 'PCIS': 1}
    Chain: "C"
      Number of atoms: 27
      Number of conformers: 1
      Conformer: ""
        Number of residues, atoms: 1, 27
          Unusual residues: {'MTN': 1}
          Classifications: {'undetermined': 1}
          Unresolved non-hydrogen bonds: 4
          Unresolved non-hydrogen angles: 7
    Chain: "A"
      Number of atoms: 324
      Number of conformers: 1
      Conformer: ""
        Number of residues, atoms: 324, 324
          Classifications: {'water': 324}
          Link IDs: {None: 323}
    Chain: "C"
      Number of atoms: 7
      Number of conformers: 1
      Conformer: ""
        Number of residues, atoms: 7, 7
          Classifications: {'water': 7}
          Link IDs: {None: 6}
  Residues with excluded nonbonded symmetry interactions: 1
    residue:
      pdb=" N  AARG A 219 " occ=0.67
      ... (46 atoms not shown)
      pdb="HH22BARG A 219 " occ=0.33
  Time building chain proxies: 0.97, per 1000 atoms: 0.18
  Number of scatterers: 5326
  At special positions: 0
  Unit cell: (71.567, 37.755, 142.176, 90, 94.13, 90)
  Space group: I 1 2 1 (No. 5)
  Number of sites at special positions: 0
  Number of scattering types: 5
    Type Number    sf(0)
     S      20     16.00
     O     827      8.00
     N     436      7.00
     C    1636      6.00
     H    2407      1.00
    sf(0) = scattering factor at diffraction angle 0.


=============================== Model properties ==============================

   Number of:
     all atoms      : 5326
     H or D atoms   : 2407
     chains         : 5
     a.a. residues  : 327
     nucleotides    : 0
     water          : 331
     other (ligands): 1
   Ligands: MTN:1

============================= Geometry restraints =============================


                        ----------Bond lengths----------                       

  All restrained atoms within 4.0 sigma of ideal values.

  Min. delta:    0.000 (Z=  0.000)
  Max. delta:    0.118 (Z=  4.257)
  Mean delta:    0.009 (Z=  0.543)

                        ----------Bond angles----------                        

  atoms                   ideal    model    delta   sigma  residual   deviation
   C  13  PRO  CA     
   C  13  PRO  N      
   C  13  PRO  CD        112.00   106.27     5.73  1.40e+00  1.67e+01   4.1*sigma

  Min. delta:    0.000 (Z=  0.000)
  Max. delta:   10.408 (Z=  4.092)
  Mean delta:    1.003 (Z=  0.559)

                      ----------Dihedral angles----------                      

  atoms                   ideal    model    delta   sigma  residual   deviation
   A 164  THR  CA     
   A 164  THR  C      
   A 165  PHE  N      
   A 165  PHE  CA        180.00  -159.65   -20.35  5.00e+00  1.66e+01   4.1*sigma
   A 271  ASN  CA     
   A 271  ASN  C      
   A 272  SER  N      
   A 272  SER  CA        180.00   158.44    21.56  5.00e+00  1.86e+01   4.3*sigma
   A 279  ALA  CA     
   A 279  ALA  C      
   A 280  LYS  N      
   A 280  LYS  CA        180.00   155.88    24.12  5.00e+00  2.33e+01   4.8*sigma
   C  12  ILE  CA     
   C  12  ILE  C      
   C  13  PRO  N      
   C  13  PRO  CA        180.00  -153.78   -26.22  5.00e+00  2.75e+01   5.2*sigma

  Min. delta:    0.012
  Max. delta:   86.978
  Mean delta:   12.983

                       ----------Chiral volumes----------                      

  All restrained atoms within 4.0 sigma of ideal values.

  Min. delta:    0.000
  Max. delta:    0.331
  Mean delta:    0.059

                       ----------Planar groups----------                       

  All restrained atoms within 4.0 sigma of ideal values.

  Min. delta:    0.000
  Max. delta:    0.163
  Mean delta:    0.012

============================= Hydrogen validation =============================


                ----------H/D atoms in the input model----------               

  Total number of hydrogen atoms : 2407
  Total number of deuterium atoms: 0
  Number of H atoms (protein)    : 2392
  Number of D atoms (protein)    : 0
  Number of H atoms (water)      : 0
  Number of D atoms (water)      : 0
  Number of H atoms (other)      : 15
  Number of D atoms (other)      : 0

                      ----------Water molecules----------                      

  Number of water                            : 331
  Number of water with 0 H (or D)            : 331
  Number of water with 1 H (or D)            : 0
  Number of water with 2 H (or D)            : 0
  Number of water in alternative conformation: 0
  Number of water without oxygen atom        : 0

             ----------H (or D) atoms with occupancy < 1----------             

  pdb=" HB2 PRO A 185 " with occupancy 0.93
  pdb=" HB3 PRO A 185 " with occupancy 0.95
  pdb=" HZ1 LYS A 203 " with occupancy 0.7
  pdb=" HZ2 LYS A 203 " with occupancy 0.67
  pdb=" HZ3 LYS A 203 " with occupancy 0.7
  pdb=" HA  ASP A 229 " with occupancy 0.69
  pdb=" HE1 PHE A 274 " with occupancy 0.76
  pdb=" HZ1 LYS A 339 " with occupancy 0.73
  pdb=" HZ2 LYS A 339 " with occupancy 0.73
  pdb=" HZ3 LYS A 339 " with occupancy 0.78
  pdb=" HE2 TYR A 390 " with occupancy 0.86
  pdb=" HH  TYR A 390 " with occupancy 0.58
  pdb=" HA  PRO C   8 " with occupancy 0.94
  pdb=" HG2 PRO C   8 " with occupancy 0.49
  pdb=" HG3 PRO C   8 " with occupancy 0.44
  pdb=" HA  PRO C   9 " with occupancy 0.84

                    ----------MISSING H or D atoms----------                   

  ASN A 108  conformer  : H 
  GLU A 112  conformer  : HG2, HB2, HB3, HG3 
  HIS A 123  conformer  : HD1 
  CYS A 149  conformer  : HG 
  ASN A 160  conformer  : HD22, HD21, HB2, HB3 
  ASN A 162  conformer  : HD22, HD21, HB2, HB3 
  LYS A 167  conformer  : HE2, HG2, HZ1, HZ3, HZ2, HD2, HB2, HB3, HG3, HD3, HE3 
  CYS A 217  conformer  : HG 
  HIS A 220  conformer A, B : HD1 
  ASN A 228  conformer  : HD22, HD21, HB2, HB3 
  ASP A 229  conformer  : HB2, HB3 
  SER A 232  conformer  : H 
  CYS A 247  conformer  : HG 
  HIS A 248  conformer  : HE2 
  PRO A 260  conformer  : HD2, HG2, HB2, HB3, HG3, HD3 
  CYS A 263  conformer  : HG 
  ASN A 271  conformer  : HD22, HD21, H, HB2, HB3 
  CYS A 275  conformer  : HG 
  LYS A 282  conformer  : HE2, HG2, HZ1, HZ3, HZ2, HD2, HB2, HB3, HG3, HD3, HE3 
  CYS A 302  conformer  : HG 
  CYS A 320  conformer  : HG 
  HIS A 325  conformer  : HE2 
  CYS A 337  conformer  : HG 
  LYS A 351  conformer  : HE2, HG2, HZ1, HZ3, HZ2, HD2, HB2, HB3, HG3, HD3, HE3 
  GLN A 352  conformer  : HE22, HE21, HG2, HB2, HB3, HG3 
  TYR A 353  conformer  : HE2, HE1, HD1, HH, HD2, HB2, HB3 
  TYR A 360  conformer  : HE2, HE1, HD1, H, HH, HD2, HB2, HB3 
  GLU A 361  conformer  : HG2, HB2, HB3, HG3 
  LYS A 362  conformer  : HE2, HG2, HZ1, HZ3, HZ2, HD2, HB2, HB3, HG3, HD3, HE3 
  ILE A 363  conformer  : HG21, HG12, HD13, HB, HD12, HD11, HG23, HG22, HG13 
  LYS A 368  conformer  : HE2, HG2, HZ1, HZ3, HZ2, HD2, HB2, HB3, HG3, HD3, HE3 
  LYS A 376  conformer  : HE2, HG2, HZ1, HZ3, HZ2, HD2, HB2, HB3, HG3, HD3, HE3 
  ALA A 387  conformer  : H 
  ARG A 389  conformer  : HE, HG2, HH22, HH21, HD2, HH12, HH11, HB2, HB3, HG3, HD3 
  HIS A 393  conformer  : HD1 
  CYS A 409  conformer  : HG 
  CYS A 418  conformer  : HG 
  HIS A 433  conformer  : HD1 
  CYS C   1  conformer  : H, HG 
  MTN C 101  conformer  : H1, H4, H3 

============================ Molprobity validation ============================


  Geometry Restraints Library: GeoStd + Monomer Library + CDL v1.2
  Deviations from Ideal Values.
    Bond      :  0.009   0.118   2654
    Angle     :  1.003  10.408   3609
    Chirality :  0.059   0.331    378
    Planarity :  0.012   0.163    478
    Dihedral  : 12.983  86.978    967
    Min Nonbonded Distance : 1.328
  
  Molprobity Statistics.
    All-atom Clashscore : 3.00
    Ramachandran Plot:
      Outliers :  0.00 %
      Allowed  :  2.54 %
      Favored  : 97.46 %
    Rotamer Outliers :  0.73 %
    Cbeta Deviations :  0.00 %
    Peptide Plane:
      Cis-proline     : 14.29 %
      Cis-general     : 0.00 %
      Twisted Proline : 0.00 %
      Twisted General : 0.00 %
  
  Rama-Z (Ramachandran plot Z-score):
  Interpretation: bad |Rama-Z| > 3; suspicious 2 < |Rama-Z| < 3; good |Rama-Z| < 2.
  Scores for whole/helix/sheet/loop are scaled independently;
  therefore, the values are not related in a simple manner.
    whole:  0.12 (0.46), residues: 321
    helix: -0.58 (0.64), residues: 62
    sheet: -0.14 (0.82), residues: 39
    loop :  0.46 (0.42), residues: 220

                     ----------Asn/Gln/His flips----------                     

  No backwards Asn/Gln/His sidechains found.

=================================== Summary ===================================

  Ramachandran outliers =   0.00 %
                favored =  97.46 %
  Rotamer outliers      =   0.73 %
  C-beta deviations     =     0
  Clashscore            =   3.00
  RMS(bonds)            =   0.0086
  RMS(angles)           =   1.00
  MolProbity score      =   1.20
  Resolution            =   1.59
  R-work                =   0.1610
  R-free                =   0.1892
  Refinement program    = PHENIX

Results written to molprobity.out
Wrote script for Coot: molprobity_coot.py
