
============================== Collecting inputs ==============================


                   ----------Processing PDB file(s)----------                  


  Symmetric amino acids flipped
    Residue "A TYR   47": "CD1" <-> "CD2" "CE1" <-> "CE2" "HD1" <-> "HD2" "HE1" <-> "HE2"
  Time to flip residues: 0.00s

  Monomer Library directory:
    "/home/liuyoujia/phenix-dev-4176/modules/chem_data/mon_lib"
  Total number of atoms: 8107
  Number of models: 1
  Model: ""
    Number of chains: 2
    Chain: "A"
      Number of atoms: 7872
      Number of conformers: 1
      Conformer: ""
        Number of residues, atoms: 490, 7872
          Classifications: {'peptide': 490}
          Link IDs: {'PTRANS': 21, 'TRANS': 468}
          Chain breaks: 2
    Chain: "A"
      Number of atoms: 235
      Number of conformers: 1
      Conformer: ""
        Number of residues, atoms: 50, 235
          Unusual residues: {' NA': 2, 'MTN': 1, ' CL': 1, 'BOG': 3}
          Inner-chain residues flagged as termini: ['pdbres="LEU A 601 "']
          Classifications: {'undetermined': 7, 'water': 42, 'peptide': 1}
          Modifications used: {'COO': 1}
          Link IDs: {None: 49}
          Unresolved non-hydrogen bonds: 4
          Unresolved non-hydrogen angles: 7
  Time building chain proxies: 0.86, per 1000 atoms: 0.11
  Number of scatterers: 8107
  At special positions: 0
  Unit cell: (87.702, 86.712, 80.866, 90, 95.25, 90)
  Space group: C 1 2 1 (No. 5)
  Number of sites at special positions: 0
  Number of scattering types: 8
    Type Number    sf(0)
     Cl      1     17.00
     S      13     16.00
     Na      2     11.00
     O1-    32      9.00
     O     660      8.00
     N     613      7.00
     C    2695      6.00
     H    4091      1.00
    sf(0) = scattering factor at diffraction angle 0.

  Number of disulfides: simple=0, symmetry=0
  Custom bonds:
    Warning: Ignoring bond with distance_ideal = None:
      atom_selection_1 = None
      atom_selection_2 = None
    Total number of added/changed bonds: 0
  Custom angles:
    Warning: Ignoring angle with angle_ideal = None:
      atom_selection_1 = None
      atom_selection_2 = None
      atom_selection_3 = None
    Total number of new custom angles: 0
    Total number of changed angles: 0
  Custom dihedrals:
    Warning: Ignoring dihedral with angle_ideal = None:
      atom_selection_1 = None
      atom_selection_2 = None
      atom_selection_3 = None
      atom_selection_4 = None
    Total number of custom dihedrals: 0
  Custom planarities:
    Warning: Ignoring planarity with with sigma <= 0:
      atom_selection = None
None
    Total number of custom planarities: 0
  Custom parallelities:
Warning: Ignoring parallelity with empty atom selection.
    Total number of custom parallelities: 0
  Custom bonds:
    Warning: Ignoring bond with distance_ideal = None:
      atom_selection_1 = None
      atom_selection_2 = None
    Total number of added/changed bonds: 0
  Custom angles:
    Warning: Ignoring angle with angle_ideal = None:
      atom_selection_1 = None
      atom_selection_2 = None
      atom_selection_3 = None
    Total number of new custom angles: 0
    Total number of changed angles: 0
  Custom dihedrals:
    Warning: Ignoring dihedral with angle_ideal = None:
      atom_selection_1 = None
      atom_selection_2 = None
      atom_selection_3 = None
      atom_selection_4 = None
    Total number of custom dihedrals: 0
  Custom planarities:
    Warning: Ignoring planarity with with sigma <= 0:
      atom_selection = None
None
    Total number of custom planarities: 0
  Custom parallelities:
Warning: Ignoring parallelity with empty atom selection.
    Total number of custom parallelities: 0

  Automatic linking
    Parameters for automatic linking
      Linking & cutoffs
        Metal                : Auto  - 3.50
        Amimo acid           : False - 1.90
        Carbohydrate         : True  - 1.99
        Ligands              : True  - 1.99
        Small molecules      : False - 1.98
        Amino acid - RNA/DNA : False
      
  Number of custom bonds: simple=1, symmetry=0
  Number of additional bonds: simple=1, symmetry=0
  Coordination:
  Other bonds:
  Time building additional restraints: 1.35
  Switching to conformation-dependent library
  Conformation dependent library (CDL) restraints added in 115.9 milliseconds
  
  Adding C-beta torsion restraints...
  Number of C-beta restraints generated:  894

  Time building geometry restraints manager: 1.50 seconds

  NOTE: a complete listing of the restraints can be obtained by requesting
        output of .geo file.

  Histogram of bond lengths:
        0.84 -     1.04: 4091
        1.04 -     1.24: 473
        1.24 -     1.45: 1330
        1.45 -     1.65: 2263
        1.65 -     1.85: 24
  Bond restraints: 8181
  Sorted by residual:
  bond pdb=" CB  VAL A 393 "
       pdb=" CG1 VAL A 393 "
    ideal  model  delta    sigma   weight residual
    1.521  1.400  0.121 3.30e-02 9.18e+02 1.35e+01
  bond pdb=" CA  ILE A 299 "
       pdb=" CB  ILE A 299 "
    ideal  model  delta    sigma   weight residual
    1.539  1.522  0.017 5.40e-03 3.43e+04 1.04e+01
  bond pdb=" C   GLN A 361 "
       pdb=" O   GLN A 361 "
    ideal  model  delta    sigma   weight residual
    1.243  1.269 -0.025 9.50e-03 1.11e+04 7.08e+00
  bond pdb=" CB  HIS A 510 "
       pdb=" CG  HIS A 510 "
    ideal  model  delta    sigma   weight residual
    1.497  1.461  0.036 1.40e-02 5.10e+03 6.45e+00
  bond pdb=" CD1 TYR A 149 "
       pdb=" CE1 TYR A 149 "
    ideal  model  delta    sigma   weight residual
    1.382  1.454 -0.072 3.00e-02 1.11e+03 5.76e+00
  ... (remaining 8176 not shown)

  Histogram of bond angle deviations from ideal:
       97.28 -   104.68: 101
      104.68 -   112.08: 9113
      112.08 -   119.47: 2217
      119.47 -   126.87: 3330
      126.87 -   134.27: 68
  Bond angle restraints: 14829
  Sorted by residual:
  angle pdb=" C   ARG A 270 "
        pdb=" N   LYS A 271 "
        pdb=" CA  LYS A 271 "
      ideal   model   delta    sigma   weight residual
     120.38  126.55   -6.17 1.46e+00 4.69e-01 1.79e+01
  angle pdb=" N   VAL A 393 "
        pdb=" CA  VAL A 393 "
        pdb=" CB  VAL A 393 "
      ideal   model   delta    sigma   weight residual
     110.77  103.62    7.15 1.81e+00 3.05e-01 1.56e+01
  angle pdb=" N   LYS A 271 "
        pdb=" CA  LYS A 271 "
        pdb=" C   LYS A 271 "
      ideal   model   delta    sigma   weight residual
     111.75  116.57   -4.82 1.28e+00 6.10e-01 1.42e+01
  angle pdb=" C2  BOG A 704 "
        pdb=" C1  BOG A 704 "
        pdb=" O1  BOG A 704 "
      ideal   model   delta    sigma   weight residual
     108.93  119.97  -11.04 3.00e+00 1.11e-01 1.35e+01
  angle pdb=" N   THR A  77 "
        pdb=" CA  THR A  77 "
        pdb=" C   THR A  77 "
      ideal   model   delta    sigma   weight residual
     109.81  117.78   -7.97 2.21e+00 2.05e-01 1.30e+01
  ... (remaining 14824 not shown)

  Histogram of dihedral angle deviations from ideal:
        0.00 -    16.21: 2894
       16.21 -    32.41: 249
       32.41 -    48.62: 58
       48.62 -    64.83: 17
       64.83 -    81.03: 3
  Dihedral angle restraints: 3221
    sinusoidal: 1402
      harmonic: 1819
  Sorted by residual:
  dihedral pdb=" CA  GLY A  97 "
           pdb=" C   GLY A  97 "
           pdb=" N   LEU A  98 "
           pdb=" CA  LEU A  98 "
      ideal   model   delta  harmonic     sigma   weight residual
     180.00  160.11   19.89     0      5.00e+00 4.00e-02 1.58e+01
  dihedral pdb=" CG  ARG A 506 "
           pdb=" CD  ARG A 506 "
           pdb=" NE  ARG A 506 "
           pdb=" CZ  ARG A 506 "
      ideal   model   delta sinusoidal    sigma   weight residual
      90.00   39.95   50.05     2      1.50e+01 4.44e-03 1.25e+01
  dihedral pdb=" CA  ASP A 274 "
           pdb=" CB  ASP A 274 "
           pdb=" CG  ASP A 274 "
           pdb=" OD1 ASP A 274 "
      ideal   model   delta sinusoidal    sigma   weight residual
     -30.00  -87.20   57.20     1      2.00e+01 2.50e-03 1.10e+01
  ... (remaining 3218 not shown)

  Histogram of chiral volume deviations from ideal:
       0.000 -    0.048: 395
       0.048 -    0.097: 180
       0.097 -    0.145: 46
       0.145 -    0.194: 8
       0.194 -    0.242: 5
  Chirality restraints: 634
  Sorted by residual:
  chirality pdb=" CB  VAL A 393 "
            pdb=" CA  VAL A 393 "
            pdb=" CG1 VAL A 393 "
            pdb=" CG2 VAL A 393 "
    both_signs  ideal   model   delta    sigma   weight residual
      False     -2.63   -2.39   -0.24 2.00e-01 2.50e+01 1.47e+00
  chirality pdb=" CG  LEU A 322 "
            pdb=" CB  LEU A 322 "
            pdb=" CD1 LEU A 322 "
            pdb=" CD2 LEU A 322 "
    both_signs  ideal   model   delta    sigma   weight residual
      False     -2.59   -2.82    0.23 2.00e-01 2.50e+01 1.28e+00
  chirality pdb=" CG  LEU A 123 "
            pdb=" CB  LEU A 123 "
            pdb=" CD1 LEU A 123 "
            pdb=" CD2 LEU A 123 "
    both_signs  ideal   model   delta    sigma   weight residual
      False     -2.59   -2.37   -0.22 2.00e-01 2.50e+01 1.23e+00
  ... (remaining 631 not shown)

  Planarity restraints: 1133
  Sorted by residual:
                                 delta    sigma   weight rms_deltas residual
  plane pdb=" CB  TYR A 265 "   -0.001 2.00e-02 2.50e+03   3.81e-02 4.35e+01
        pdb=" CG  TYR A 265 "    0.024 2.00e-02 2.50e+03
        pdb=" CD1 TYR A 265 "    0.014 2.00e-02 2.50e+03
        pdb=" CD2 TYR A 265 "   -0.018 2.00e-02 2.50e+03
        pdb=" CE1 TYR A 265 "   -0.004 2.00e-02 2.50e+03
        pdb=" CE2 TYR A 265 "    0.028 2.00e-02 2.50e+03
        pdb=" CZ  TYR A 265 "   -0.007 2.00e-02 2.50e+03
        pdb=" OH  TYR A 265 "   -0.045 2.00e-02 2.50e+03
        pdb=" HD1 TYR A 265 "    0.020 2.00e-02 2.50e+03
        pdb=" HD2 TYR A 265 "   -0.078 2.00e-02 2.50e+03
        pdb=" HE1 TYR A 265 "   -0.014 2.00e-02 2.50e+03
        pdb=" HE2 TYR A 265 "    0.082 2.00e-02 2.50e+03
                                 delta    sigma   weight rms_deltas residual
  plane pdb=" CB  PHE A 345 "   -0.055 2.00e-02 2.50e+03   3.45e-02 3.56e+01
        pdb=" CG  PHE A 345 "    0.031 2.00e-02 2.50e+03
        pdb=" CD1 PHE A 345 "    0.001 2.00e-02 2.50e+03
        pdb=" CD2 PHE A 345 "    0.026 2.00e-02 2.50e+03
        pdb=" CE1 PHE A 345 "    0.020 2.00e-02 2.50e+03
        pdb=" CE2 PHE A 345 "   -0.006 2.00e-02 2.50e+03
        pdb=" CZ  PHE A 345 "   -0.016 2.00e-02 2.50e+03
        pdb=" HD1 PHE A 345 "   -0.032 2.00e-02 2.50e+03
        pdb=" HD2 PHE A 345 "    0.044 2.00e-02 2.50e+03
        pdb=" HE1 PHE A 345 "    0.057 2.00e-02 2.50e+03
        pdb=" HE2 PHE A 345 "   -0.021 2.00e-02 2.50e+03
        pdb=" HZ  PHE A 345 "   -0.048 2.00e-02 2.50e+03
                                 delta    sigma   weight rms_deltas residual
  plane pdb=" CB  HIS A 510 "    0.061 2.00e-02 2.50e+03   3.93e-02 3.48e+01
        pdb=" CG  HIS A 510 "   -0.080 2.00e-02 2.50e+03
        pdb=" ND1 HIS A 510 "   -0.022 2.00e-02 2.50e+03
        pdb=" CD2 HIS A 510 "   -0.013 2.00e-02 2.50e+03
        pdb=" CE1 HIS A 510 "    0.009 2.00e-02 2.50e+03
        pdb=" NE2 HIS A 510 "   -0.017 2.00e-02 2.50e+03
        pdb=" HD1 HIS A 510 "   -0.008 2.00e-02 2.50e+03
        pdb=" HD2 HIS A 510 "    0.027 2.00e-02 2.50e+03
        pdb=" HE1 HIS A 510 "    0.044 2.00e-02 2.50e+03
  ... (remaining 1130 not shown)

  Histogram of nonbonded interaction distances:
        1.06 -     1.96: 76
        1.96 -     2.85: 19954
        2.85 -     3.75: 40197
        3.75 -     4.64: 72203
        4.64 -     5.54: 109025
  Nonbonded interactions: 241455
  Sorted by model distance:
  nonbonded pdb=" HE1 HIS A 510 "
            pdb=" HE1 HIS A 510 "
     model   vdw sym.op.
     1.061 2.100 -x+1,y,-z+1
  nonbonded pdb="HD21 ASN A 179 "
            pdb=" HG  SER A 356 "
     model   vdw
     1.435 2.100
  nonbonded pdb="HH22 ARG A  11 "
            pdb=" OD1 ASP A 274 "
     model   vdw
     1.541 1.850
  nonbonded pdb=" HH  TYR A  82 "
            pdb="HH12 ARG A  88 "
     model   vdw
     1.628 2.100
  nonbonded pdb=" OE2 GLU A 435 "
            pdb="HH21 ARG A 438 "
     model   vdw
     1.706 1.730
  ... (remaining 241450 not shown)

  NOTE: a complete listing of the restraints can be obtained by requesting
        output of .geo file.

End of input processing

  Symmetric amino acids flipped
    Residue "A TYR   47": "CD1" <-> "CD2" "CE1" <-> "CE2" "HD1" <-> "HD2" "HE1" <-> "HE2"
  Time to flip residues: 0.00s

  Monomer Library directory:
    "/home/liuyoujia/phenix-dev-4176/modules/chem_data/mon_lib"
  Total number of atoms: 8107
  Number of models: 1
  Model: ""
    Number of chains: 2
    Chain: "A"
      Number of atoms: 7872
      Number of conformers: 1
      Conformer: ""
        Number of residues, atoms: 490, 7872
          Classifications: {'peptide': 490}
          Link IDs: {'PTRANS': 21, 'TRANS': 468}
          Chain breaks: 2
    Chain: "A"
      Number of atoms: 235
      Number of conformers: 1
      Conformer: ""
        Number of residues, atoms: 50, 235
          Unusual residues: {' NA': 2, 'MTN': 1, ' CL': 1, 'BOG': 3}
          Inner-chain residues flagged as termini: ['pdbres="LEU A 601 "']
          Classifications: {'undetermined': 7, 'water': 42, 'peptide': 1}
          Modifications used: {'COO': 1}
          Link IDs: {None: 49}
          Unresolved non-hydrogen bonds: 4
          Unresolved non-hydrogen angles: 7
  Time building chain proxies: 0.86, per 1000 atoms: 0.11
  Number of scatterers: 8107
  At special positions: 0
  Unit cell: (87.702, 86.712, 80.866, 90, 95.25, 90)
  Space group: C 1 2 1 (No. 5)
  Number of sites at special positions: 0
  Number of scattering types: 8
    Type Number    sf(0)
     Cl      1     17.00
     S      13     16.00
     Na      2     11.00
     O1-    32      9.00
     O     660      8.00
     N     613      7.00
     C    2695      6.00
     H    4091      1.00
    sf(0) = scattering factor at diffraction angle 0.


=============================== Model properties ==============================

   Number of:
     all atoms      : 8107
     H or D atoms   : 4091
     chains         : 2
     a.a. residues  : 491
     nucleotides    : 0
     water          : 42
     other (ligands): 7
   Ligands: NA:2,MTN:1,CL:1,BOG:3

============================= Geometry restraints =============================


                        ----------Bond lengths----------                       

  All restrained atoms within 4.0 sigma of ideal values.

  Min. delta:    0.000 (Z=  0.000)
  Max. delta:    0.121 (Z=  8.775)
  Mean delta:    0.012 (Z=  0.669)

                        ----------Bond angles----------                        

  atoms                   ideal    model    delta   sigma  residual   deviation
   A 270  ARG  C      
   A 271  LYS  N      
   A 271  LYS  CA        120.38   126.55    -6.17  1.46e+00  1.79e+01   4.2*sigma

  Min. delta:    0.000 (Z=  0.000)
  Max. delta:   11.257 (Z=  4.225)
  Mean delta:    1.232 (Z=  0.661)

                      ----------Dihedral angles----------                      

  All restrained atoms within 4.0 sigma of ideal values.

  Min. delta:    0.001
  Max. delta:   81.032
  Mean delta:   14.784

                       ----------Chiral volumes----------                      

  All restrained atoms within 4.0 sigma of ideal values.

  Min. delta:    0.000
  Max. delta:    0.242
  Mean delta:    0.059

                       ----------Planar groups----------                       

  All restrained atoms within 4.0 sigma of ideal values.

  Min. delta:    0.000
  Max. delta:    0.061
  Mean delta:    0.010

============================= Hydrogen validation =============================


                ----------H/D atoms in the input model----------               

  Total number of hydrogen atoms : 4091
  Total number of deuterium atoms: 0
  Number of H atoms (protein)    : 3992
  Number of D atoms (protein)    : 0
  Number of H atoms (water)      : 0
  Number of D atoms (water)      : 0
  Number of H atoms (other)      : 99
  Number of D atoms (other)      : 0

                      ----------Water molecules----------                      

  Number of water                            : 42
  Number of water with 0 H (or D)            : 42
  Number of water with 1 H (or D)            : 0
  Number of water with 2 H (or D)            : 0
  Number of water in alternative conformation: 0
  Number of water without oxygen atom        : 0

                    ----------MISSING H or D atoms----------                   

  LYS A   4  conformer  : H 
  HIS A   7  conformer  : HE2 
  HIS A  74  conformer  : HE2 
  ASP A 136  conformer  : H 
  CYS A 204  conformer  : HG 
  THR A 254  conformer  : HG1 
  THR A 354  conformer  : HG1 
  SER A 355  conformer  : HG 
  HIS A 377  conformer  : HD1 
  HIS A 391  conformer  : HE2 
  THR A 479  conformer  : H 
  HIS A 480  conformer  : HD1 
  HIS A 510  conformer  : HE2 
  BOG A 701  conformer  : H7', H7'', H1'', H1', H2', H2'', H6', H6'', H8'', H8*3, H8', H5'', H5', H3', H3'', H4'', H4' 
  LEU A 601  conformer  : H 
  MTN A 801  conformer  : H1, H4, H3 
  BOG A 703  conformer  : H7', H7'', H1'', H1', H2', H2'', H6', H6'', H8'', H8*3, H8', H5'', H5', H3', H3'', H4'', H4' 
  BOG A 704  conformer  : H7', H7'', H1'', H1', H2', H2'', H6', H6'', H8'', H8*3, H8', H5'', H5', H3', H3'', H4'', H4' 

============================ Molprobity validation ============================


  Geometry Restraints Library: GeoStd + Monomer Library + CDL v1.2
  Deviations from Ideal Values.
    Bond      :  0.012   0.121   4090
    Angle     :  1.232  11.257   5562
    Chirality :  0.059   0.242    634
    Planarity :  0.010   0.061    667
    Dihedral  : 14.784  81.032   1391
    Min Nonbonded Distance : 2.206
  
  Molprobity Statistics.
    All-atom Clashscore : 4.59
    Ramachandran Plot:
      Outliers :  0.00 %
      Allowed  :  2.69 %
      Favored  : 97.31 %
    Rotamer Outliers :  0.76 %
    Cbeta Deviations :  0.00 %
    Peptide Plane:
      Cis-proline     : 0.00 %
      Cis-general     : 0.00 %
      Twisted Proline : 0.00 %
      Twisted General : 0.00 %
  
  Rama-Z (Ramachandran plot Z-score):
  Interpretation: bad |Rama-Z| > 3; suspicious 2 < |Rama-Z| < 3; good |Rama-Z| < 2.
  Scores for whole/helix/sheet/loop are scaled independently;
  therefore, the values are not related in a simple manner.
    whole: -1.75 (0.33), residues: 484
    helix: -1.11 (0.23), residues: 372
    sheet:  None (None), residues: 0
    loop : -0.57 (0.59), residues: 112

                     ----------Asn/Gln/His flips----------                     

  No backwards Asn/Gln/His sidechains found.

=================================== Summary ===================================

  Ramachandran outliers =   0.00 %
                favored =  97.31 %
  Rotamer outliers      =   0.76 %
  C-beta deviations     =     0
  Clashscore            =   4.59
  RMS(bonds)            =   0.0124
  RMS(angles)           =   1.23
  MolProbity score      =   1.36
  Resolution            =   2.25
  R-work                =   0.1742
  R-free                =   0.2204
  Refinement program    = PHENIX

Results written to molprobity.out
Wrote script for Coot: molprobity_coot.py
