
============================== Collecting inputs ==============================


                   ----------Processing PDB file(s)----------                  


  Symmetric amino acids flipped
    Residue "B ASP  165": "OD1" <-> "OD2"
  Time to flip residues: 0.00s

  Monomer Library directory:
    "/home/liuyoujia/phenix-dev-4176/modules/chem_data/mon_lib"
  Total number of atoms: 8051
  Number of models: 1
  Model: ""
    Number of chains: 4
    Chain: "A"
      Number of atoms: 3264
      Number of conformers: 1
      Conformer: ""
        Number of residues, atoms: 219, 3264
          Classifications: {'peptide': 219}
          Modifications used: {'COO': 1, 'NH3': 1}
          Link IDs: {'PTRANS': 12, 'TRANS': 203, 'PCIS': 3}
    Chain: "B"
      Number of atoms: 3225
      Number of conformers: 1
      Conformer: ""
        Number of residues, atoms: 212, 3225
          Classifications: {'peptide': 212}
          Modifications used: {'COO': 1, 'NH3': 1}
          Link IDs: {'PTRANS': 7, 'TRANS': 201, 'PCIS': 3}
    Chain: "C"
      Number of atoms: 1526
      Number of conformers: 1
      Conformer: ""
        Number of residues, atoms: 102, 1526
          Classifications: {'peptide': 102}
          Modifications used: {'COO': 1}
          Link IDs: {'PTRANS': 3, 'TRANS': 98}
          Unresolved non-hydrogen bonds: 12
          Unresolved non-hydrogen angles: 15
          Unresolved non-hydrogen dihedrals: 11
          Planarities with less than four sites: {'ARG:plan': 1, 'HIS%COO:plan': 1}
          Unresolved non-hydrogen planarities: 10
    Chain: "C"
      Number of atoms: 36
      Number of conformers: 1
      Conformer: ""
        Number of residues, atoms: 10, 36
          Unusual residues: {'  K': 5, 'MTN': 1}
          Classifications: {'undetermined': 6, 'water': 4}
          Link IDs: {None: 9}
          Unresolved non-hydrogen bonds: 4
          Unresolved non-hydrogen angles: 7
  Residues with excluded nonbonded symmetry interactions: 5
    residue:
      pdb=" K     K C 202 " occ=0.22
    residue:
      pdb=" K     K C 203 " occ=0.24
    residue:
      pdb=" K     K C 204 " occ=0.22
    residue:
      pdb=" K     K C 205 " occ=0.23
    residue:
      pdb=" K     K C 206 " occ=0.30
  Time building chain proxies: 0.89, per 1000 atoms: 0.11
  Number of scatterers: 8051
  At special positions: 0
  Unit cell: (155.732, 155.732, 76.098, 90, 90, 90)
  Space group: I 4 (No. 79)
  Number of sites at special positions: 0
  Number of scattering types: 6
    Type Number    sf(0)
     K       5     19.00
     S      14     16.00
     O     798      8.00
     N     688      7.00
     C    2569      6.00
     H    3977      1.00
    sf(0) = scattering factor at diffraction angle 0.

  Number of disulfides: simple=4, symmetry=0
    Simple disulfide: pdb=" SG  CYS A  22 " - pdb=" SG  CYS A  96 " distance=2.07
    Simple disulfide: pdb=" SG  CYS A 145 " - pdb=" SG  CYS A 200 " distance=2.07
    Simple disulfide: pdb=" SG  CYS B  23 " - pdb=" SG  CYS B  88 " distance=2.12
    Simple disulfide: pdb=" SG  CYS B 134 " - pdb=" SG  CYS B 194 " distance=2.04
  Custom bonds:
    Warning: Ignoring bond with distance_ideal = None:
      atom_selection_1 = None
      atom_selection_2 = None
    Total number of added/changed bonds: 0
  Custom angles:
    Warning: Ignoring angle with angle_ideal = None:
      atom_selection_1 = None
      atom_selection_2 = None
      atom_selection_3 = None
    Total number of new custom angles: 0
    Total number of changed angles: 0
  Custom dihedrals:
    Warning: Ignoring dihedral with angle_ideal = None:
      atom_selection_1 = None
      atom_selection_2 = None
      atom_selection_3 = None
      atom_selection_4 = None
    Total number of custom dihedrals: 0
  Custom planarities:
    Warning: Ignoring planarity with with sigma <= 0:
      atom_selection = None
None
    Total number of custom planarities: 0
  Custom parallelities:
Warning: Ignoring parallelity with empty atom selection.
    Total number of custom parallelities: 0
  Custom bonds:
    Warning: Ignoring bond with distance_ideal = None:
      atom_selection_1 = None
      atom_selection_2 = None
    Total number of added/changed bonds: 0
  Custom angles:
    Warning: Ignoring angle with angle_ideal = None:
      atom_selection_1 = None
      atom_selection_2 = None
      atom_selection_3 = None
    Total number of new custom angles: 0
    Total number of changed angles: 0
  Custom dihedrals:
    Warning: Ignoring dihedral with angle_ideal = None:
      atom_selection_1 = None
      atom_selection_2 = None
      atom_selection_3 = None
      atom_selection_4 = None
    Total number of custom dihedrals: 0
  Custom planarities:
    Warning: Ignoring planarity with with sigma <= 0:
      atom_selection = None
None
    Total number of custom planarities: 0
  Custom parallelities:
Warning: Ignoring parallelity with empty atom selection.
    Total number of custom parallelities: 0

  Automatic linking
    Parameters for automatic linking
      Linking & cutoffs
        Metal                : Auto  - 3.50
        Amimo acid           : False - 1.90
        Carbohydrate         : True  - 1.99
        Ligands              : True  - 1.99
        Small molecules      : False - 1.98
        Amino acid - RNA/DNA : False
      
  Number of custom bonds: simple=1, symmetry=0
  Number of additional bonds: simple=1, symmetry=0
  Coordination:
  Other bonds:
  Time building additional restraints: 1.30
  Switching to conformation-dependent library
  Conformation dependent library (CDL) restraints added in 122.9 milliseconds
  
  Adding C-beta torsion restraints...
  Number of C-beta restraints generated:  986

  Time building geometry restraints manager: 1.45 seconds

  NOTE: a complete listing of the restraints can be obtained by requesting
        output of .geo file.

  Histogram of bond lengths:
        0.84 -     1.04: 3977
        1.04 -     1.25: 560
        1.25 -     1.45: 1331
        1.45 -     1.65: 2255
        1.65 -     1.85: 18
  Bond restraints: 8141
  Sorted by residual:
  bond pdb=" CD  GLN B   6 "
       pdb=" NE2 GLN B   6 "
    ideal  model  delta    sigma   weight residual
    1.328  1.434 -0.106 2.10e-02 2.27e+03 2.53e+01
  bond pdb=" N   PRO B   8 "
       pdb=" CD  PRO B   8 "
    ideal  model  delta    sigma   weight residual
    1.473  1.415  0.058 1.40e-02 5.10e+03 1.73e+01
  bond pdb=" CG  LEU C  81 "
       pdb=" CD2 LEU C  81 "
    ideal  model  delta    sigma   weight residual
    1.521  1.403  0.118 3.30e-02 9.18e+02 1.27e+01
  bond pdb=" CB  GLU C  71 "
       pdb=" CG  GLU C  71 "
    ideal  model  delta    sigma   weight residual
    1.520  1.415  0.105 3.00e-02 1.11e+03 1.23e+01
  bond pdb=" CB  ASP B   1 "
       pdb=" CG  ASP B   1 "
    ideal  model  delta    sigma   weight residual
    1.516  1.599 -0.083 2.50e-02 1.60e+03 1.09e+01
  ... (remaining 8136 not shown)

  Histogram of bond angle deviations from ideal:
       98.11 -   105.39: 196
      105.39 -   112.67: 9265
      112.67 -   119.95: 2277
      119.95 -   127.23: 2879
      127.23 -   134.50: 65
  Bond angle restraints: 14682
  Sorted by residual:
  angle pdb=" CA  SER B  91 "
        pdb=" CB  SER B  91 "
        pdb=" OG  SER B  91 "
      ideal   model   delta    sigma   weight residual
     111.10  103.16    7.94 2.00e+00 2.50e-01 1.58e+01
  angle pdb=" CA  TYR B  50 "
        pdb=" CB  TYR B  50 "
        pdb=" CG  TYR B  50 "
      ideal   model   delta    sigma   weight residual
     113.90  106.77    7.13 1.80e+00 3.09e-01 1.57e+01
  angle pdb=" C   ASP B   1 "
        pdb=" CA  ASP B   1 "
        pdb=" CB  ASP B   1 "
      ideal   model   delta    sigma   weight residual
     110.10  117.41   -7.31 1.90e+00 2.77e-01 1.48e+01
  angle pdb=" N   ILE C  60 "
        pdb=" CA  ILE C  60 "
        pdb=" C   ILE C  60 "
      ideal   model   delta    sigma   weight residual
     109.34  117.32   -7.98 2.08e+00 2.31e-01 1.47e+01
  angle pdb=" CA  THR A 170 "
        pdb=" CB  THR A 170 "
        pdb=" OG1 THR A 170 "
      ideal   model   delta    sigma   weight residual
     109.60  104.49    5.11 1.50e+00 4.44e-01 1.16e+01
  ... (remaining 14677 not shown)

  Histogram of dihedral angle deviations from ideal:
        0.00 -    17.80: 3001
       17.80 -    35.60: 187
       35.60 -    53.40: 73
       53.40 -    71.20: 19
       71.20 -    89.00: 3
  Dihedral angle restraints: 3283
    sinusoidal: 1473
      harmonic: 1810
  Sorted by residual:
  dihedral pdb=" CA  ASP A 102 "
           pdb=" C   ASP A 102 "
           pdb=" N   GLY A 103 "
           pdb=" CA  GLY A 103 "
      ideal   model   delta  harmonic     sigma   weight residual
     180.00  157.79   22.21     0      5.00e+00 4.00e-02 1.97e+01
  dihedral pdb=" CA  TYR A  95 "
           pdb=" C   TYR A  95 "
           pdb=" N   CYS A  96 "
           pdb=" CA  CYS A  96 "
      ideal   model   delta  harmonic     sigma   weight residual
     180.00  159.68   20.32     0      5.00e+00 4.00e-02 1.65e+01
  dihedral pdb=" CB  GLU B  17 "
           pdb=" CG  GLU B  17 "
           pdb=" CD  GLU B  17 "
           pdb=" OE1 GLU B  17 "
      ideal   model   delta sinusoidal    sigma   weight residual
       0.00   88.50  -88.50     1      3.00e+01 1.11e-03 1.04e+01
  ... (remaining 3280 not shown)

  Histogram of chiral volume deviations from ideal:
       0.000 -    0.048: 355
       0.048 -    0.097: 199
       0.097 -    0.145: 71
       0.145 -    0.193: 19
       0.193 -    0.241: 4
  Chirality restraints: 648
  Sorted by residual:
  chirality pdb=" CB  THR A 112 "
            pdb=" CA  THR A 112 "
            pdb=" OG1 THR A 112 "
            pdb=" CG2 THR A 112 "
    both_signs  ideal   model   delta    sigma   weight residual
      False      2.55    2.31    0.24 2.00e-01 2.50e+01 1.45e+00
  chirality pdb=" CA  ASN B 138 "
            pdb=" N   ASN B 138 "
            pdb=" C   ASN B 138 "
            pdb=" CB  ASN B 138 "
    both_signs  ideal   model   delta    sigma   weight residual
      False      2.51    2.28    0.23 2.00e-01 2.50e+01 1.37e+00
  chirality pdb=" CA  THR C  75 "
            pdb=" N   THR C  75 "
            pdb=" C   THR C  75 "
            pdb=" CB  THR C  75 "
    both_signs  ideal   model   delta    sigma   weight residual
      False      2.53    2.33    0.20 2.00e-01 2.50e+01 9.59e-01
  ... (remaining 645 not shown)

  Planarity restraints: 1223
  Sorted by residual:
                                 delta    sigma   weight rms_deltas residual
  plane pdb=" CB  TRP C  68 "   -0.038 2.00e-02 2.50e+03   3.16e-02 3.99e+01
        pdb=" CG  TRP C  68 "    0.029 2.00e-02 2.50e+03
        pdb=" CD1 TRP C  68 "   -0.009 2.00e-02 2.50e+03
        pdb=" CD2 TRP C  68 "    0.000 2.00e-02 2.50e+03
        pdb=" NE1 TRP C  68 "    0.006 2.00e-02 2.50e+03
        pdb=" CE2 TRP C  68 "    0.007 2.00e-02 2.50e+03
        pdb=" CE3 TRP C  68 "    0.028 2.00e-02 2.50e+03
        pdb=" CZ2 TRP C  68 "    0.012 2.00e-02 2.50e+03
        pdb=" CZ3 TRP C  68 "   -0.018 2.00e-02 2.50e+03
        pdb=" CH2 TRP C  68 "   -0.014 2.00e-02 2.50e+03
        pdb=" HD1 TRP C  68 "   -0.043 2.00e-02 2.50e+03
        pdb=" HE1 TRP C  68 "    0.013 2.00e-02 2.50e+03
        pdb=" HE3 TRP C  68 "    0.075 2.00e-02 2.50e+03
        pdb=" HZ2 TRP C  68 "    0.032 2.00e-02 2.50e+03
        pdb=" HZ3 TRP C  68 "   -0.051 2.00e-02 2.50e+03
        pdb=" HH2 TRP C  68 "   -0.029 2.00e-02 2.50e+03
                                 delta    sigma   weight rms_deltas residual
  plane pdb=" CB  TRP B  94 "    0.037 2.00e-02 2.50e+03   2.97e-02 3.53e+01
        pdb=" CG  TRP B  94 "    0.012 2.00e-02 2.50e+03
        pdb=" CD1 TRP B  94 "   -0.006 2.00e-02 2.50e+03
        pdb=" CD2 TRP B  94 "   -0.002 2.00e-02 2.50e+03
        pdb=" NE1 TRP B  94 "   -0.028 2.00e-02 2.50e+03
        pdb=" CE2 TRP B  94 "    0.004 2.00e-02 2.50e+03
        pdb=" CE3 TRP B  94 "   -0.003 2.00e-02 2.50e+03
        pdb=" CZ2 TRP B  94 "    0.034 2.00e-02 2.50e+03
        pdb=" CZ3 TRP B  94 "   -0.015 2.00e-02 2.50e+03
        pdb=" CH2 TRP B  94 "   -0.002 2.00e-02 2.50e+03
        pdb=" HD1 TRP B  94 "   -0.004 2.00e-02 2.50e+03
        pdb=" HE1 TRP B  94 "   -0.057 2.00e-02 2.50e+03
        pdb=" HE3 TRP B  94 "    0.005 2.00e-02 2.50e+03
        pdb=" HZ2 TRP B  94 "    0.076 2.00e-02 2.50e+03
        pdb=" HZ3 TRP B  94 "   -0.032 2.00e-02 2.50e+03
        pdb=" HH2 TRP B  94 "   -0.018 2.00e-02 2.50e+03
                                 delta    sigma   weight rms_deltas residual
  plane pdb=" CB  TRP B  35 "   -0.005 2.00e-02 2.50e+03   2.91e-02 3.38e+01
        pdb=" CG  TRP B  35 "   -0.003 2.00e-02 2.50e+03
        pdb=" CD1 TRP B  35 "    0.008 2.00e-02 2.50e+03
        pdb=" CD2 TRP B  35 "    0.028 2.00e-02 2.50e+03
        pdb=" NE1 TRP B  35 "    0.004 2.00e-02 2.50e+03
        pdb=" CE2 TRP B  35 "    0.042 2.00e-02 2.50e+03
        pdb=" CE3 TRP B  35 "   -0.014 2.00e-02 2.50e+03
        pdb=" CZ2 TRP B  35 "   -0.013 2.00e-02 2.50e+03
        pdb=" CZ3 TRP B  35 "    0.005 2.00e-02 2.50e+03
        pdb=" CH2 TRP B  35 "    0.015 2.00e-02 2.50e+03
        pdb=" HD1 TRP B  35 "    0.020 2.00e-02 2.50e+03
        pdb=" HE1 TRP B  35 "   -0.020 2.00e-02 2.50e+03
        pdb=" HE3 TRP B  35 "   -0.052 2.00e-02 2.50e+03
        pdb=" HZ2 TRP B  35 "   -0.069 2.00e-02 2.50e+03
        pdb=" HZ3 TRP B  35 "    0.011 2.00e-02 2.50e+03
        pdb=" HH2 TRP B  35 "    0.042 2.00e-02 2.50e+03
  ... (remaining 1220 not shown)

  Histogram of nonbonded interaction distances:
        1.24 -     2.29: 1939
        2.29 -     3.34: 35170
        3.34 -     4.40: 62408
        4.40 -     5.45: 110561
        5.45 -     6.50: 155970
  Nonbonded interactions: 366048
  Sorted by model distance:
  nonbonded pdb=" HZ3 LYS B 147 "
            pdb=" OE1 GLU B 154 "
     model   vdw
     1.240 1.850
  nonbonded pdb=" HE3 MET A  81 "
            pdb="HD21 LEU A  83 "
     model   vdw
     1.595 2.440
  nonbonded pdb=" OE1 GLN A  65 "
            pdb=" H   GLN A  65 "
     model   vdw
     1.627 1.850
  nonbonded pdb=" OD2 ASP B  32 "
            pdb="HD22 ASN B  92 "
     model   vdw
     1.646 1.850
  nonbonded pdb=" OD1 ASP B 167 "
            pdb=" H   LYS B 169 "
     model   vdw
     1.679 1.850
  ... (remaining 366043 not shown)

  NOTE: a complete listing of the restraints can be obtained by requesting
        output of .geo file.

End of input processing

  Symmetric amino acids flipped
    Residue "B ASP  165": "OD1" <-> "OD2"
  Time to flip residues: 0.00s

  Monomer Library directory:
    "/home/liuyoujia/phenix-dev-4176/modules/chem_data/mon_lib"
  Total number of atoms: 8051
  Number of models: 1
  Model: ""
    Number of chains: 4
    Chain: "A"
      Number of atoms: 3264
      Number of conformers: 1
      Conformer: ""
        Number of residues, atoms: 219, 3264
          Classifications: {'peptide': 219}
          Modifications used: {'COO': 1, 'NH3': 1}
          Link IDs: {'PTRANS': 12, 'TRANS': 203, 'PCIS': 3}
    Chain: "B"
      Number of atoms: 3225
      Number of conformers: 1
      Conformer: ""
        Number of residues, atoms: 212, 3225
          Classifications: {'peptide': 212}
          Modifications used: {'COO': 1, 'NH3': 1}
          Link IDs: {'PTRANS': 7, 'TRANS': 201, 'PCIS': 3}
    Chain: "C"
      Number of atoms: 1526
      Number of conformers: 1
      Conformer: ""
        Number of residues, atoms: 102, 1526
          Classifications: {'peptide': 102}
          Modifications used: {'COO': 1}
          Link IDs: {'PTRANS': 3, 'TRANS': 98}
          Unresolved non-hydrogen bonds: 12
          Unresolved non-hydrogen angles: 15
          Unresolved non-hydrogen dihedrals: 11
          Planarities with less than four sites: {'ARG:plan': 1, 'HIS%COO:plan': 1}
          Unresolved non-hydrogen planarities: 10
    Chain: "C"
      Number of atoms: 36
      Number of conformers: 1
      Conformer: ""
        Number of residues, atoms: 10, 36
          Unusual residues: {'  K': 5, 'MTN': 1}
          Classifications: {'undetermined': 6, 'water': 4}
          Link IDs: {None: 9}
          Unresolved non-hydrogen bonds: 4
          Unresolved non-hydrogen angles: 7
  Residues with excluded nonbonded symmetry interactions: 5
    residue:
      pdb=" K     K C 202 " occ=0.22
    residue:
      pdb=" K     K C 203 " occ=0.24
    residue:
      pdb=" K     K C 204 " occ=0.22
    residue:
      pdb=" K     K C 205 " occ=0.23
    residue:
      pdb=" K     K C 206 " occ=0.30
  Time building chain proxies: 0.91, per 1000 atoms: 0.11
  Number of scatterers: 8051
  At special positions: 0
  Unit cell: (155.732, 155.732, 76.098, 90, 90, 90)
  Space group: I 4 (No. 79)
  Number of sites at special positions: 0
  Number of scattering types: 6
    Type Number    sf(0)
     K       5     19.00
     S      14     16.00
     O     798      8.00
     N     688      7.00
     C    2569      6.00
     H    3977      1.00
    sf(0) = scattering factor at diffraction angle 0.


=============================== Model properties ==============================

   Number of:
     all atoms      : 8051
     H or D atoms   : 3977
     chains         : 4
     a.a. residues  : 533
     nucleotides    : 0
     water          : 4
     other (ligands): 6
   Ligands: K:5,MTN:1

============================= Geometry restraints =============================


                        ----------Bond lengths----------                       

  atoms                 ideal   model   delta   sigma   slack  residual   deviation
   B   8  PRO  N      
   B   8  PRO  CD          1.47     1.41     0.06  1.40e-02  1.73e+01   4.2*sigma
   B   6  GLN  CD     
   B   6  GLN  NE2         1.33     1.43    -0.11  2.10e-02  2.53e+01   5.0*sigma

  Min. delta:    0.000 (Z=  0.000)
  Max. delta:    0.118 (Z=  9.645)
  Mean delta:    0.014 (Z=  0.936)

                        ----------Bond angles----------                        

  All restrained atoms within 4.0 sigma of ideal values.

  Min. delta:    0.000 (Z=  0.000)
  Max. delta:   10.057 (Z=  3.969)
  Mean delta:    1.427 (Z=  0.772)

                      ----------Dihedral angles----------                      

  atoms                   ideal    model    delta   sigma  residual   deviation
   A  95  TYR  CA     
   A  95  TYR  C      
   A  96  CYS  N      
   A  96  CYS  CA        180.00   159.68    20.32  5.00e+00  1.65e+01   4.1*sigma
   A 102  ASP  CA     
   A 102  ASP  C      
   A 103  GLY  N      
   A 103  GLY  CA        180.00   157.79    22.21  5.00e+00  1.97e+01   4.4*sigma

  Min. delta:    0.001
  Max. delta:   88.998
  Mean delta:   16.188

                       ----------Chiral volumes----------                      

  All restrained atoms within 4.0 sigma of ideal values.

  Min. delta:    0.000
  Max. delta:    0.241
  Mean delta:    0.067

                       ----------Planar groups----------                       

  All restrained atoms within 4.0 sigma of ideal values.

  Min. delta:    0.000
  Max. delta:    0.072
  Mean delta:    0.012

============================= Hydrogen validation =============================


                ----------H/D atoms in the input model----------               

  Total number of hydrogen atoms : 3977
  Total number of deuterium atoms: 0
  Number of H atoms (protein)    : 3962
  Number of D atoms (protein)    : 0
  Number of H atoms (water)      : 0
  Number of D atoms (water)      : 0
  Number of H atoms (other)      : 15
  Number of D atoms (other)      : 0

                      ----------Water molecules----------                      

  Number of water                            : 4
  Number of water with 0 H (or D)            : 4
  Number of water with 1 H (or D)            : 0
  Number of water with 2 H (or D)            : 0
  Number of water in alternative conformation: 0
  Number of water without oxygen atom        : 0

             ----------H (or D) atoms with occupancy < 1----------             

  pdb=" HG  SER B   7 " with occupancy 0.85

                    ----------MISSING H or D atoms----------                   

  CYS A  22  conformer  : HG 
  HIS A  35  conformer  : HD1 
  HIS A  43  conformer  : HD1 
  CYS A  96  conformer  : HG 
  CYS A 145  conformer  : HG 
  HIS A 169  conformer  : HD1 
  CYS A 200  conformer  : HG 
  HIS A 204  conformer  : HD1 
  CYS B  23  conformer  : HG 
  HIS B  34  conformer  : HD1 
  CYS B  88  conformer  : HG 
  CYS B 134  conformer  : HG 
  HIS B 189  conformer  : HE2 
  CYS B 194  conformer  : HG 
  HIS B 198  conformer  : HD1 
  ALA C  23  conformer  : H 
  HIS C  25  conformer  : HD1 
  CYS C  82  conformer  : HG 
  ARG C 117  conformer  : HE, HG2, HH22, HH21, HD2, HH12, HH11, HB2, HB3, HG3, HD3 
  HIS C 124  conformer  : HE2, HD2, HE1, HD1, HB2, HB3 
  MTN C 201  conformer  : H1, H4, H3 

============================ Molprobity validation ============================


  Geometry Restraints Library: GeoStd + Monomer Library + CDL v1.2
  Deviations from Ideal Values.
    Bond      :  0.014   0.118   4164
    Angle     :  1.427  10.057   5688
    Chirality :  0.067   0.241    648
    Planarity :  0.012   0.072    721
    Dihedral  : 16.188  88.998   1461
    Min Nonbonded Distance : 2.045
  
  Molprobity Statistics.
    All-atom Clashscore : 9.94
    Ramachandran Plot:
      Outliers :  0.57 %
      Allowed  :  4.55 %
      Favored  : 94.88 %
    Rotamer Outliers :  0.89 %
    Cbeta Deviations :  0.00 %
    Peptide Plane:
      Cis-proline     : 21.43 %
      Cis-general     : 0.00 %
      Twisted Proline : 0.00 %
      Twisted General : 0.00 %
  
  Rama-Z (Ramachandran plot Z-score):
  Interpretation: bad |Rama-Z| > 3; suspicious 2 < |Rama-Z| < 3; good |Rama-Z| < 2.
  Scores for whole/helix/sheet/loop are scaled independently;
  therefore, the values are not related in a simple manner.
    whole: -2.24 (0.32), residues: 527
    helix: -1.82 (0.42), residues: 93
    sheet: -0.49 (0.34), residues: 205
    loop : -2.22 (0.33), residues: 229

                     ----------Asn/Gln/His flips----------                     

   A  39  GLN
   B  76  ASN

=================================== Summary ===================================

  Ramachandran outliers =   0.57 %
                favored =  94.88 %
  Rotamer outliers      =   0.89 %
  C-beta deviations     =     0
  Clashscore            =   9.94
  RMS(bonds)            =   0.0143
  RMS(angles)           =   1.43
  MolProbity score      =   1.87
  Resolution            =   1.87
  R-work                =   0.2241
  R-free                =   0.2671
  Refinement program    = PHENIX

Results written to molprobity.out
Wrote script for Coot: molprobity_coot.py
