--------------------------------------------------------------------------------
angles               : True
bonds                : True
chirals              : True
delete_cache         : True
dihedrals            : True
exclude_hydrogens    : False
exclude_non_protein  : False
exclude_water        : True
filename             : 4ek1.updated_refine_001.pdb.geo
ignore_cache         : False
nonbonds             : False
only_hydrogens       : False
only_water           : False
parallelitys         : False
planes               : False
quiet                : False
use_cache            : True
--------------------------------------------------------------------------------
WARNING bond ESD is very small 0.0047 [' C   ALA B 334 ', ' O   ALA B 334 ', ['1.235', '1.233', '0.002', '4.70e-03', '4.53e+04', '1.94e-01']]
WARNING bond ESD is very small 0.0047 [' C   ALA A 334 ', ' O   ALA A 334 ', ['1.235', '1.235', '0.000', '4.70e-03', '4.53e+04', '1.43e-03']]
processed bond : 0.9
WARNING angle ESD is very small 0.46 [' O   PRO B  15 ', ' C   PRO B  15 ', ' N   PRO B  16 ', ['121.31', '121.15', '0.16', '4.60e-01', '4.73e+00', '1.16e-01']]
WARNING angle ESD is very small 0.46 [' O   PRO A 105 ', ' C   PRO A 105 ', ' N   PRO A 106 ', ['121.31', '121.26', '0.05', '4.60e-01', '4.73e+00', '1.23e-02']]
WARNING angle ESD is very small 0.46 [' O   PRO B 105 ', ' C   PRO B 105 ', ' N   PRO B 106 ', ['121.31', '121.34', '-0.03', '4.60e-01', '4.73e+00', '3.39e-03']]
processed angle : 1.3
processed dihedral : 1.4
LOADED ['chirality', 'angle', 'dihedral', 'bond']
Time to parse 1.42

RMS results for model

RMS(D/Z)
             d-all          d-none         d-alt          z-all          z-none         z-alt          
  bond       0.008(13301)   0.009(12973)   0.005(  328)   0.388(13301)   0.391(12973)   0.250(  328)
  angle      1.049(24129)   1.055(23485)   0.812(  644)   0.468(24129)   0.470(23485)   0.392(  644)
  dihedral  10.819( 5281)  10.720( 5101)  13.305(  180)   0.777( 5281)   0.777( 5101)   0.798(  180)

Selecting bonds        Time to select bonds        : 0.12s
Selecting angles       Time to select angles       : 0.39s
Selecting dihedrals    Time to select dihedrals    : 0.12s

RMS results for selection

RMS(D/Z)
             d-all          d-none         d-alt          z-all          z-none         z-alt          
  bond       0.013(    9)   0.013(    9)   0.000(    0)   0.671(    9)   0.671(    9)   0.000(    0)
  angle      2.071(   27)   2.071(   27)   0.000(    0)   0.690(   27)   0.690(   27)   0.000(    0)
  dihedral   9.414(    6)   9.414(    6)   0.000(    0)   0.157(    6)   0.157(    6)   0.000(    0)

----- bonds ----- bonds ----- bonds ----- bonds ----- bonds ----- bonds 
   1 " N1  MTN A 504 " - " O1  MTN A 504 " [ 1.258, 1.232,  0.026, 2.00e-02, 2.50e+03, 1.72e+00] Z=  1.30
   2 " N1  MTN B 504 " - " O1  MTN B 504 " [ 1.258, 1.238,  0.020, 2.00e-02, 2.50e+03, 1.00e+00] Z=  1.00
   3 " C5  MTN A 505 " - " N1  MTN A 505 " [ 1.480, 1.498, -0.018, 2.00e-02, 2.50e+03, 8.45e-01] Z= -0.90
   4 " C1  MTN A 505 " - " N1  MTN A 505 " [ 1.477, 1.487, -0.010, 2.00e-02, 2.50e+03, 2.35e-01] Z= -0.50
   5 " C1  MTN A 504 " - " N1  MTN A 504 " [ 1.477, 1.468,  0.009, 2.00e-02, 2.50e+03, 2.10e-01] Z=  0.45
   6 " C1  MTN B 504 " - " N1  MTN B 504 " [ 1.477, 1.481, -0.004, 2.00e-02, 2.50e+03, 4.17e-02] Z= -0.20
   7 " C5  MTN B 504 " - " N1  MTN B 504 " [ 1.480, 1.476,  0.004, 2.00e-02, 2.50e+03, 3.28e-02] Z=  0.20
   8 " C5  MTN A 504 " - " N1  MTN A 504 " [ 1.480, 1.477,  0.003, 2.00e-02, 2.50e+03, 2.54e-02] Z=  0.15
   9 " N1  MTN A 505 " - " O1  MTN A 505 " [ 1.258, 1.259, -0.001, 2.00e-02, 2.50e+03, 1.53e-03] Z= -0.05
---- angles ---- angles ---- angles ---- angles ---- angles ---- angles 
   1 " C6  MTN B 504 " - " C5  MTN B 504 " - " N1  MTN B 504 " [ 108.85, 104.22,  4.63, 3.00, 0.111, 2.38e+00] Z=  1.54
   2 " C7  MTN A 505 " - " C5  MTN A 505 " - " N1  MTN A 505 " [ 109.16, 113.70, -4.54, 3.00, 0.111, 2.29e+00] Z= -1.51
   3 " C8  MTN A 505 " - " C1  MTN A 505 " - " N1  MTN A 505 " [ 109.60, 113.10, -3.50, 3.00, 0.111, 1.36e+00] Z= -1.17
   4 " C7  MTN B 504 " - " C5  MTN B 504 " - " N1  MTN B 504 " [ 109.16, 112.43, -3.27, 3.00, 0.111, 1.19e+00] Z= -1.09
   5 " C6  MTN A 505 " - " C5  MTN A 505 " - " N1  MTN A 505 " [ 108.85, 105.74,  3.11, 3.00, 0.111, 1.08e+00] Z=  1.04
   6 " C6  MTN A 504 " - " C5  MTN A 504 " - " N1  MTN A 504 " [ 108.85, 105.78,  3.07, 3.00, 0.111, 1.05e+00] Z=  1.02
   7 " C8  MTN A 504 " - " C1  MTN A 504 " - " N1  MTN A 504 " [ 109.60, 106.60,  3.00, 3.00, 0.111, 9.99e-01] Z=  1.00
   8 " C9  MTN A 505 " - " C1  MTN A 505 " - " N1  MTN A 505 " [ 109.97, 107.01,  2.96, 3.00, 0.111, 9.73e-01] Z=  0.99
   9 " C3  MTN B 504 " - " C5  MTN B 504 " - " N1  MTN B 504 " [  99.93,  97.89,  2.04, 3.00, 0.111, 4.64e-01] Z=  0.68
  10 " C9  MTN A 504 " - " C1  MTN A 504 " - " N1  MTN A 504 " [ 109.97, 111.88, -1.91, 3.00, 0.111, 4.05e-01] Z= -0.64
  11 " C9  MTN B 504 " - " C1  MTN B 504 " - " N1  MTN B 504 " [ 109.97, 111.70, -1.73, 3.00, 0.111, 3.34e-01] Z= -0.58
  12 " C5  MTN B 504 " - " N1  MTN B 504 " - " O1  MTN B 504 " [ 122.20, 121.34,  0.86, 3.00, 0.111, 8.28e-02] Z=  0.29
  13 " C2  MTN B 504 " - " C1  MTN B 504 " - " N1  MTN B 504 " [  99.99, 100.77, -0.78, 3.00, 0.111, 6.71e-02] Z= -0.26
  14 " C8  MTN B 504 " - " C1  MTN B 504 " - " N1  MTN B 504 " [ 109.60, 110.18, -0.58, 3.00, 0.111, 3.70e-02] Z= -0.19
  15 " C1  MTN B 504 " - " N1  MTN B 504 " - " C5  MTN B 504 " [ 114.61, 115.18, -0.57, 3.00, 0.111, 3.65e-02] Z= -0.19
  16 " C1  MTN A 504 " - " N1  MTN A 504 " - " O1  MTN A 504 " [ 122.58, 123.09, -0.51, 3.00, 0.111, 2.92e-02] Z= -0.17
  17 " C2  MTN A 504 " - " C1  MTN A 504 " - " N1  MTN A 504 " [  99.99, 100.45, -0.46, 3.00, 0.111, 2.34e-02] Z= -0.15
  18 " C5  MTN A 505 " - " N1  MTN A 505 " - " O1  MTN A 505 " [ 122.20, 122.62, -0.42, 3.00, 0.111, 1.93e-02] Z= -0.14
  19 " C5  MTN A 504 " - " N1  MTN A 504 " - " O1  MTN A 504 " [ 122.20, 122.58, -0.38, 3.00, 0.111, 1.57e-02] Z= -0.13
  20 " C1  MTN B 504 " - " N1  MTN B 504 " - " O1  MTN B 504 " [ 122.58, 122.23,  0.35, 3.00, 0.111, 1.38e-02] Z=  0.12
  21 " C3  MTN A 504 " - " C5  MTN A 504 " - " N1  MTN A 504 " [  99.93, 100.24, -0.31, 3.00, 0.111, 1.07e-02] Z= -0.10
  22 " C1  MTN A 504 " - " N1  MTN A 504 " - " C5  MTN A 504 " [ 114.61, 114.32,  0.29, 3.00, 0.111, 9.23e-03] Z=  0.10
  23 " C2  MTN A 505 " - " C1  MTN A 505 " - " N1  MTN A 505 " [  99.99,  99.79,  0.20, 3.00, 0.111, 4.41e-03] Z=  0.07
  24 " C7  MTN A 504 " - " C5  MTN A 504 " - " N1  MTN A 504 " [ 109.16, 109.03,  0.13, 3.00, 0.111, 1.95e-03] Z=  0.04
  25 " C3  MTN A 505 " - " C5  MTN A 505 " - " N1  MTN A 505 " [  99.93,  99.97, -0.04, 3.00, 0.111, 1.41e-04] Z= -0.01
  26 " C1  MTN A 505 " - " N1  MTN A 505 " - " C5  MTN A 505 " [ 114.61, 114.64, -0.03, 3.00, 0.111, 1.02e-04] Z= -0.01
  27 " C1  MTN A 505 " - " N1  MTN A 505 " - " O1  MTN A 505 " [ 122.58, 122.57,  0.01, 3.00, 0.111, 9.59e-06] Z=  0.00
---- dihedrals ---- dihedrals ---- dihedrals ---- dihedrals ---- dihedrals ---- dihedrals 
   1 " C3  MTN B 504 " - " C5  MTN B 504 " - " N1  MTN B 504 " - " O1  MTN B 504 " [  180.00,  165.11,   14.89,  1,   60.00, 2.78e-04,    0.09]
   2 " C2  MTN B 504 " - " C1  MTN B 504 " - " N1  MTN B 504 " - " O1  MTN B 504 " [ -180.00, -165.49,  -14.51,  1,   60.00, 2.78e-04,    0.09]
   3 " C3  MTN A 505 " - " C5  MTN A 505 " - " N1  MTN A 505 " - " O1  MTN A 505 " [  180.00,  172.68,    7.32,  1,   60.00, 2.78e-04,    0.02]
   4 " C2  MTN A 505 " - " C1  MTN A 505 " - " N1  MTN A 505 " - " O1  MTN A 505 " [  180.00, -173.28,   -6.72,  1,   60.00, 2.78e-04,    0.02]
   5 " C3  MTN A 504 " - " C5  MTN A 504 " - " N1  MTN A 504 " - " O1  MTN A 504 " [  180.00,  179.13,    0.87,  1,   60.00, 2.78e-04, 3.08e-04]
   6 " C2  MTN A 504 " - " C1  MTN A 504 " - " N1  MTN A 504 " - " O1  MTN A 504 " [  180.00,  179.93,    0.07,  1,   60.00, 2.78e-04, 1.87e-06]
---- chirals ---- chirals ---- chirals ---- chirals ---- chirals ---- chirals 
  None
