
============================== Collecting inputs ==============================


                   ----------Processing PDB file(s)----------                  


  Symmetric amino acids flipped
    Residue "A TYR  139": "CD1" <-> "CD2" "CE1" <-> "CE2" "HD1" <-> "HD2" "HE1" <-> "HE2"
  Time to flip residues: 0.00s

  Monomer Library directory:
    "/home/liuyoujia/phenix-dev-4176/modules/chem_data/mon_lib"
  Total number of atoms: 2893
  Number of models: 1
  Model: ""
    Number of chains: 2
    Chain: "A"
      Number of atoms: 2642
      Number of conformers: 1
      Conformer: ""
        Number of residues, atoms: 164, 2642
          Classifications: {'peptide': 164}
          Modifications used: {'COO': 1, 'NH3': 1}
          Link IDs: {'PTRANS': 3, 'TRANS': 160}
    Chain: "A"
      Number of atoms: 251
      Number of conformers: 1
      Conformer: ""
        Number of residues, atoms: 225, 251
          Unusual residues: {'MTN': 1}
          Classifications: {'undetermined': 1, 'water': 224}
          Link IDs: {None: 224}
          Unresolved non-hydrogen bonds: 4
          Unresolved non-hydrogen angles: 7
  Time building chain proxies: 0.38, per 1000 atoms: 0.13
  Number of scatterers: 2893
  At special positions: 0
  Unit cell: (59.777, 59.777, 95.373, 90, 90, 120)
  Space group: P 32 2 1 (No. 154)
  Number of sites at special positions: 0
  Number of scattering types: 5
    Type Number    sf(0)
     S       7     16.00
     O     466      8.00
     N     239      7.00
     C     832      6.00
     H    1349      1.00
    sf(0) = scattering factor at diffraction angle 0.

  Number of disulfides: simple=0, symmetry=0
  Custom bonds:
    Warning: Ignoring bond with distance_ideal = None:
      atom_selection_1 = None
      atom_selection_2 = None
    Total number of added/changed bonds: 0
  Custom angles:
    Warning: Ignoring angle with angle_ideal = None:
      atom_selection_1 = None
      atom_selection_2 = None
      atom_selection_3 = None
    Total number of new custom angles: 0
    Total number of changed angles: 0
  Custom dihedrals:
    Warning: Ignoring dihedral with angle_ideal = None:
      atom_selection_1 = None
      atom_selection_2 = None
      atom_selection_3 = None
      atom_selection_4 = None
    Total number of custom dihedrals: 0
  Custom planarities:
    Warning: Ignoring planarity with with sigma <= 0:
      atom_selection = None
None
    Total number of custom planarities: 0
  Custom parallelities:
Warning: Ignoring parallelity with empty atom selection.
    Total number of custom parallelities: 0
  Custom bonds:
    Warning: Ignoring bond with distance_ideal = None:
      atom_selection_1 = None
      atom_selection_2 = None
    Total number of added/changed bonds: 0
  Custom angles:
    Warning: Ignoring angle with angle_ideal = None:
      atom_selection_1 = None
      atom_selection_2 = None
      atom_selection_3 = None
    Total number of new custom angles: 0
    Total number of changed angles: 0
  Custom dihedrals:
    Warning: Ignoring dihedral with angle_ideal = None:
      atom_selection_1 = None
      atom_selection_2 = None
      atom_selection_3 = None
      atom_selection_4 = None
    Total number of custom dihedrals: 0
  Custom planarities:
    Warning: Ignoring planarity with with sigma <= 0:
      atom_selection = None
None
    Total number of custom planarities: 0
  Custom parallelities:
Warning: Ignoring parallelity with empty atom selection.
    Total number of custom parallelities: 0

  Automatic linking
    Parameters for automatic linking
      Linking & cutoffs
        Metal                : Auto  - 3.50
        Amimo acid           : False - 1.90
        Carbohydrate         : True  - 1.99
        Ligands              : True  - 1.99
        Small molecules      : False - 1.98
        Amino acid - RNA/DNA : False
      
  Number of custom bonds: simple=1, symmetry=0
  Number of additional bonds: simple=1, symmetry=0
  Coordination:
  Other bonds:
  Time building additional restraints: 0.51
  Switching to conformation-dependent library
  Conformation dependent library (CDL) restraints added in 39.4 milliseconds
  
  Adding C-beta torsion restraints...
  Number of C-beta restraints generated:  306

  Time building geometry restraints manager: 0.57 seconds

  NOTE: a complete listing of the restraints can be obtained by requesting
        output of .geo file.

  Histogram of bond lengths:
        0.84 -     1.04: 1349
        1.04 -     1.25: 199
        1.25 -     1.45: 400
        1.45 -     1.66: 729
        1.66 -     1.86: 12
  Bond restraints: 2689
  Sorted by residual:
  bond pdb=" CG  ARG A 145 "
       pdb=" CD  ARG A 145 "
    ideal  model  delta    sigma   weight residual
    1.520  1.444  0.076 3.00e-02 1.11e+03 6.41e+00
  bond pdb=" CG  ASN A 140 "
       pdb=" ND2 ASN A 140 "
    ideal  model  delta    sigma   weight residual
    1.328  1.299  0.029 2.10e-02 2.27e+03 1.88e+00
  bond pdb=" CG  ASP A  20 "
       pdb=" OD1 ASP A  20 "
    ideal  model  delta    sigma   weight residual
    1.249  1.224  0.025 1.90e-02 2.77e+03 1.79e+00
  bond pdb=" CD  GLN A  69 "
       pdb=" OE1 GLN A  69 "
    ideal  model  delta    sigma   weight residual
    1.231  1.256 -0.025 1.90e-02 2.77e+03 1.75e+00
  bond pdb=" CG  ASN A 144 "
       pdb=" ND2 ASN A 144 "
    ideal  model  delta    sigma   weight residual
    1.328  1.301  0.027 2.10e-02 2.27e+03 1.71e+00
  ... (remaining 2684 not shown)

  Histogram of bond angle deviations from ideal:
       99.43 -   106.35: 50
      106.35 -   113.28: 3141
      113.28 -   120.20: 925
      120.20 -   127.13: 731
      127.13 -   134.05: 11
  Bond angle restraints: 4858
  Sorted by residual:
  angle pdb=" C   TYR A  25 "
        pdb=" N   THR A  26 "
        pdb=" CA  THR A  26 "
      ideal   model   delta    sigma   weight residual
     121.75  126.36   -4.61 1.73e+00 3.34e-01 7.09e+00
  angle pdb=" N   ASN A  53 "
        pdb=" CA  ASN A  53 "
        pdb=" CB  ASN A  53 "
      ideal   model   delta    sigma   weight residual
     110.24  106.53    3.71 1.45e+00 4.76e-01 6.54e+00
  angle pdb=" N   ASP A  72 "
        pdb=" CA  ASP A  72 "
        pdb=" CB  ASP A  72 "
      ideal   model   delta    sigma   weight residual
     110.12  106.67    3.45 1.47e+00 4.63e-01 5.50e+00
  angle pdb=" CA  THR A  26 "
        pdb=" CB  THR A  26 "
        pdb=" CG2 THR A  26 "
      ideal   model   delta    sigma   weight residual
     110.50  114.42   -3.92 1.70e+00 3.46e-01 5.32e+00
  angle pdb=" C   THR A  54 "
        pdb=" CA  THR A  54 "
        pdb=" CB  THR A  54 "
      ideal   model   delta    sigma   weight residual
     109.24  105.25    3.99 1.75e+00 3.27e-01 5.20e+00
  ... (remaining 4853 not shown)

  Histogram of dihedral angle deviations from ideal:
        0.00 -    14.47: 956
       14.47 -    28.93: 79
       28.93 -    43.40: 17
       43.40 -    57.87: 9
       57.87 -    72.33: 2
  Dihedral angle restraints: 1063
    sinusoidal: 517
      harmonic: 546
  Sorted by residual:
  dihedral pdb=" CA  ARG A 125 "
           pdb=" C   ARG A 125 "
           pdb=" N   TRP A 126 "
           pdb=" CA  TRP A 126 "
      ideal   model   delta  harmonic     sigma   weight residual
    -180.00 -162.71  -17.29     0      5.00e+00 4.00e-02 1.20e+01
  dihedral pdb=" CG  ARG A 145 "
           pdb=" CD  ARG A 145 "
           pdb=" NE  ARG A 145 "
           pdb=" CZ  ARG A 145 "
      ideal   model   delta sinusoidal    sigma   weight residual
      90.00  134.93  -44.93     2      1.50e+01 4.44e-03 1.06e+01
  dihedral pdb=" CA  ASP A  92 "
           pdb=" CB  ASP A  92 "
           pdb=" CG  ASP A  92 "
           pdb=" OD1 ASP A  92 "
      ideal   model   delta sinusoidal    sigma   weight residual
     -30.00  -85.09   55.09     1      2.00e+01 2.50e-03 1.03e+01
  ... (remaining 1060 not shown)

  Histogram of chiral volume deviations from ideal:
       0.000 -    0.041: 100
       0.041 -    0.081: 58
       0.081 -    0.121: 26
       0.121 -    0.162: 13
       0.162 -    0.202: 2
  Chirality restraints: 199
  Sorted by residual:
  chirality pdb=" CA  MET A 106 "
            pdb=" N   MET A 106 "
            pdb=" C   MET A 106 "
            pdb=" CB  MET A 106 "
    both_signs  ideal   model   delta    sigma   weight residual
      False      2.51    2.31    0.20 2.00e-01 2.50e+01 1.02e+00
  chirality pdb=" CA  PRO A 143 "
            pdb=" N   PRO A 143 "
            pdb=" C   PRO A 143 "
            pdb=" CB  PRO A 143 "
    both_signs  ideal   model   delta    sigma   weight residual
      False      2.72    2.52    0.20 2.00e-01 2.50e+01 9.89e-01
  chirality pdb=" CA  LYS A 124 "
            pdb=" N   LYS A 124 "
            pdb=" C   LYS A 124 "
            pdb=" CB  LYS A 124 "
    both_signs  ideal   model   delta    sigma   weight residual
      False      2.51    2.35    0.16 2.00e-01 2.50e+01 6.25e-01
  ... (remaining 196 not shown)

  Planarity restraints: 392
  Sorted by residual:
                                 delta    sigma   weight rms_deltas residual
  plane pdb=" CB  TRP A 138 "   -0.058 2.00e-02 2.50e+03   2.22e-02 1.97e+01
        pdb=" CG  TRP A 138 "   -0.002 2.00e-02 2.50e+03
        pdb=" CD1 TRP A 138 "    0.007 2.00e-02 2.50e+03
        pdb=" CD2 TRP A 138 "    0.007 2.00e-02 2.50e+03
        pdb=" NE1 TRP A 138 "    0.018 2.00e-02 2.50e+03
        pdb=" CE2 TRP A 138 "    0.007 2.00e-02 2.50e+03
        pdb=" CE3 TRP A 138 "    0.015 2.00e-02 2.50e+03
        pdb=" CZ2 TRP A 138 "   -0.018 2.00e-02 2.50e+03
        pdb=" CZ3 TRP A 138 "    0.006 2.00e-02 2.50e+03
        pdb=" CH2 TRP A 138 "   -0.005 2.00e-02 2.50e+03
        pdb=" HD1 TRP A 138 "    0.007 2.00e-02 2.50e+03
        pdb=" HE1 TRP A 138 "    0.030 2.00e-02 2.50e+03
        pdb=" HE3 TRP A 138 "    0.024 2.00e-02 2.50e+03
        pdb=" HZ2 TRP A 138 "   -0.044 2.00e-02 2.50e+03
        pdb=" HZ3 TRP A 138 "    0.008 2.00e-02 2.50e+03
        pdb=" HH2 TRP A 138 "   -0.002 2.00e-02 2.50e+03
                                 delta    sigma   weight rms_deltas residual
  plane pdb=" CB  TRP A 158 "   -0.025 2.00e-02 2.50e+03   2.00e-02 1.59e+01
        pdb=" CG  TRP A 158 "    0.016 2.00e-02 2.50e+03
        pdb=" CD1 TRP A 158 "   -0.009 2.00e-02 2.50e+03
        pdb=" CD2 TRP A 158 "    0.014 2.00e-02 2.50e+03
        pdb=" NE1 TRP A 158 "    0.019 2.00e-02 2.50e+03
        pdb=" CE2 TRP A 158 "    0.006 2.00e-02 2.50e+03
        pdb=" CE3 TRP A 158 "    0.013 2.00e-02 2.50e+03
        pdb=" CZ2 TRP A 158 "   -0.005 2.00e-02 2.50e+03
        pdb=" CZ3 TRP A 158 "    0.001 2.00e-02 2.50e+03
        pdb=" CH2 TRP A 158 "   -0.013 2.00e-02 2.50e+03
        pdb=" HD1 TRP A 158 "   -0.041 2.00e-02 2.50e+03
        pdb=" HE1 TRP A 158 "    0.039 2.00e-02 2.50e+03
        pdb=" HE3 TRP A 158 "    0.020 2.00e-02 2.50e+03
        pdb=" HZ2 TRP A 158 "   -0.008 2.00e-02 2.50e+03
        pdb=" HZ3 TRP A 158 "    0.001 2.00e-02 2.50e+03
        pdb=" HH2 TRP A 158 "   -0.027 2.00e-02 2.50e+03
                                 delta    sigma   weight rms_deltas residual
  plane pdb=" CB  PHE A 104 "   -0.011 2.00e-02 2.50e+03   2.24e-02 1.51e+01
        pdb=" CG  PHE A 104 "    0.014 2.00e-02 2.50e+03
        pdb=" CD1 PHE A 104 "   -0.004 2.00e-02 2.50e+03
        pdb=" CD2 PHE A 104 "    0.015 2.00e-02 2.50e+03
        pdb=" CE1 PHE A 104 "    0.003 2.00e-02 2.50e+03
        pdb=" CE2 PHE A 104 "   -0.016 2.00e-02 2.50e+03
        pdb=" CZ  PHE A 104 "    0.007 2.00e-02 2.50e+03
        pdb=" HD1 PHE A 104 "   -0.023 2.00e-02 2.50e+03
        pdb=" HD2 PHE A 104 "    0.035 2.00e-02 2.50e+03
        pdb=" HE1 PHE A 104 "    0.006 2.00e-02 2.50e+03
        pdb=" HE2 PHE A 104 "   -0.052 2.00e-02 2.50e+03
        pdb=" HZ  PHE A 104 "    0.025 2.00e-02 2.50e+03
  ... (remaining 389 not shown)

  Histogram of nonbonded interaction distances:
        1.72 -     2.29: 681
        2.29 -     2.87: 6851
        2.87 -     3.45: 8622
        3.45 -     4.02: 12541
        4.02 -     4.60: 18183
  Nonbonded interactions: 46878
  Sorted by model distance:
  nonbonded pdb=" HE  ARG A 154 "
            pdb=" O   HOH A 346 "
     model   vdw
     1.718 1.850
  nonbonded pdb="HH11 ARG A 119 "
            pdb=" O   HOH A 291 "
     model   vdw
     1.761 1.850
  nonbonded pdb=" HG1 THR A 151 "
            pdb=" O   HOH A 368 "
     model   vdw
     1.765 1.850
  nonbonded pdb=" HD2 ARG A 145 "
            pdb="HH11 ARG A 145 "
     model   vdw
     1.767 2.270
  nonbonded pdb="HD22 ASN A  53 "
            pdb="HD21 ASN A  55 "
     model   vdw sym.op.
     1.774 2.100 x-y+1,-y+2,-z+4/3
  ... (remaining 46873 not shown)

  NOTE: a complete listing of the restraints can be obtained by requesting
        output of .geo file.

End of input processing

  Symmetric amino acids flipped
    Residue "A TYR  139": "CD1" <-> "CD2" "CE1" <-> "CE2" "HD1" <-> "HD2" "HE1" <-> "HE2"
  Time to flip residues: 0.00s

  Monomer Library directory:
    "/home/liuyoujia/phenix-dev-4176/modules/chem_data/mon_lib"
  Total number of atoms: 2893
  Number of models: 1
  Model: ""
    Number of chains: 2
    Chain: "A"
      Number of atoms: 2642
      Number of conformers: 1
      Conformer: ""
        Number of residues, atoms: 164, 2642
          Classifications: {'peptide': 164}
          Modifications used: {'COO': 1, 'NH3': 1}
          Link IDs: {'PTRANS': 3, 'TRANS': 160}
    Chain: "A"
      Number of atoms: 251
      Number of conformers: 1
      Conformer: ""
        Number of residues, atoms: 225, 251
          Unusual residues: {'MTN': 1}
          Classifications: {'undetermined': 1, 'water': 224}
          Link IDs: {None: 224}
          Unresolved non-hydrogen bonds: 4
          Unresolved non-hydrogen angles: 7
  Time building chain proxies: 0.42, per 1000 atoms: 0.15
  Number of scatterers: 2893
  At special positions: 0
  Unit cell: (59.777, 59.777, 95.373, 90, 90, 120)
  Space group: P 32 2 1 (No. 154)
  Number of sites at special positions: 0
  Number of scattering types: 5
    Type Number    sf(0)
     S       7     16.00
     O     466      8.00
     N     239      7.00
     C     832      6.00
     H    1349      1.00
    sf(0) = scattering factor at diffraction angle 0.


=============================== Model properties ==============================

   Number of:
     all atoms      : 2893
     H or D atoms   : 1349
     chains         : 2
     a.a. residues  : 164
     nucleotides    : 0
     water          : 224
     other (ligands): 1
   Ligands: MTN:1

============================= Geometry restraints =============================


                        ----------Bond lengths----------                       

  All restrained atoms within 4.0 sigma of ideal values.

  Min. delta:    0.000 (Z=  0.000)
  Max. delta:    0.076 (Z=  2.533)
  Mean delta:    0.008 (Z=  0.396)

                        ----------Bond angles----------                        

  All restrained atoms within 4.0 sigma of ideal values.

  Min. delta:    0.001 (Z=  0.000)
  Max. delta:    5.069 (Z=  2.663)
  Mean delta:    0.941 (Z=  0.547)

                      ----------Dihedral angles----------                      

  All restrained atoms within 4.0 sigma of ideal values.

  Min. delta:    0.030
  Max. delta:   72.334
  Mean delta:   13.663

                       ----------Chiral volumes----------                      

  All restrained atoms within 4.0 sigma of ideal values.

  Min. delta:    0.000
  Max. delta:    0.202
  Mean delta:    0.065

                       ----------Planar groups----------                       

  All restrained atoms within 4.0 sigma of ideal values.

  Min. delta:    0.000
  Max. delta:    0.059
  Mean delta:    0.010

============================= Hydrogen validation =============================


                ----------H/D atoms in the input model----------               

  Total number of hydrogen atoms : 1349
  Total number of deuterium atoms: 0
  Number of H atoms (protein)    : 1334
  Number of D atoms (protein)    : 0
  Number of H atoms (water)      : 0
  Number of D atoms (water)      : 0
  Number of H atoms (other)      : 15
  Number of D atoms (other)      : 0

                      ----------Water molecules----------                      

  Number of water                            : 224
  Number of water with 0 H (or D)            : 224
  Number of water with 1 H (or D)            : 0
  Number of water with 2 H (or D)            : 0
  Number of water in alternative conformation: 0
  Number of water without oxygen atom        : 0

                    ----------MISSING H or D atoms----------                   

  CYS A 115  conformer  : HG 
  MTN A 200  conformer  : H1, H4, H3 

============================ Molprobity validation ============================


  Geometry Restraints Library: GeoStd + Monomer Library + CDL v1.2
  Deviations from Ideal Values.
    Bond      :  0.008   0.076   1340
    Angle     :  0.941   5.069   1809
    Chirality :  0.065   0.202    199
    Planarity :  0.010   0.059    232
    Dihedral  : 13.663  72.334    505
    Min Nonbonded Distance : 1.845
  
  Molprobity Statistics.
    All-atom Clashscore : 2.25
    Ramachandran Plot:
      Outliers :  0.00 %
      Allowed  :  1.85 %
      Favored  : 98.15 %
    Rotamer Outliers :  0.00 %
    Cbeta Deviations :  0.00 %
    Peptide Plane:
      Cis-proline     : 0.00 %
      Cis-general     : 0.00 %
      Twisted Proline : 0.00 %
      Twisted General : 0.00 %
  
  Rama-Z (Ramachandran plot Z-score):
  Interpretation: bad |Rama-Z| > 3; suspicious 2 < |Rama-Z| < 3; good |Rama-Z| < 2.
  Scores for whole/helix/sheet/loop are scaled independently;
  therefore, the values are not related in a simple manner.
    whole:  0.83 (0.62), residues: 162
    helix:  0.85 (0.45), residues: 116
    sheet:  None (None), residues: 0
    loop :  0.05 (0.91), residues: 46

                     ----------Asn/Gln/His flips----------                     

  No backwards Asn/Gln/His sidechains found.

=================================== Summary ===================================

  Ramachandran outliers =   0.00 %
                favored =  98.15 %
  Rotamer outliers      =   0.00 %
  C-beta deviations     =     0
  Clashscore            =   2.25
  RMS(bonds)            =   0.0080
  RMS(angles)           =   0.94
  MolProbity score      =   1.00
  Resolution            =   1.40
  R-work                =   0.1394
  R-free                =   0.1725
  Refinement program    = PHENIX

Results written to molprobity.out
Wrote script for Coot: molprobity_coot.py
