
=============================== Model properties ==============================

   Number of:
     all atoms      : 2893
     H or D atoms   : 1349
     chains         : 2
     a.a. residues  : 164
     nucleotides    : 0
     water          : 224
     other (ligands): 1
   Ligands: MTN:1

============================= Geometry restraints =============================


                        ----------Bond lengths----------                       

  All restrained atoms within 4.0 sigma of ideal values.

  Min. delta:    0.000 (Z=  0.000)
  Max. delta:    0.076 (Z=  2.533)
  Mean delta:    0.008 (Z=  0.396)

                        ----------Bond angles----------                        

  All restrained atoms within 4.0 sigma of ideal values.

  Min. delta:    0.001 (Z=  0.000)
  Max. delta:    5.069 (Z=  2.663)
  Mean delta:    0.941 (Z=  0.547)

                      ----------Dihedral angles----------                      

  All restrained atoms within 4.0 sigma of ideal values.

  Min. delta:    0.030
  Max. delta:   72.334
  Mean delta:   13.663

                       ----------Chiral volumes----------                      

  All restrained atoms within 4.0 sigma of ideal values.

  Min. delta:    0.000
  Max. delta:    0.202
  Mean delta:    0.065

                       ----------Planar groups----------                       

  All restrained atoms within 4.0 sigma of ideal values.

  Min. delta:    0.000
  Max. delta:    0.059
  Mean delta:    0.010

============================= Hydrogen validation =============================


                ----------H/D atoms in the input model----------               

  Total number of hydrogen atoms : 1349
  Total number of deuterium atoms: 0
  Number of H atoms (protein)    : 1334
  Number of D atoms (protein)    : 0
  Number of H atoms (water)      : 0
  Number of D atoms (water)      : 0
  Number of H atoms (other)      : 15
  Number of D atoms (other)      : 0

                      ----------Water molecules----------                      

  Number of water                            : 224
  Number of water with 0 H (or D)            : 224
  Number of water with 1 H (or D)            : 0
  Number of water with 2 H (or D)            : 0
  Number of water in alternative conformation: 0
  Number of water without oxygen atom        : 0

                    ----------MISSING H or D atoms----------                   

  CYS A 115  conformer  : HG 
  MTN A 200  conformer  : H1, H4, H3 

============================ Molprobity validation ============================


  Geometry Restraints Library: GeoStd + Monomer Library + CDL v1.2
  Deviations from Ideal Values.
    Bond      :  0.008   0.076   1340
    Angle     :  0.941   5.069   1809
    Chirality :  0.065   0.202    199
    Planarity :  0.010   0.059    232
    Dihedral  : 13.663  72.334    505
    Min Nonbonded Distance : 1.845
  
  Molprobity Statistics.
    All-atom Clashscore : 2.25
    Ramachandran Plot:
      Outliers :  0.00 %
      Allowed  :  1.85 %
      Favored  : 98.15 %
    Rotamer Outliers :  0.00 %
    Cbeta Deviations :  0.00 %
    Peptide Plane:
      Cis-proline     : 0.00 %
      Cis-general     : 0.00 %
      Twisted Proline : 0.00 %
      Twisted General : 0.00 %
  
  Rama-Z (Ramachandran plot Z-score):
  Interpretation: bad |Rama-Z| > 3; suspicious 2 < |Rama-Z| < 3; good |Rama-Z| < 2.
  Scores for whole/helix/sheet/loop are scaled independently;
  therefore, the values are not related in a simple manner.
    whole:  0.83 (0.62), residues: 162
    helix:  0.85 (0.45), residues: 116
    sheet:  None (None), residues: 0
    loop :  0.05 (0.91), residues: 46

                     ----------Asn/Gln/His flips----------                     

  No backwards Asn/Gln/His sidechains found.

=================================== Summary ===================================

  Ramachandran outliers =   0.00 %
                favored =  98.15 %
  Rotamer outliers      =   0.00 %
  C-beta deviations     =     0
  Clashscore            =   2.25
  RMS(bonds)            =   0.0080
  RMS(angles)           =   0.94
  MolProbity score      =   1.00
  Resolution            =   1.40
  R-work                =   0.1394
  R-free                =   0.1725
  Refinement program    = PHENIX
