
============================== Collecting inputs ==============================


                   ----------Processing PDB file(s)----------                  


  Symmetric amino acids flipped
    None
  Time to flip residues: 0.00s

  Monomer Library directory:
    "/home/liuyoujia/phenix-dev-4176/modules/chem_data/mon_lib"
  Total number of atoms: 5366
  Number of models: 1
  Model: ""
    Number of chains: 6
    Chain: "A"
      Number of atoms: 2638
      Number of conformers: 1
      Conformer: ""
        Number of residues, atoms: 164, 2638
          Classifications: {'peptide': 164}
          Modifications used: {'NH3': 1}
          Link IDs: {'PTRANS': 3, 'TRANS': 160}
    Chain: "B"
      Number of atoms: 2605
      Number of conformers: 1
      Conformer: ""
        Number of residues, atoms: 162, 2605
          Classifications: {'peptide': 162}
          Modifications used: {'NH3': 1}
          Link IDs: {'PTRANS': 3, 'TRANS': 158}
    Chain: "A"
      Number of atoms: 28
      Number of conformers: 1
      Conformer: ""
        Number of residues, atoms: 2, 28
          Unusual residues: {'MTN': 1, ' CL': 1}
          Classifications: {'undetermined': 2}
          Link IDs: {None: 1}
          Unresolved non-hydrogen bonds: 4
          Unresolved non-hydrogen angles: 7
    Chain: "B"
      Number of atoms: 27
      Number of conformers: 1
      Conformer: ""
        Number of residues, atoms: 1, 27
          Unusual residues: {'MTN': 1}
          Classifications: {'undetermined': 1}
          Unresolved non-hydrogen bonds: 4
          Unresolved non-hydrogen angles: 7
    Chain: "A"
      Number of atoms: 33
      Number of conformers: 1
      Conformer: ""
        Number of residues, atoms: 33, 33
          Classifications: {'water': 33}
          Link IDs: {None: 32}
    Chain: "B"
      Number of atoms: 35
      Number of conformers: 1
      Conformer: ""
        Number of residues, atoms: 35, 35
          Classifications: {'water': 35}
          Link IDs: {None: 34}
  Time building chain proxies: 0.65, per 1000 atoms: 0.12
  Number of scatterers: 5366
  At special positions: 0
  Unit cell: (51.941, 53.328, 58.607, 90, 102.93, 90)
  Space group: P 1 21 1 (No. 4)
  Number of sites at special positions: 0
  Number of scattering types: 6
    Type Number    sf(0)
     Cl      1     17.00
     S      14     16.00
     O     549      8.00
     N     475      7.00
     C    1652      6.00
     H    2675      1.00
    sf(0) = scattering factor at diffraction angle 0.

  Number of disulfides: simple=0, symmetry=0
  Custom bonds:
    Warning: Ignoring bond with distance_ideal = None:
      atom_selection_1 = None
      atom_selection_2 = None
    Total number of added/changed bonds: 0
  Custom angles:
    Warning: Ignoring angle with angle_ideal = None:
      atom_selection_1 = None
      atom_selection_2 = None
      atom_selection_3 = None
    Total number of new custom angles: 0
    Total number of changed angles: 0
  Custom dihedrals:
    Warning: Ignoring dihedral with angle_ideal = None:
      atom_selection_1 = None
      atom_selection_2 = None
      atom_selection_3 = None
      atom_selection_4 = None
    Total number of custom dihedrals: 0
  Custom planarities:
    Warning: Ignoring planarity with with sigma <= 0:
      atom_selection = None
None
    Total number of custom planarities: 0
  Custom parallelities:
Warning: Ignoring parallelity with empty atom selection.
    Total number of custom parallelities: 0
  Custom bonds:
    Warning: Ignoring bond with distance_ideal = None:
      atom_selection_1 = None
      atom_selection_2 = None
    Total number of added/changed bonds: 0
  Custom angles:
    Warning: Ignoring angle with angle_ideal = None:
      atom_selection_1 = None
      atom_selection_2 = None
      atom_selection_3 = None
    Total number of new custom angles: 0
    Total number of changed angles: 0
  Custom dihedrals:
    Warning: Ignoring dihedral with angle_ideal = None:
      atom_selection_1 = None
      atom_selection_2 = None
      atom_selection_3 = None
      atom_selection_4 = None
    Total number of custom dihedrals: 0
  Custom planarities:
    Warning: Ignoring planarity with with sigma <= 0:
      atom_selection = None
None
    Total number of custom planarities: 0
  Custom parallelities:
Warning: Ignoring parallelity with empty atom selection.
    Total number of custom parallelities: 0

  Automatic linking
    Parameters for automatic linking
      Linking & cutoffs
        Metal                : Auto  - 3.50
        Amimo acid           : False - 1.90
        Carbohydrate         : True  - 1.99
        Ligands              : True  - 1.99
        Small molecules      : False - 1.98
        Amino acid - RNA/DNA : False
      
  Number of custom bonds: simple=2, symmetry=0
  Number of additional bonds: simple=2, symmetry=0
  Coordination:
  Other bonds:
  Time building additional restraints: 0.97
  Switching to conformation-dependent library
  Conformation dependent library (CDL) restraints added in 126.9 milliseconds
  
  Adding C-beta torsion restraints...
  Number of C-beta restraints generated:  608

  Time building geometry restraints manager: 1.07 seconds

  NOTE: a complete listing of the restraints can be obtained by requesting
        output of .geo file.

  Histogram of bond lengths:
        0.84 -     1.04: 2675
        1.04 -     1.25: 374
        1.25 -     1.45: 784
        1.45 -     1.66: 1480
        1.66 -     1.86: 24
  Bond restraints: 5337
  Sorted by residual:
  bond pdb=" SD  MET B 102 "
       pdb=" CE  MET B 102 "
    ideal  model  delta    sigma   weight residual
    1.791  1.707  0.084 2.50e-02 1.60e+03 1.13e+01
  bond pdb=" C   LEU A 164 "
       pdb=" O   LEU A 164 "
    ideal  model  delta    sigma   weight residual
    1.231  1.173  0.058 2.00e-02 2.50e+03 8.51e+00
  bond pdb=" CB  VAL B  94 "
       pdb=" CG2 VAL B  94 "
    ideal  model  delta    sigma   weight residual
    1.521  1.606 -0.085 3.30e-02 9.18e+02 6.63e+00
  bond pdb=" CA  LEU A 164 "
       pdb=" CB  LEU A 164 "
    ideal  model  delta    sigma   weight residual
    1.530  1.580 -0.050 2.00e-02 2.50e+03 6.27e+00
  bond pdb=" CB  VAL B 103 "
       pdb=" CG1 VAL B 103 "
    ideal  model  delta    sigma   weight residual
    1.521  1.596 -0.075 3.30e-02 9.18e+02 5.14e+00
  ... (remaining 5332 not shown)

  Histogram of bond angle deviations from ideal:
       95.13 -   102.91: 20
      102.91 -   110.68: 5466
      110.68 -   118.46: 1805
      118.46 -   126.24: 2309
      126.24 -   134.02: 38
  Bond angle restraints: 9638
  Sorted by residual:
  angle pdb=" N   LEU A 164 "
        pdb=" CA  LEU A 164 "
        pdb=" C   LEU A 164 "
      ideal   model   delta    sigma   weight residual
     111.00  125.01  -14.01 2.80e+00 1.28e-01 2.50e+01
  angle pdb=" C   LEU A 164 "
        pdb=" CA  LEU A 164 "
        pdb=" CB  LEU A 164 "
      ideal   model   delta    sigma   weight residual
     110.10  101.75    8.35 1.90e+00 2.77e-01 1.93e+01
  angle pdb=" N   LEU A 164 "
        pdb=" CA  LEU A 164 "
        pdb=" HA  LEU A 164 "
      ideal   model   delta    sigma   weight residual
     110.00   97.68   12.32 3.00e+00 1.11e-01 1.69e+01
  angle pdb=" CB  LEU A 164 "
        pdb=" CA  LEU A 164 "
        pdb=" HA  LEU A 164 "
      ideal   model   delta    sigma   weight residual
     109.00  121.06  -12.06 3.00e+00 1.11e-01 1.62e+01
  angle pdb=" CG  ARG A  80 "
        pdb=" CD  ARG A  80 "
        pdb=" NE  ARG A  80 "
      ideal   model   delta    sigma   weight residual
     112.00  103.38    8.62 2.20e+00 2.07e-01 1.53e+01
  ... (remaining 9633 not shown)

  Histogram of dihedral angle deviations from ideal:
        0.00 -    14.88: 1825
       14.88 -    29.75: 206
       29.75 -    44.63: 57
       44.63 -    59.51: 19
       59.51 -    74.38: 2
  Dihedral angle restraints: 2109
    sinusoidal: 1025
      harmonic: 1084
  Sorted by residual:
  dihedral pdb=" CA  ASP A  92 "
           pdb=" CB  ASP A  92 "
           pdb=" CG  ASP A  92 "
           pdb=" OD1 ASP A  92 "
      ideal   model   delta sinusoidal    sigma   weight residual
     -30.00  -87.25   57.25     1      2.00e+01 2.50e-03 1.10e+01
  dihedral pdb=" CA  GLU B  64 "
           pdb=" CB  GLU B  64 "
           pdb=" CG  GLU B  64 "
           pdb=" CD  GLU B  64 "
      ideal   model   delta sinusoidal    sigma   weight residual
    -180.00 -121.44  -58.56     3      1.50e+01 4.44e-03 9.47e+00
  dihedral pdb=" CB  MET B   6 "
           pdb=" CG  MET B   6 "
           pdb=" SD  MET B   6 "
           pdb=" CE  MET B   6 "
      ideal   model   delta sinusoidal    sigma   weight residual
     -60.00 -117.32   57.32     3      1.50e+01 4.44e-03 9.43e+00
  ... (remaining 2106 not shown)

  Histogram of chiral volume deviations from ideal:
       0.000 -    0.041: 212
       0.041 -    0.081: 129
       0.081 -    0.122: 37
       0.122 -    0.162: 13
       0.162 -    0.202: 4
  Chirality restraints: 395
  Sorted by residual:
  chirality pdb=" CA  LEU A 164 "
            pdb=" N   LEU A 164 "
            pdb=" C   LEU A 164 "
            pdb=" CB  LEU A 164 "
    both_signs  ideal   model   delta    sigma   weight residual
      False      2.51    2.31    0.20 2.00e-01 2.50e+01 1.02e+00
  chirality pdb=" CB  ILE A  27 "
            pdb=" CA  ILE A  27 "
            pdb=" CG1 ILE A  27 "
            pdb=" CG2 ILE A  27 "
    both_signs  ideal   model   delta    sigma   weight residual
      False      2.64    2.84   -0.20 2.00e-01 2.50e+01 9.79e-01
  chirality pdb=" CG  LEU A  79 "
            pdb=" CB  LEU A  79 "
            pdb=" CD1 LEU A  79 "
            pdb=" CD2 LEU A  79 "
    both_signs  ideal   model   delta    sigma   weight residual
      False     -2.59   -2.42   -0.17 2.00e-01 2.50e+01 7.43e-01
  ... (remaining 392 not shown)

  Planarity restraints: 777
  Sorted by residual:
                                 delta    sigma   weight rms_deltas residual
  plane pdb=" CB  TYR A  18 "    0.010 2.00e-02 2.50e+03   2.71e-02 2.20e+01
        pdb=" CG  TYR A  18 "   -0.007 2.00e-02 2.50e+03
        pdb=" CD1 TYR A  18 "   -0.016 2.00e-02 2.50e+03
        pdb=" CD2 TYR A  18 "    0.010 2.00e-02 2.50e+03
        pdb=" CE1 TYR A  18 "    0.011 2.00e-02 2.50e+03
        pdb=" CE2 TYR A  18 "   -0.017 2.00e-02 2.50e+03
        pdb=" CZ  TYR A  18 "   -0.028 2.00e-02 2.50e+03
        pdb=" OH  TYR A  18 "    0.011 2.00e-02 2.50e+03
        pdb=" HD1 TYR A  18 "   -0.040 2.00e-02 2.50e+03
        pdb=" HD2 TYR A  18 "    0.042 2.00e-02 2.50e+03
        pdb=" HE1 TYR A  18 "    0.053 2.00e-02 2.50e+03
        pdb=" HE2 TYR A  18 "   -0.029 2.00e-02 2.50e+03
                                 delta    sigma   weight rms_deltas residual
  plane pdb=" CB  TRP A 138 "    0.016 2.00e-02 2.50e+03   2.30e-02 2.11e+01
        pdb=" CG  TRP A 138 "    0.012 2.00e-02 2.50e+03
        pdb=" CD1 TRP A 138 "   -0.010 2.00e-02 2.50e+03
        pdb=" CD2 TRP A 138 "    0.009 2.00e-02 2.50e+03
        pdb=" NE1 TRP A 138 "   -0.013 2.00e-02 2.50e+03
        pdb=" CE2 TRP A 138 "    0.026 2.00e-02 2.50e+03
        pdb=" CE3 TRP A 138 "    0.006 2.00e-02 2.50e+03
        pdb=" CZ2 TRP A 138 "    0.024 2.00e-02 2.50e+03
        pdb=" CZ3 TRP A 138 "   -0.019 2.00e-02 2.50e+03
        pdb=" CH2 TRP A 138 "   -0.001 2.00e-02 2.50e+03
        pdb=" HD1 TRP A 138 "   -0.021 2.00e-02 2.50e+03
        pdb=" HE1 TRP A 138 "   -0.036 2.00e-02 2.50e+03
        pdb=" HE3 TRP A 138 "    0.021 2.00e-02 2.50e+03
        pdb=" HZ2 TRP A 138 "    0.038 2.00e-02 2.50e+03
        pdb=" HZ3 TRP A 138 "   -0.048 2.00e-02 2.50e+03
        pdb=" HH2 TRP A 138 "   -0.005 2.00e-02 2.50e+03
                                 delta    sigma   weight rms_deltas residual
  plane pdb=" CB  TRP A 158 "    0.043 2.00e-02 2.50e+03   1.99e-02 1.59e+01
        pdb=" CG  TRP A 158 "    0.023 2.00e-02 2.50e+03
        pdb=" CD1 TRP A 158 "   -0.015 2.00e-02 2.50e+03
        pdb=" CD2 TRP A 158 "    0.005 2.00e-02 2.50e+03
        pdb=" NE1 TRP A 158 "    0.004 2.00e-02 2.50e+03
        pdb=" CE2 TRP A 158 "   -0.007 2.00e-02 2.50e+03
        pdb=" CE3 TRP A 158 "   -0.009 2.00e-02 2.50e+03
        pdb=" CZ2 TRP A 158 "   -0.000 2.00e-02 2.50e+03
        pdb=" CZ3 TRP A 158 "   -0.006 2.00e-02 2.50e+03
        pdb=" CH2 TRP A 158 "    0.005 2.00e-02 2.50e+03
        pdb=" HD1 TRP A 158 "   -0.048 2.00e-02 2.50e+03
        pdb=" HE1 TRP A 158 "    0.021 2.00e-02 2.50e+03
        pdb=" HE3 TRP A 158 "   -0.018 2.00e-02 2.50e+03
        pdb=" HZ2 TRP A 158 "    0.000 2.00e-02 2.50e+03
        pdb=" HZ3 TRP A 158 "   -0.014 2.00e-02 2.50e+03
        pdb=" HH2 TRP A 158 "    0.017 2.00e-02 2.50e+03
  ... (remaining 774 not shown)

  Histogram of nonbonded interaction distances:
        1.24 -     1.91: 72
        1.91 -     2.59: 5852
        2.59 -     3.26: 17772
        3.26 -     3.93: 22944
        3.93 -     4.60: 35713
  Nonbonded interactions: 82353
  Sorted by model distance:
  nonbonded pdb=" HZ2 LYS A  35 "
            pdb=" O   HOH A 313 "
     model   vdw
     1.243 1.850
  nonbonded pdb=" H   GLY B 110 "
            pdb=" O   HOH B 404 "
     model   vdw
     1.350 1.850
  nonbonded pdb="HD22 ASN B  55 "
            pdb=" O   HOH B 402 "
     model   vdw
     1.356 1.850
  nonbonded pdb=" O   ARG A  76 "
            pdb=" O   HOH A 320 "
     model   vdw
     1.476 2.200
  nonbonded pdb="HH22 ARG A  80 "
            pdb=" O   HOH B 422 "
     model   vdw
     1.487 1.850
  ... (remaining 82348 not shown)

  NOTE: a complete listing of the restraints can be obtained by requesting
        output of .geo file.

End of input processing

  Symmetric amino acids flipped
    None
  Time to flip residues: 0.00s

  Monomer Library directory:
    "/home/liuyoujia/phenix-dev-4176/modules/chem_data/mon_lib"
  Total number of atoms: 5366
  Number of models: 1
  Model: ""
    Number of chains: 6
    Chain: "A"
      Number of atoms: 2638
      Number of conformers: 1
      Conformer: ""
        Number of residues, atoms: 164, 2638
          Classifications: {'peptide': 164}
          Modifications used: {'NH3': 1}
          Link IDs: {'PTRANS': 3, 'TRANS': 160}
    Chain: "B"
      Number of atoms: 2605
      Number of conformers: 1
      Conformer: ""
        Number of residues, atoms: 162, 2605
          Classifications: {'peptide': 162}
          Modifications used: {'NH3': 1}
          Link IDs: {'PTRANS': 3, 'TRANS': 158}
    Chain: "A"
      Number of atoms: 28
      Number of conformers: 1
      Conformer: ""
        Number of residues, atoms: 2, 28
          Unusual residues: {'MTN': 1, ' CL': 1}
          Classifications: {'undetermined': 2}
          Link IDs: {None: 1}
          Unresolved non-hydrogen bonds: 4
          Unresolved non-hydrogen angles: 7
    Chain: "B"
      Number of atoms: 27
      Number of conformers: 1
      Conformer: ""
        Number of residues, atoms: 1, 27
          Unusual residues: {'MTN': 1}
          Classifications: {'undetermined': 1}
          Unresolved non-hydrogen bonds: 4
          Unresolved non-hydrogen angles: 7
    Chain: "A"
      Number of atoms: 33
      Number of conformers: 1
      Conformer: ""
        Number of residues, atoms: 33, 33
          Classifications: {'water': 33}
          Link IDs: {None: 32}
    Chain: "B"
      Number of atoms: 35
      Number of conformers: 1
      Conformer: ""
        Number of residues, atoms: 35, 35
          Classifications: {'water': 35}
          Link IDs: {None: 34}
  Time building chain proxies: 0.67, per 1000 atoms: 0.12
  Number of scatterers: 5366
  At special positions: 0
  Unit cell: (51.941, 53.328, 58.607, 90, 102.93, 90)
  Space group: P 1 21 1 (No. 4)
  Number of sites at special positions: 0
  Number of scattering types: 6
    Type Number    sf(0)
     Cl      1     17.00
     S      14     16.00
     O     549      8.00
     N     475      7.00
     C    1652      6.00
     H    2675      1.00
    sf(0) = scattering factor at diffraction angle 0.


=============================== Model properties ==============================

   Number of:
     all atoms      : 5366
     H or D atoms   : 2675
     chains         : 6
     a.a. residues  : 326
     nucleotides    : 0
     water          : 68
     other (ligands): 3
   Ligands: MTN:2,CL:1

============================= Geometry restraints =============================


                        ----------Bond lengths----------                       

  All restrained atoms within 4.0 sigma of ideal values.

  Min. delta:    0.000 (Z=  0.000)
  Max. delta:    0.085 (Z=  6.397)
  Mean delta:    0.013 (Z=  0.762)

                        ----------Bond angles----------                        

  atoms                   ideal    model    delta   sigma  residual   deviation
   A 164  LEU  C      
   A 164  LEU  CA     
   A 164  LEU  CB        110.10   101.75     8.35  1.90e+00  1.93e+01   4.4*sigma
   A 164  LEU  N      
   A 164  LEU  CA     
   A 164  LEU  C         111.00   125.01   -14.01  2.80e+00  2.50e+01   5.0*sigma

  Min. delta:    0.000 (Z=  0.000)
  Max. delta:   14.007 (Z=  5.002)
  Mean delta:    1.264 (Z=  0.666)

                      ----------Dihedral angles----------                      

  All restrained atoms within 4.0 sigma of ideal values.

  Min. delta:    0.015
  Max. delta:   74.382
  Mean delta:   15.489

                       ----------Chiral volumes----------                      

  All restrained atoms within 4.0 sigma of ideal values.

  Min. delta:    0.000
  Max. delta:    0.202
  Mean delta:    0.058

                       ----------Planar groups----------                       

  All restrained atoms within 4.0 sigma of ideal values.

  Min. delta:    0.000
  Max. delta:    0.067
  Mean delta:    0.010

============================= Hydrogen validation =============================


                ----------H/D atoms in the input model----------               

  Total number of hydrogen atoms : 2675
  Total number of deuterium atoms: 0
  Number of H atoms (protein)    : 2645
  Number of D atoms (protein)    : 0
  Number of H atoms (water)      : 0
  Number of D atoms (water)      : 0
  Number of H atoms (other)      : 30
  Number of D atoms (other)      : 0

                      ----------Water molecules----------                      

  Number of water                            : 68
  Number of water with 0 H (or D)            : 68
  Number of water with 1 H (or D)            : 0
  Number of water with 2 H (or D)            : 0
  Number of water in alternative conformation: 0
  Number of water without oxygen atom        : 0

                    ----------MISSING H or D atoms----------                   

  HIS A  31  conformer  : HE2 
  CYS A  75  conformer  : HG 
  HIS B  31  conformer  : HE2 
  CYS B  75  conformer  : HG 
  MTN A 201  conformer  : H1, H4, H3 
  MTN B 300  conformer  : H1, H4, H3 

                       ----------Angle outliers----------                      

   A 164  LEU  HA , Angle CB-CA-HA, observed: 121.059, delta from target: -12.059
   A 164  LEU  HA , Angle N-CA-HA, observed: 97.680, delta from target: 12.320

============================ Molprobity validation ============================


  Geometry Restraints Library: GeoStd + Monomer Library + CDL v1.2
  Deviations from Ideal Values.
    Bond      :  0.013   0.085   2662
    Angle     :  1.264  14.007   3592
    Chirality :  0.058   0.202    395
    Planarity :  0.010   0.067    459
    Dihedral  : 15.489  74.382   1002
    Min Nonbonded Distance : 1.476
  
  Molprobity Statistics.
    All-atom Clashscore : 12.65
    Ramachandran Plot:
      Outliers :  0.00 %
      Allowed  :  2.80 %
      Favored  : 97.20 %
    Rotamer Outliers :  0.37 %
    Cbeta Deviations :  0.00 %
    Peptide Plane:
      Cis-proline     : 0.00 %
      Cis-general     : 0.00 %
      Twisted Proline : 0.00 %
      Twisted General : 0.00 %
  
  Rama-Z (Ramachandran plot Z-score):
  Interpretation: bad |Rama-Z| > 3; suspicious 2 < |Rama-Z| < 3; good |Rama-Z| < 2.
  Scores for whole/helix/sheet/loop are scaled independently;
  therefore, the values are not related in a simple manner.
    whole: -2.03 (0.40), residues: 322
    helix: -1.19 (0.29), residues: 230
    sheet:  None (None), residues: 0
    loop : -1.26 (0.63), residues: 92

                     ----------Asn/Gln/His flips----------                     

  No backwards Asn/Gln/His sidechains found.

=================================== Summary ===================================

  Ramachandran outliers =   0.00 %
                favored =  97.20 %
  Rotamer outliers      =   0.37 %
  C-beta deviations     =     0
  Clashscore            =  12.65
  RMS(bonds)            =   0.0131
  RMS(angles)           =   1.26
  MolProbity score      =   1.76
  Resolution            =   2.00
  R-work                =   0.2298
  R-free                =   0.2961
  Refinement program    = PHENIX

Results written to molprobity.out
Wrote script for Coot: molprobity_coot.py
